This is pdfTeX, Version 3.1415926-2.3-1.40.12 (TeX Live 2011/Cygwin) (format=pdflatex 2012.5.9)  16 FEB 2013 15:58
entering extended mode
 restricted \write18 enabled.
 %&-line parsing enabled.
**document.tex
(./document.tex
LaTeX2e <2011/06/27>
Babel <v3.8m> and hyphenation patterns for english, dumylang, nohyphenation, ge
rman-x-2011-07-01, ngerman-x-2011-07-01, afrikaans, ancientgreek, ibycus, arabi
c, armenian, basque, bulgarian, catalan, pinyin, coptic, croatian, czech, danis
h, dutch, ukenglish, usenglishmax, esperanto, estonian, ethiopic, farsi, finnis
h, french, galician, german, ngerman, swissgerman, monogreek, greek, hungarian,
 icelandic, assamese, bengali, gujarati, hindi, kannada, malayalam, marathi, or
iya, panjabi, tamil, telugu, indonesian, interlingua, irish, italian, kurmanji,
 lao, latin, latvian, lithuanian, mongolian, mongolianlmc, bokmal, nynorsk, pol
ish, portuguese, romanian, russian, sanskrit, serbian, serbianc, slovak, sloven
ian, spanish, swedish, turkish, turkmen, ukrainian, uppersorbian, welsh, loaded
.
(/usr/share/texmf-dist/tex/latex/base/article.cls
Document Class: article 2007/10/19 v1.4h Standard LaTeX document class
(/usr/share/texmf-dist/tex/latex/base/size10.clo
File: size10.clo 2007/10/19 v1.4h Standard LaTeX file (size option)
)
\c@part=\count79
\c@section=\count80
\c@subsection=\count81
\c@subsubsection=\count82
\c@paragraph=\count83
\c@subparagraph=\count84
\c@figure=\count85
\c@table=\count86
\abovecaptionskip=\skip41
\belowcaptionskip=\skip42
\bibindent=\dimen102
) (./aaai.sty
Conference Style for AAAI for LaTeX 2e -- version of 1 December 2012
\titlebox=\skip43
) (/usr/share/texmf-dist/tex/latex/psnfss/times.sty
Package: times 2005/04/12 PSNFSS-v9.2a (SPQR) 
)
(/usr/share/texmf-dist/tex/latex/psnfss/helvet.sty
Package: helvet 2005/04/12 PSNFSS-v9.2a (WaS) 

(/usr/share/texmf-dist/tex/latex/graphics/keyval.sty
Package: keyval 1999/03/16 v1.13 key=value parser (DPC)
\KV@toks@=\toks14
))
(/usr/share/texmf-dist/tex/latex/psnfss/courier.sty
Package: courier 2005/04/12 PSNFSS-v9.2a (WaS) 
)
(/usr/share/texmf-dist/tex/latex/amsmath/amsmath.sty
Package: amsmath 2000/07/18 v2.13 AMS math features
\@mathmargin=\skip44

For additional information on amsmath, use the `?' option.
(/usr/share/texmf-dist/tex/latex/amsmath/amstext.sty
Package: amstext 2000/06/29 v2.01

(/usr/share/texmf-dist/tex/latex/amsmath/amsgen.sty
File: amsgen.sty 1999/11/30 v2.0
\@emptytoks=\toks15
\ex@=\dimen103
))
(/usr/share/texmf-dist/tex/latex/amsmath/amsbsy.sty
Package: amsbsy 1999/11/29 v1.2d
\pmbraise@=\dimen104
)
(/usr/share/texmf-dist/tex/latex/amsmath/amsopn.sty
Package: amsopn 1999/12/14 v2.01 operator names
)
\inf@bad=\count87
LaTeX Info: Redefining \frac on input line 211.
\uproot@=\count88
\leftroot@=\count89
LaTeX Info: Redefining \overline on input line 307.
\classnum@=\count90
\DOTSCASE@=\count91
LaTeX Info: Redefining \ldots on input line 379.
LaTeX Info: Redefining \dots on input line 382.
LaTeX Info: Redefining \cdots on input line 467.
\Mathstrutbox@=\box26
\strutbox@=\box27
\big@size=\dimen105
LaTeX Font Info:    Redeclaring font encoding OML on input line 567.
LaTeX Font Info:    Redeclaring font encoding OMS on input line 568.
\macc@depth=\count92
\c@MaxMatrixCols=\count93
\dotsspace@=\muskip10
\c@parentequation=\count94
\dspbrk@lvl=\count95
\tag@help=\toks16
\row@=\count96
\column@=\count97
\maxfields@=\count98
\andhelp@=\toks17
\eqnshift@=\dimen106
\alignsep@=\dimen107
\tagshift@=\dimen108
\tagwidth@=\dimen109
\totwidth@=\dimen110
\lineht@=\dimen111
\@envbody=\toks18
\multlinegap=\skip45
\multlinetaggap=\skip46
\mathdisplay@stack=\toks19
LaTeX Info: Redefining \[ on input line 2666.
LaTeX Info: Redefining \] on input line 2667.
)
(/usr/share/texmf-dist/tex/latex/amsfonts/amsfonts.sty
Package: amsfonts 2009/06/22 v3.00 Basic AMSFonts support
\symAMSa=\mathgroup4
\symAMSb=\mathgroup5
LaTeX Font Info:    Overwriting math alphabet `\mathfrak' in version `bold'
(Font)                  U/euf/m/n --> U/euf/b/n on input line 96.
)
(/usr/share/texmf-dist/tex/latex/amsfonts/amssymb.sty
Package: amssymb 2009/06/22 v3.00
)
(/usr/share/texmf-dist/tex/latex/amscls/amsthm.sty
Package: amsthm 2009/07/02 v2.20.1
\thm@style=\toks20
\thm@bodyfont=\toks21
\thm@headfont=\toks22
\thm@notefont=\toks23
\thm@headpunct=\toks24
\thm@preskip=\skip47
\thm@postskip=\skip48
\thm@headsep=\skip49
\dth@everypar=\toks25
)
(/usr/share/texmf-dist/tex/latex/tools/array.sty
Package: array 2008/09/09 v2.4c Tabular extension package (FMi)
\col@sep=\dimen112
\extrarowheight=\dimen113
\NC@list=\toks26
\extratabsurround=\skip50
\backup@length=\skip51
)
(/usr/share/texmf-dist/tex/latex/subfig/subfig.sty
Package: subfig 2005/06/28 ver: 1.3 subfig package

(/usr/share/texmf-dist/tex/latex/caption/caption.sty
Package: caption 2011/11/10 v3.2e Customizing captions (AR)

(/usr/share/texmf-dist/tex/latex/caption/caption3.sty
Package: caption3 2011/11/01 v1.4a caption3 kernel (AR)
\captionmargin=\dimen114
\captionmargin@=\dimen115
\captionwidth=\dimen116
\caption@indent=\dimen117
\caption@parindent=\dimen118
\caption@hangindent=\dimen119
)
\c@ContinuedFloat=\count99
)
\c@KVtest=\count100
\sf@farskip=\skip52
\sf@captopadj=\dimen120
\sf@capskip=\skip53
\sf@nearskip=\skip54
\c@subfigure=\count101
\c@subfigure@save=\count102
\c@lofdepth=\count103
\c@subtable=\count104
\c@subtable@save=\count105
\c@lotdepth=\count106
\sf@top=\skip55
\sf@bottom=\skip56
)
(/usr/share/texmf-dist/tex/latex/graphics/graphicx.sty
Package: graphicx 1999/02/16 v1.0f Enhanced LaTeX Graphics (DPC,SPQR)

(/usr/share/texmf-dist/tex/latex/graphics/graphics.sty
Package: graphics 2009/02/05 v1.0o Standard LaTeX Graphics (DPC,SPQR)

(/usr/share/texmf-dist/tex/latex/graphics/trig.sty
Package: trig 1999/03/16 v1.09 sin cos tan (DPC)
)
(/usr/share/texmf-dist/tex/latex/latexconfig/graphics.cfg
File: graphics.cfg 2010/04/23 v1.9 graphics configuration of TeX Live
)
Package graphics Info: Driver file: pdftex.def on input line 91.

(/usr/share/texmf-dist/tex/latex/pdftex-def/pdftex.def
File: pdftex.def 2011/05/27 v0.06d Graphics/color for pdfTeX

(/usr/share/texmf-dist/tex/generic/oberdiek/infwarerr.sty
Package: infwarerr 2010/04/08 v1.3 Providing info/warning/message (HO)
)
(/usr/share/texmf-dist/tex/generic/oberdiek/ltxcmds.sty
Package: ltxcmds 2011/04/18 v1.20 LaTeX kernel commands for general use (HO)
)
\Gread@gobject=\count107
))
\Gin@req@height=\dimen121
\Gin@req@width=\dimen122
)
(/usr/share/texmf-dist/tex/latex/oberdiek/epstopdf.sty
Package: epstopdf 2010/02/09 v2.5 Conversion with epstopdf on the fly (HO)

(/usr/share/texmf-dist/tex/latex/oberdiek/epstopdf-base.sty
Package: epstopdf-base 2010/02/09 v2.5 Base part for package epstopdf

(/usr/share/texmf-dist/tex/latex/oberdiek/grfext.sty
Package: grfext 2010/08/19 v1.1 Managing graphics extensions (HO)

(/usr/share/texmf-dist/tex/generic/oberdiek/kvdefinekeys.sty
Package: kvdefinekeys 2011/04/07 v1.3 Defining keys (HO)
))
(/usr/share/texmf-dist/tex/latex/oberdiek/kvoptions.sty
Package: kvoptions 2010/12/23 v3.10 Keyval support for LaTeX options (HO)

(/usr/share/texmf-dist/tex/generic/oberdiek/kvsetkeys.sty
Package: kvsetkeys 2011/04/07 v1.13 Key value parser (HO)

(/usr/share/texmf-dist/tex/generic/oberdiek/etexcmds.sty
Package: etexcmds 2011/02/16 v1.5 Prefix for e-TeX command names (HO)

(/usr/share/texmf-dist/tex/generic/oberdiek/ifluatex.sty
Package: ifluatex 2010/03/01 v1.3 Provides the ifluatex switch (HO)
Package ifluatex Info: LuaTeX not detected.
)
Package etexcmds Info: Could not find \expanded.
(etexcmds)             That can mean that you are not using pdfTeX 1.50 or
(etexcmds)             that some package has redefined \expanded.
(etexcmds)             In the latter case, load this package earlier.
)))
(/usr/share/texmf-dist/tex/generic/oberdiek/pdftexcmds.sty
Package: pdftexcmds 2011/04/22 v0.16 Utilities of pdfTeX for LuaTeX (HO)

(/usr/share/texmf-dist/tex/generic/oberdiek/ifpdf.sty
Package: ifpdf 2011/01/30 v2.3 Provides the ifpdf switch (HO)
Package ifpdf Info: pdfTeX in PDF mode is detected.
)
Package pdftexcmds Info: LuaTeX not detected.
Package pdftexcmds Info: \pdf@primitive is available.
Package pdftexcmds Info: \pdf@ifprimitive is available.
Package pdftexcmds Info: \pdfdraftmode found.
)
Package grfext Info: Graphics extension search list:
(grfext)             [.png,.pdf,.jpg,.mps,.jpeg,.jbig2,.jb2,.PNG,.PDF,.JPG,.JPE
G,.JBIG2,.JB2,.eps]
(grfext)             \AppendGraphicsExtensions on input line 452.

(/usr/share/texmf-dist/tex/latex/latexconfig/epstopdf-sys.cfg
File: epstopdf-sys.cfg 2010/07/13 v1.3 Configuration of (r)epstopdf for TeX Liv
e
)))
(./document.aux)
\openout1 = `document.aux'.

LaTeX Font Info:    Checking defaults for OML/cmm/m/it on input line 50.
LaTeX Font Info:    ... okay on input line 50.
LaTeX Font Info:    Checking defaults for T1/cmr/m/n on input line 50.
LaTeX Font Info:    ... okay on input line 50.
LaTeX Font Info:    Checking defaults for OT1/cmr/m/n on input line 50.
LaTeX Font Info:    ... okay on input line 50.
LaTeX Font Info:    Checking defaults for OMS/cmsy/m/n on input line 50.
LaTeX Font Info:    ... okay on input line 50.
LaTeX Font Info:    Checking defaults for OMX/cmex/m/n on input line 50.
LaTeX Font Info:    ... okay on input line 50.
LaTeX Font Info:    Checking defaults for U/cmr/m/n on input line 50.
LaTeX Font Info:    ... okay on input line 50.
LaTeX Font Info:    Try loading font information for OT1+ptm on input line 50.
 (/usr/share/texmf-dist/tex/latex/psnfss/ot1ptm.fd
File: ot1ptm.fd 2001/06/04 font definitions for OT1/ptm.
)
Package caption Info: Begin \AtBeginDocument code.
Package caption Info: subfig package v1.3 is loaded.
Package caption Info: End \AtBeginDocument code.

(/usr/share/texmf-dist/tex/context/base/supp-pdf.mkii
[Loading MPS to PDF converter (version 2006.09.02).]
\scratchcounter=\count108
\scratchdimen=\dimen123
\scratchbox=\box28
\nofMPsegments=\count109
\nofMParguments=\count110
\everyMPshowfont=\toks27
\MPscratchCnt=\count111
\MPscratchDim=\dimen124
\MPnumerator=\count112
\makeMPintoPDFobject=\count113
\everyMPtoPDFconversion=\toks28
)
LaTeX Font Info:    Font shape `OT1/ptm/bx/n' in size <14.4> not available
(Font)              Font shape `OT1/ptm/b/n' tried instead on input line 55.
LaTeX Font Info:    Try loading font information for U+msa on input line 55.
 (/usr/share/texmf-dist/tex/latex/amsfonts/umsa.fd
File: umsa.fd 2009/06/22 v3.00 AMS symbols A
)
LaTeX Font Info:    Try loading font information for U+msb on input line 55.

(/usr/share/texmf-dist/tex/latex/amsfonts/umsb.fd
File: umsb.fd 2009/06/22 v3.00 AMS symbols B
)
LaTeX Font Info:    Font shape `OT1/ptm/bx/n' in size <12> not available
(Font)              Font shape `OT1/ptm/b/n' tried instead on input line 55.
LaTeX Font Info:    Try loading font information for OMS+ptm on input line 55.

(/usr/share/texmf-dist/tex/latex/psnfss/omsptm.fd
File: omsptm.fd 
)
LaTeX Font Info:    Font shape `OMS/ptm/m/n' in size <9> not available
(Font)              Font shape `OMS/cmsy/m/n' tried instead on input line 55.
LaTeX Font Info:    Font shape `OT1/ptm/bx/n' in size <10> not available
(Font)              Font shape `OT1/ptm/b/n' tried instead on input line 57.
 (./abstract.tex)
(./intro.tex

LaTeX Warning: Citation `sorec' on page 1 undefined on input line 10.


LaTeX Warning: Citation `ste' on page 1 undefined on input line 10.


LaTeX Warning: Citation `lla' on page 1 undefined on input line 10.


LaTeX Warning: Citation `Goel2012structure' on page 1 undefined on input line 1
2.


LaTeX Warning: Citation `Romero2011hashtag' on page 1 undefined on input line 1
2.


LaTeX Warning: Citation `Bakshy2012chamber' on page 1 undefined on input line 1
2.


LaTeX Warning: Citation `anonymous' on page 1 undefined on input line 23.

! Undefined control sequence.
\TODO #1-> {\color 
                   {blue}{\bf TODO:~{#1}}} 
l.45 \TODO{add table-of-content?}
                                 
? 
) (./data-description.tex [1{/var/lib/texmf/fonts/map/pdftex/updmap/pdftex.map}



]

LaTeX Warning: Reference `tab:interactions' on page 2 undefined on input line 4
1.


LaTeX Warning: Reference `tab:likeinfo' on page 2 undefined on input line 41.


LaTeX Warning: Reference `tab:interactions' on page 2 undefined on input line 4
2.


LaTeX Warning: Reference `tab:demographics' on page 2 undefined on input line 4
4.


LaTeX Warning: Reference `tab:interests' on page 2 undefined on input line 45.


LaTeX Warning: Reference `tab:likeinfo' on page 2 undefined on input line 49.

LaTeX Font Info:    Font shape `OT1/ptm/bx/n' in size <10.95> not available
(Font)              Font shape `OT1/ptm/b/n' tried instead on input line 53.
LaTeX Font Info:    Font shape `OMS/ptm/m/n' in size <10> not available
(Font)              Font shape `OMS/cmsy/m/n' tried instead on input line 56.

LaTeX Warning: Citation `saez2011high' on page 2 undefined on input line 62.

LaTeX Font Info:    Font shape `OT1/ptm/bx/n' in size <9> not available
(Font)              Font shape `OT1/ptm/b/n' tried instead on input line 91.

Overfull \hbox (18.75471pt too wide) in paragraph at lines 89--114
 [][] 
 []


Underfull \hbox (badness 2744) in paragraph at lines 166--166
[]\OT1/ptm/m/n/10 Table 4: |Dataset break-down by friend/non-friend and
 []

) (./methodology.tex

LaTeX Warning: Citation `Panigrahy2012ubr' on page 2 undefined on input line 3.



LaTeX Warning: Citation `Goel2012structure' on page 2 undefined on input line 4
.


LaTeX Warning: Citation `Wilson2012BSG' on page 2 undefined on input line 5.

[2]
Underfull \hbox (badness 10000) in paragraph at lines 16--19
[]$[] \OT1/cmr/m/n/10 =
 []


Underfull \hbox (badness 10000) in paragraph at lines 16--19
\OMS/cmsy/m/n/10 f\OML/cmm/m/it/10 link; post; photo; video\OMS/cmsy/m/n/10 g ^
^B
 []


Underfull \hbox (badness 10000) in paragraph at lines 28--30

 []


Overfull \hbox (20.2867pt too wide) in paragraph at lines 50--56
[]$\OML/cmm/m/it/10 X[] \OT1/cmr/m/n/10 = []$ 
 []


Underfull \hbox (badness 3492) in paragraph at lines 57--58
\OT1/ptm/m/n/10 Additionally we add friend fea-ture which en-codes
 []


Underfull \hbox (badness 2435) in paragraph at lines 58--67
[]\OT1/ptm/b/n/10 Activity So-cial Affin-ity Fea-tures \OT1/ptm/m/n/10 : We de-
fine ac-
 []


Underfull \hbox (badness 1515) in paragraph at lines 58--67
\OT1/ptm/m/n/10 tiv-ity affin-ity fea-tures for tar-get user $\OML/cmm/m/it/10 
u$ \OT1/ptm/m/n/10 and item $\OML/cmm/m/it/10 i$
 []


Underfull \hbox (badness 10000) in paragraph at lines 58--67

 []


Overfull \hbox (7.60617pt too wide) in paragraph at lines 58--67
\OML/cmm/m/it/10 X[] \OT1/cmr/m/n/10 = []$
 []


LaTeX Warning: Citation `liblinear' on page 3 undefined on input line 70.


LaTeX Warning: Citation `SMB' on page 3 undefined on input line 73.

) (./affinity_filtering.tex

LaTeX Warning: Reference `***' on page 3 undefined on input line 21.

[3]

LaTeX Warning: Reference `Fig1' on page 4 undefined on input line 28.


LaTeX Warning: Reference `Fig1' on page 4 undefined on input line 37.


LaTeX Warning: Reference `Fig1' on page 4 undefined on input line 47.


LaTeX Warning: Reference `tab:interests' on page 4 undefined on input line 51.


LaTeX Warning: Citation `Noel2012NOF' on page 4 undefined on input line 59.


LaTeX Warning: Citation `lla' on page 4 undefined on input line 63.


LaTeX Warning: Citation `socinf' on page 4 undefined on input line 63.


LaTeX Warning: Citation `sr' on page 4 undefined on input line 63.


LaTeX Warning: Citation `rrmf' on page 4 undefined on input line 63.


LaTeX Warning: Citation `spectral' on page 4 undefined on input line 63.


LaTeX Warning: Citation `sorec' on page 4 undefined on input line 63.


LaTeX Warning: Citation `ste' on page 4 undefined on input line 63.

Package epstopdf Info: Source file: <data/plots/accuracy/accuracy.eps>
(epstopdf)                    date: 2013-02-16 12:56:09
(epstopdf)                    size: 55673 bytes
(epstopdf)             Output file: <data/plots/accuracy/accuracy-eps-converted
-to.pdf>
(epstopdf)                    date: 2013-02-16 12:56:09
(epstopdf)                    size: 21862 bytes
(epstopdf)             Command: <repstopdf --outfile=data/plots/accuracy/accura
cy-eps-converted-to.pdf data/plots/accuracy/accuracy.eps>
(epstopdf)             \includegraphics on input line 95.
Package epstopdf Info: Output file is already uptodate.

<data/plots/accuracy/accuracy-eps-converted-to.pdf, id=25, 1601.985pt x 436.631
26pt>
File: data/plots/accuracy/accuracy-eps-converted-to.pdf Graphic file (type pdf)

 <use data/plots/accuracy/accuracy-eps-converted-to.pdf>
Package pdftex.def Info: data/plots/accuracy/accuracy-eps-converted-to.pdf used
 on input line 95.
(pdftex.def)             Requested size: 654.42258pt x 142.26324pt.

Overfull \hbox (148.53258pt too wide) in paragraph at lines 95--96
 [][] 
 []

) (./interaction_analysis.tex

LaTeX Warning: Reference `Fig2' on page 4 undefined on input line 3.


LaTeX Warning: Reference `Fig2' on page 4 undefined on input line 5.


LaTeX Warning: Citation `saez2011high' on page 4 undefined on input line 12.

Package epstopdf Info: Source file: <data/plots/vsk/ModalityActionsvsKFriends.e
ps>
(epstopdf)                    date: 2013-02-16 12:55:06
(epstopdf)                    size: 54962 bytes
(epstopdf)             Output file: <data/plots/vsk/ModalityActionsvsKFriends-e
ps-converted-to.pdf>
(epstopdf)                    date: 2013-02-16 12:55:06
(epstopdf)                    size: 26936 bytes
(epstopdf)             Command: <repstopdf --outfile=data/plots/vsk/ModalityAct
ionsvsKFriends-eps-converted-to.pdf data/plots/vsk/ModalityActionsvsKFriends.ep
s>
(epstopdf)             \includegraphics on input line 27.
Package epstopdf Info: Output file is already uptodate.

<data/plots/vsk/ModalityActionsvsKFriends-eps-converted-to.pdf, id=26, 1483.542
5pt x 456.70625pt>
File: data/plots/vsk/ModalityActionsvsKFriends-eps-converted-to.pdf Graphic fil
e (type pdf)

<use data/plots/vsk/ModalityActionsvsKFriends-eps-converted-to.pdf>
Package pdftex.def Info: data/plots/vsk/ModalityActionsvsKFriends-eps-converted
-to.pdf used on input line 27.
(pdftex.def)             Requested size: 455.23021pt x 113.80693pt.
)
(./activity_analysis.tex

LaTeX Warning: Reference `Fig3' on page 4 undefined on input line 8.


Underfull \hbox (badness 1270) in paragraph at lines 8--12
\OT1/ptm/m/n/10 tropy/logistic re-gres-sion weights and size of ac-tiv-ity
 []


LaTeX Warning: Reference `Fig4' on page 4 undefined on input line 12.


LaTeX Warning: Reference `Fig4' on page 4 undefined on input line 17.


LaTeX Warning: Reference `Fig5' on page 4 undefined on input line 20.

Package epstopdf Info: Source file: <data/plots/scatterplots/vssize/CEvsGroupSi
ze.eps>
(epstopdf)                    date: 2013-02-16 12:55:45
(epstopdf)                    size: 199628 bytes
(epstopdf)             Output file: <data/plots/scatterplots/vssize/CEvsGroupSi
ze-eps-converted-to.pdf>
(epstopdf)                    date: 2013-02-16 12:55:45
(epstopdf)                    size: 177805 bytes
(epstopdf)             Command: <repstopdf --outfile=data/plots/scatterplots/vs
size/CEvsGroupSize-eps-converted-to.pdf data/plots/scatterplots/vssize/CEvsGrou
pSize.eps>
(epstopdf)             \includegraphics on input line 30.
Package epstopdf Info: Output file is already uptodate.

<data/plots/scatterplots/vssize/CEvsGroupSize-eps-converted-to.pdf, id=27, 578.
16pt x 433.62pt>
File: data/plots/scatterplots/vssize/CEvsGroupSize-eps-converted-to.pdf Graphic
 file (type pdf)

<use data/plots/scatterplots/vssize/CEvsGroupSize-eps-converted-to.pdf>
Package pdftex.def Info: data/plots/scatterplots/vssize/CEvsGroupSize-eps-conve
rted-to.pdf used on input line 30.
(pdftex.def)             Requested size: 113.80379pt x 71.12737pt.
Package epstopdf Info: Source file: <data/plots/scatterplots/vssize/CEvsPageSiz
e.eps>
(epstopdf)                    date: 2013-02-16 12:55:45
(epstopdf)                    size: 599564 bytes
(epstopdf)             Output file: <data/plots/scatterplots/vssize/CEvsPageSiz
e-eps-converted-to.pdf>
(epstopdf)                    date: 2013-02-16 12:55:45
(epstopdf)                    size: 607682 bytes
(epstopdf)             Command: <repstopdf --outfile=data/plots/scatterplots/vs
size/CEvsPageSize-eps-converted-to.pdf data/plots/scatterplots/vssize/CEvsPageS
ize.eps>
(epstopdf)             \includegraphics on input line 31.
Package epstopdf Info: Output file is already uptodate.

<data/plots/scatterplots/vssize/CEvsPageSize-eps-converted-to.pdf, id=28, 578.1
6pt x 433.62pt>
File: data/plots/scatterplots/vssize/CEvsPageSize-eps-converted-to.pdf Graphic 
file (type pdf)

<use data/plots/scatterplots/vssize/CEvsPageSize-eps-converted-to.pdf>
Package pdftex.def Info: data/plots/scatterplots/vssize/CEvsPageSize-eps-conver
ted-to.pdf used on input line 31.
(pdftex.def)             Requested size: 113.80379pt x 71.12737pt.
Package epstopdf Info: Source file: <data/plots/scatterplots/vssize/CEvsFavSize
.eps>
(epstopdf)                    date: 2013-02-16 12:55:45
(epstopdf)                    size: 240445 bytes
(epstopdf)             Output file: <data/plots/scatterplots/vssize/CEvsFavSize
-eps-converted-to.pdf>
(epstopdf)                    date: 2013-02-16 12:55:45
(epstopdf)                    size: 239159 bytes
(epstopdf)             Command: <repstopdf --outfile=data/plots/scatterplots/vs
size/CEvsFavSize-eps-converted-to.pdf data/plots/scatterplots/vssize/CEvsFavSiz
e.eps>
(epstopdf)             \includegraphics on input line 32.
Package epstopdf Info: Output file is already uptodate.

<data/plots/scatterplots/vssize/CEvsFavSize-eps-converted-to.pdf, id=29, 578.16
pt x 433.62pt>
File: data/plots/scatterplots/vssize/CEvsFavSize-eps-converted-to.pdf Graphic f
ile (type pdf)

<use data/plots/scatterplots/vssize/CEvsFavSize-eps-converted-to.pdf>
Package pdftex.def Info: data/plots/scatterplots/vssize/CEvsFavSize-eps-convert
ed-to.pdf used on input line 32.
(pdftex.def)             Requested size: 113.80379pt x 71.12737pt.
Package epstopdf Info: Source file: <data/plots/scatterplots/LRweights/LRweight
vsGroupSize.eps>
(epstopdf)                    date: 2013-02-16 12:56:09
(epstopdf)                    size: 200825 bytes
(epstopdf)             Output file: <data/plots/scatterplots/LRweights/LRweight
vsGroupSize-eps-converted-to.pdf>
(epstopdf)                    date: 2013-02-16 12:56:09
(epstopdf)                    size: 188590 bytes
(epstopdf)             Command: <repstopdf --outfile=data/plots/scatterplots/LR
weights/LRweightvsGroupSize-eps-converted-to.pdf data/plots/scatterplots/LRweig
hts/LRweightvsGroupSize.eps>
(epstopdf)             \includegraphics on input line 33.
Package epstopdf Info: Output file is already uptodate.

<data/plots/scatterplots/LRweights/LRweightvsGroupSize-eps-converted-to.pdf, id
=30, 578.16pt x 433.62pt>
File: data/plots/scatterplots/LRweights/LRweightvsGroupSize-eps-converted-to.pd
f Graphic file (type pdf)

<use data/plots/scatterplots/LRweights/LRweightvsGroupSize-eps-converted-to.pdf
>
Package pdftex.def Info: data/plots/scatterplots/LRweights/LRweightvsGroupSize-
eps-converted-to.pdf used on input line 33.
(pdftex.def)             Requested size: 113.80379pt x 71.12737pt.
Package epstopdf Info: Source file: <data/plots/scatterplots/LRweights/LRweight
vsPageSize.eps>
(epstopdf)                    date: 2013-02-16 12:56:09
(epstopdf)                    size: 599119 bytes
(epstopdf)             Output file: <data/plots/scatterplots/LRweights/LRweight
vsPageSize-eps-converted-to.pdf>
(epstopdf)                    date: 2013-02-16 12:56:09
(epstopdf)                    size: 624500 bytes
(epstopdf)             Command: <repstopdf --outfile=data/plots/scatterplots/LR
weights/LRweightvsPageSize-eps-converted-to.pdf data/plots/scatterplots/LRweigh
ts/LRweightvsPageSize.eps>
(epstopdf)             \includegraphics on input line 34.
Package epstopdf Info: Output file is already uptodate.

<data/plots/scatterplots/LRweights/LRweightvsPageSize-eps-converted-to.pdf, id=
31, 578.16pt x 433.62pt>
File: data/plots/scatterplots/LRweights/LRweightvsPageSize-eps-converted-to.pdf
 Graphic file (type pdf)

<use data/plots/scatterplots/LRweights/LRweightvsPageSize-eps-converted-to.pdf>
Package pdftex.def Info: data/plots/scatterplots/LRweights/LRweightvsPageSize-e
ps-converted-to.pdf used on input line 34.
(pdftex.def)             Requested size: 113.80379pt x 71.12737pt.
Package epstopdf Info: Source file: <data/plots/scatterplots/LRweights/LRweight
vsFavouriteSize.eps>
(epstopdf)                    date: 2013-02-16 12:56:09
(epstopdf)                    size: 240490 bytes
(epstopdf)             Output file: <data/plots/scatterplots/LRweights/LRweight
vsFavouriteSize-eps-converted-to.pdf>
(epstopdf)                    date: 2013-02-16 12:56:09
(epstopdf)                    size: 249738 bytes
(epstopdf)             Command: <repstopdf --outfile=data/plots/scatterplots/LR
weights/LRweightvsFavouriteSize-eps-converted-to.pdf data/plots/scatterplots/LR
weights/LRweightvsFavouriteSize.eps>
(epstopdf)             \includegraphics on input line 35.
Package epstopdf Info: Output file is already uptodate.

<data/plots/scatterplots/LRweights/LRweightvsFavouriteSize-eps-converted-to.pdf
, id=32, 578.16pt x 433.62pt>
File: data/plots/scatterplots/LRweights/LRweightvsFavouriteSize-eps-converted-t
o.pdf Graphic file (type pdf)

<use data/plots/scatterplots/LRweights/LRweightvsFavouriteSize-eps-converted-to
.pdf>
Package pdftex.def Info: data/plots/scatterplots/LRweights/LRweightvsFavouriteS
ize-eps-converted-to.pdf used on input line 35.
(pdftex.def)             Requested size: 113.80379pt x 71.12737pt.
Package epstopdf Info: Source file: <data/plots/cumulativeEntropy/CEvsGroupSize
_Top300Features_30bins.eps>
(epstopdf)                    date: 2013-02-16 12:55:05
(epstopdf)                    size: 27940 bytes
(epstopdf)             Output file: <data/plots/cumulativeEntropy/CEvsGroupSize
_Top300Features_30bins-eps-converted-to.pdf>
(epstopdf)                    date: 2013-02-16 12:55:05
(epstopdf)                    size: 18440 bytes
(epstopdf)             Command: <repstopdf --outfile=data/plots/cumulativeEntro
py/CEvsGroupSize_Top300Features_30bins-eps-converted-to.pdf data/plots/cumulati
veEntropy/CEvsGroupSize_Top300Features_30bins.eps>
(epstopdf)             \includegraphics on input line 46.
Package epstopdf Info: Output file is already uptodate.

<data/plots/cumulativeEntropy/CEvsGroupSize_Top300Features_30bins-eps-converted
-to.pdf, id=33, 578.16pt x 433.62pt>
File: data/plots/cumulativeEntropy/CEvsGroupSize_Top300Features_30bins-eps-conv
erted-to.pdf Graphic file (type pdf)

<use data/plots/cumulativeEntropy/CEvsGroupSize_Top300Features_30bins-eps-conve
rted-to.pdf>
Package pdftex.def Info: data/plots/cumulativeEntropy/CEvsGroupSize_Top300Featu
res_30bins-eps-converted-to.pdf used on input line 46.
(pdftex.def)             Requested size: 144.53964pt x 108.40472pt.
Package epstopdf Info: Source file: <data/plots/cumulativeEntropy/CEvsPageSize_
Top800Features_3000bins.eps>
(epstopdf)                    date: 2013-02-16 12:55:05
(epstopdf)                    size: 35002 bytes
(epstopdf)             Output file: <data/plots/cumulativeEntropy/CEvsPageSize_
Top800Features_3000bins-eps-converted-to.pdf>
(epstopdf)                    date: 2013-02-16 12:55:05
(epstopdf)                    size: 18931 bytes
(epstopdf)             Command: <repstopdf --outfile=data/plots/cumulativeEntro
py/CEvsPageSize_Top800Features_3000bins-eps-converted-to.pdf data/plots/cumulat
iveEntropy/CEvsPageSize_Top800Features_3000bins.eps>
(epstopdf)             \includegraphics on input line 47.
Package epstopdf Info: Output file is already uptodate.

<data/plots/cumulativeEntropy/CEvsPageSize_Top800Features_3000bins-eps-converte
d-to.pdf, id=34, 578.16pt x 433.62pt>
File: data/plots/cumulativeEntropy/CEvsPageSize_Top800Features_3000bins-eps-con
verted-to.pdf Graphic file (type pdf)

<use data/plots/cumulativeEntropy/CEvsPageSize_Top800Features_3000bins-eps-conv
erted-to.pdf>
Package pdftex.def Info: data/plots/cumulativeEntropy/CEvsPageSize_Top800Featur
es_3000bins-eps-converted-to.pdf used on input line 47.
(pdftex.def)             Requested size: 144.53964pt x 108.40472pt.
Package epstopdf Info: Source file: <data/plots/cumulativeEntropy/CEvsFavSize_T
op800Features_5000bins.eps>
(epstopdf)                    date: 2013-02-16 12:55:05
(epstopdf)                    size: 39374 bytes
(epstopdf)             Output file: <data/plots/cumulativeEntropy/CEvsFavSize_T
op800Features_5000bins-eps-converted-to.pdf>
(epstopdf)                    date: 2013-02-16 12:55:05
(epstopdf)                    size: 20916 bytes
(epstopdf)             Command: <repstopdf --outfile=data/plots/cumulativeEntro
py/CEvsFavSize_Top800Features_5000bins-eps-converted-to.pdf data/plots/cumulati
veEntropy/CEvsFavSize_Top800Features_5000bins.eps>
(epstopdf)             \includegraphics on input line 48.
Package epstopdf Info: Output file is already uptodate.

<data/plots/cumulativeEntropy/CEvsFavSize_Top800Features_5000bins-eps-converted
-to.pdf, id=35, 578.16pt x 433.62pt>
File: data/plots/cumulativeEntropy/CEvsFavSize_Top800Features_5000bins-eps-conv
erted-to.pdf Graphic file (type pdf)

<use data/plots/cumulativeEntropy/CEvsFavSize_Top800Features_5000bins-eps-conve
rted-to.pdf>
Package pdftex.def Info: data/plots/cumulativeEntropy/CEvsFavSize_Top800Feature
s_5000bins-eps-converted-to.pdf used on input line 48.
(pdftex.def)             Requested size: 144.53964pt x 108.40472pt.
Package epstopdf Info: Source file: <data/plots/boxPlots/CEvsFavTypes.eps>
(epstopdf)                    date: 2013-02-16 12:56:11
(epstopdf)                    size: 31638 bytes
(epstopdf)             Output file: <data/plots/boxPlots/CEvsFavTypes-eps-conve
rted-to.pdf>
(epstopdf)                    date: 2013-02-16 12:56:11
(epstopdf)                    size: 19448 bytes
(epstopdf)             Command: <repstopdf --outfile=data/plots/boxPlots/CEvsFa
vTypes-eps-converted-to.pdf data/plots/boxPlots/CEvsFavTypes.eps>
(epstopdf)             \includegraphics on input line 58.
Package epstopdf Info: Output file is already uptodate.

<data/plots/boxPlots/CEvsFavTypes-eps-converted-to.pdf, id=36, 1597.97pt x 434.
62375pt>
File: data/plots/boxPlots/CEvsFavTypes-eps-converted-to.pdf Graphic file (type 
pdf)
 <use data/plots/boxPlots/CEvsFavTypes-eps-converted-to.pdf>
Package pdftex.def Info: data/plots/boxPlots/CEvsFavTypes-eps-converted-to.pdf 
used on input line 58.
(pdftex.def)             Requested size: 512.14111pt x 113.80858pt.

Overfull \hbox (6.25111pt too wide) in paragraph at lines 58--59
 [][] 
 []

) (./document.bbl [4]) [5

 <./data/plots/accuracy/accuracy-eps-converted-to.pdf> <./data/plots/vsk/Modali
tyActionsvsKFriends-eps-converted-to.pdf>] [6 <./data/plots/scatterplots/vssize
/CEvsGroupSize-eps-converted-to.pdf> <./data/plots/scatterplots/vssize/CEvsPage
Size-eps-converted-to.pdf> <./data/plots/scatterplots/vssize/CEvsFavSize-eps-co
nverted-to.pdf> <./data/plots/scatterplots/LRweights/LRweightvsGroupSize-eps-co
nverted-to.pdf> <./data/plots/scatterplots/LRweights/LRweightvsPageSize-eps-con
verted-to.pdf> <./data/plots/scatterplots/LRweights/LRweightvsFavouriteSize-eps
-converted-to.pdf> <./data/plots/cumulativeEntropy/CEvsGroupSize_Top300Features
_30bins-eps-converted-to.pdf> <./data/plots/cumulativeEntropy/CEvsPageSize_Top8
00Features_3000bins-eps-converted-to.pdf> <./data/plots/cumulativeEntropy/CEvsF
avSize_Top800Features_5000bins-eps-converted-to.pdf> <./data/plots/boxPlots/CEv
sFavTypes-eps-converted-to.pdf>] (./document.aux)

LaTeX Warning: There were undefined references.


LaTeX Warning: Label(s) may have changed. Rerun to get cross-references right.

 ) 
Here is how much of TeX's memory you used:
 3877 strings out of 493629
 58690 string characters out of 3148772
 122247 words of memory out of 3000000
 7064 multiletter control sequences out of 15000+200000
 29690 words of font info for 66 fonts, out of 3000000 for 9000
 831 hyphenation exceptions out of 8191
 44i,15n,46p,302b,404s stack positions out of 5000i,500n,10000p,200000b,50000s
{/usr/share/texmf-dist/fonts/enc/dvips/base/8r.enc}</usr/share/texmf-dist/fon
ts/type1/public/amsfonts/cm/cmbx10.pfb></usr/share/texmf-dist/fonts/type1/publi
c/amsfonts/cm/cmex10.pfb></usr/share/texmf-dist/fonts/type1/public/amsfonts/cm/
cmmi10.pfb></usr/share/texmf-dist/fonts/type1/public/amsfonts/cm/cmmi7.pfb></us
r/share/texmf-dist/fonts/type1/public/amsfonts/cm/cmr10.pfb></usr/share/texmf-d
ist/fonts/type1/public/amsfonts/cm/cmr7.pfb></usr/share/texmf-dist/fonts/type1/
public/amsfonts/cm/cmsy10.pfb></usr/share/texmf-dist/fonts/type1/public/amsfont
s/cm/cmsy7.pfb></usr/share/texmf-dist/fonts/type1/public/amsfonts/cm/cmsy9.pfb>
</usr/share/texmf-dist/fonts/type1/public/amsfonts/cm/cmti10.pfb></usr/share/te
xmf-dist/fonts/type1/urw/times/utmb8a.pfb></usr/share/texmf-dist/fonts/type1/ur
w/times/utmr8a.pfb></usr/share/texmf-dist/fonts/type1/urw/times/utmri8a.pfb>
Output written on document.pdf (6 pages, 2336928 bytes).
PDF statistics:
 511 PDF objects out of 1000 (max. 8388607)
 102 compressed objects within 2 object streams
 0 named destinations out of 1000 (max. 500000)
 61 words of extra memory for PDF output out of 10000 (max. 10000000)

