This is pdfTeX, Version 3.1415926-2.4-1.40.13 (TeX Live 2012) (format=pdflatex 2012.6.30)  11 JUN 2013 11:33
entering extended mode
 restricted \write18 enabled.
 %&-line parsing enabled.
**document.tex
(./document.tex
LaTeX2e <2011/06/27>
Babel <v3.8m> and hyphenation patterns for english, dumylang, nohyphenation, ge
rman-x-2012-05-30, ngerman-x-2012-05-30, afrikaans, ancientgreek, ibycus, arabi
c, armenian, basque, bulgarian, catalan, pinyin, coptic, croatian, czech, danis
h, dutch, ukenglish, usenglishmax, esperanto, estonian, ethiopic, farsi, finnis
h, french, friulan, galician, german, ngerman, swissgerman, monogreek, greek, h
ungarian, icelandic, assamese, bengali, gujarati, hindi, kannada, malayalam, ma
rathi, oriya, panjabi, tamil, telugu, indonesian, interlingua, irish, italian, 
kurmanji, latin, latvian, lithuanian, mongolian, mongolianlmc, bokmal, nynorsk,
 polish, portuguese, romanian, romansh, russian, sanskrit, serbian, serbianc, s
lovak, slovenian, spanish, swedish, turkish, turkmen, ukrainian, uppersorbian, 
welsh, loaded.
(./sig-alternate.cls
(/usr/local/texlive/2012/texmf-dist/tex/latex/graphics/epsfig.sty
Package: epsfig 1999/02/16 v1.7a (e)psfig emulation (SPQR)

(/usr/local/texlive/2012/texmf-dist/tex/latex/graphics/graphicx.sty
Package: graphicx 1999/02/16 v1.0f Enhanced LaTeX Graphics (DPC,SPQR)

(/usr/local/texlive/2012/texmf-dist/tex/latex/graphics/keyval.sty
Package: keyval 1999/03/16 v1.13 key=value parser (DPC)
\KV@toks@=\toks14
)
(/usr/local/texlive/2012/texmf-dist/tex/latex/graphics/graphics.sty
Package: graphics 2009/02/05 v1.0o Standard LaTeX Graphics (DPC,SPQR)

(/usr/local/texlive/2012/texmf-dist/tex/latex/graphics/trig.sty
Package: trig 1999/03/16 v1.09 sin cos tan (DPC)
)
(/usr/local/texlive/2012/texmf-dist/tex/latex/latexconfig/graphics.cfg
File: graphics.cfg 2010/04/23 v1.9 graphics configuration of TeX Live
)
Package graphics Info: Driver file: pdftex.def on input line 91.

(/usr/local/texlive/2012/texmf-dist/tex/latex/pdftex-def/pdftex.def
File: pdftex.def 2011/05/27 v0.06d Graphics/color for pdfTeX

(/usr/local/texlive/2012/texmf-dist/tex/generic/oberdiek/infwarerr.sty
Package: infwarerr 2010/04/08 v1.3 Providing info/warning/error messages (HO)
)
(/usr/local/texlive/2012/texmf-dist/tex/generic/oberdiek/ltxcmds.sty
Package: ltxcmds 2011/11/09 v1.22 LaTeX kernel commands for general use (HO)
)
\Gread@gobject=\count79
))
\Gin@req@height=\dimen102
\Gin@req@width=\dimen103
)
\epsfxsize=\dimen104
\epsfysize=\dimen105
)
(/usr/local/texlive/2012/texmf-dist/tex/latex/amsfonts/amssymb.sty
Package: amssymb 2009/06/22 v3.00

(/usr/local/texlive/2012/texmf-dist/tex/latex/amsfonts/amsfonts.sty
Package: amsfonts 2009/06/22 v3.00 Basic AMSFonts support
\@emptytoks=\toks15
\symAMSa=\mathgroup4
\symAMSb=\mathgroup5
LaTeX Font Info:    Overwriting math alphabet `\mathfrak' in version `bold'
(Font)                  U/euf/m/n --> U/euf/b/n on input line 96.
))
(/usr/local/texlive/2012/texmf-dist/tex/latex/amsmath/amsmath.sty
Package: amsmath 2000/07/18 v2.13 AMS math features
\@mathmargin=\skip41

For additional information on amsmath, use the `?' option.
(/usr/local/texlive/2012/texmf-dist/tex/latex/amsmath/amstext.sty
Package: amstext 2000/06/29 v2.01

(/usr/local/texlive/2012/texmf-dist/tex/latex/amsmath/amsgen.sty
File: amsgen.sty 1999/11/30 v2.0
\@emptytoks=\toks16
\ex@=\dimen106
))
(/usr/local/texlive/2012/texmf-dist/tex/latex/amsmath/amsbsy.sty
Package: amsbsy 1999/11/29 v1.2d
\pmbraise@=\dimen107
)
(/usr/local/texlive/2012/texmf-dist/tex/latex/amsmath/amsopn.sty
Package: amsopn 1999/12/14 v2.01 operator names
)
\inf@bad=\count80
LaTeX Info: Redefining \frac on input line 211.
\uproot@=\count81
\leftroot@=\count82
LaTeX Info: Redefining \overline on input line 307.
\classnum@=\count83
\DOTSCASE@=\count84
LaTeX Info: Redefining \ldots on input line 379.
LaTeX Info: Redefining \dots on input line 382.
LaTeX Info: Redefining \cdots on input line 467.
\Mathstrutbox@=\box26
\strutbox@=\box27
\big@size=\dimen108
LaTeX Font Info:    Redeclaring font encoding OML on input line 567.
LaTeX Font Info:    Redeclaring font encoding OMS on input line 568.
\macc@depth=\count85
\c@MaxMatrixCols=\count86
\dotsspace@=\muskip10
\c@parentequation=\count87
\dspbrk@lvl=\count88
\tag@help=\toks17
\row@=\count89
\column@=\count90
\maxfields@=\count91
\andhelp@=\toks18
\eqnshift@=\dimen109
\alignsep@=\dimen110
\tagshift@=\dimen111
\tagwidth@=\dimen112
\totwidth@=\dimen113
\lineht@=\dimen114
\@envbody=\toks19
\multlinegap=\skip42
\multlinetaggap=\skip43
\mathdisplay@stack=\toks20
LaTeX Info: Redefining \[ on input line 2666.
LaTeX Info: Redefining \] on input line 2667.
)
Document Class 'sig-alternate' <23rd. May '12>. Modified by G.K.M. Tobin/Gerry 
Murray
Based in part upon document Style `acmconf' <22 May 89>. Hacked 4/91 by
shivers@cs.cmu.edu, 4/93 by theobald@cs.mcgill.ca
Excerpts were taken from (Journal Style) 'esub2acm.cls'.
****** Bugs/comments/suggestions/technicalities to Gerry Murray -- murray@hq.ac
m.org ******
Questions on the style, SIGS policies, etc. to Adrienne Griscti griscti@acm.org

\footheight=\dimen115
\@maxsep=\dimen116
\@dblmaxsep=\dimen117
\aucount=\count92
\originalaucount=\count93
\auwidth=\dimen118
\auskip=\dimen119
\auskipcount=\count94
\auskip=\dimen120
\allauboxes=\dimen121
\addauthors=\toks21
\addauflag=\count95
\subtitletext=\toks22
\savesection=\count96
\sectioncntr=\count97
\c@figure=\count98
\c@table=\count99
\titleboxnotes=\toks23
\titleboxnoteflag=\count100
Document Class: sig-alternate 2012/05/23 - V2.5 - based on acmproc.cls V1.3 <No
v. 30 '99>
(/usr/local/texlive/2012/texmf-dist/tex/latex/base/latexsym.sty
Package: latexsym 1998/08/17 v2.2e Standard LaTeX package (lasy symbols)
\symlasy=\mathgroup6
LaTeX Font Info:    Overwriting symbol font `lasy' in version `bold'
(Font)                  U/lasy/m/n --> U/lasy/b/n on input line 47.
)
\@acmtitlebox=\box28
\titlenotecount=\count101
\tntoks=\toks24
\tntokstwo=\toks25
\tntoksthree=\toks26
\tntoksfour=\toks27
\tntoksfive=\toks28
\catcount=\count102
\copyrightnotice=\toks29
\conf=\toks30
\confinfo=\toks31
\c@part=\count103
\c@section=\count104
\c@subsection=\count105
\c@subsubsection=\count106
\c@paragraph=\count107

Using 'Abbrev' bibliography style
LaTeX Info: Redefining \cite on input line 1211.
\bibindent=\dimen122
\colcntr=\count108
\saveb@x=\box29
\copyrtyr=\toks32
\acmcopyr=\toks33
\boilerplate=\toks34
\copyrightetc=\toks35
(/usr/local/texlive/2012/texmf-dist/tex/latex/base/fontenc.sty
Package: fontenc 2005/09/27 v1.99g Standard LaTeX package

(/usr/local/texlive/2012/texmf-dist/tex/latex/base/t1enc.def
File: t1enc.def 2005/09/27 v1.99g Standard LaTeX file
LaTeX Font Info:    Redeclaring font encoding T1 on input line 43.
)
LaTeX Font Info:    Try loading font information for T1+aer on input line 100.

(/usr/local/texlive/2012/texmf-dist/tex/latex/ae/t1aer.fd
File: t1aer.fd 1997/11/16 Font definitions for T1/aer.
)))
(/usr/local/texlive/2012/texmf-dist/tex/latex/psnfss/times.sty
Package: times 2005/04/12 PSNFSS-v9.2a (SPQR) 
)
(/usr/local/texlive/2012/texmf-dist/tex/latex/psnfss/helvet.sty
Package: helvet 2005/04/12 PSNFSS-v9.2a (WaS) 
)
(/usr/local/texlive/2012/texmf-dist/tex/latex/psnfss/courier.sty
Package: courier 2005/04/12 PSNFSS-v9.2a (WaS) 
)
(/usr/local/texlive/2012/texmf-dist/tex/latex/tools/array.sty
Package: array 2008/09/09 v2.4c Tabular extension package (FMi)
\col@sep=\dimen123
\extrarowheight=\dimen124
\NC@list=\toks36
\extratabsurround=\skip44
\backup@length=\skip45
)
(/usr/local/texlive/2012/texmf-dist/tex/latex/subfig/subfig.sty
Package: subfig 2005/06/28 ver: 1.3 subfig package

(/usr/local/texlive/2012/texmf-dist/tex/latex/caption/caption.sty
Package: caption 2012/02/19 v3.2f Customizing captions (AR)

(/usr/local/texlive/2012/texmf-dist/tex/latex/caption/caption3.sty
Package: caption3 2012/01/12 v1.4b caption3 kernel (AR)
\captionmargin=\dimen125
\captionmargin@=\dimen126
\captionwidth=\dimen127
\caption@indent=\dimen128
\caption@parindent=\dimen129
\caption@hangindent=\dimen130
\abovecaptionskip=\skip46
\belowcaptionskip=\skip47
Package caption Info: Unknown document class (or package),
(caption)             standard defaults will be used.
)

Package caption Warning: Unsupported document class (or package) detected,
(caption)                usage of the caption package is not recommended.
See the caption package documentation for explanation.

Package caption Info: \@makecaption = \long macro:#1#2-> \vskip 10pt \setbox \@
tempboxa \hbox {\textbf {#1: #2}} \ifdim \wd \@tempboxa >\hsize \textbf {#1: #2
}\par \else \hbox to\hsize {\hfil \box \@tempboxa \hfil } \fi .
\c@ContinuedFloat=\count109
)
\c@KVtest=\count110
\sf@farskip=\skip48
\sf@captopadj=\dimen131
\sf@capskip=\skip49
\sf@nearskip=\skip50
\c@subfigure=\count111
\c@subfigure@save=\count112
\c@lofdepth=\count113
\c@subtable=\count114
\c@subtable@save=\count115
\c@lotdepth=\count116
\sf@top=\skip51
\sf@bottom=\skip52
) (/usr/local/texlive/2012/texmf-dist/tex/latex/oberdiek/epstopdf.sty
Package: epstopdf 2010/02/09 v2.5 Conversion with epstopdf on the fly (HO)

(/usr/local/texlive/2012/texmf-dist/tex/latex/oberdiek/epstopdf-base.sty
Package: epstopdf-base 2010/02/09 v2.5 Base part for package epstopdf

(/usr/local/texlive/2012/texmf-dist/tex/latex/oberdiek/grfext.sty
Package: grfext 2010/08/19 v1.1 Manage graphics extensions (HO)

(/usr/local/texlive/2012/texmf-dist/tex/generic/oberdiek/kvdefinekeys.sty
Package: kvdefinekeys 2011/04/07 v1.3 Define keys (HO)
))
(/usr/local/texlive/2012/texmf-dist/tex/latex/oberdiek/kvoptions.sty
Package: kvoptions 2011/06/30 v3.11 Key value format for package options (HO)

(/usr/local/texlive/2012/texmf-dist/tex/generic/oberdiek/kvsetkeys.sty
Package: kvsetkeys 2012/04/25 v1.16 Key value parser (HO)

(/usr/local/texlive/2012/texmf-dist/tex/generic/oberdiek/etexcmds.sty
Package: etexcmds 2011/02/16 v1.5 Avoid name clashes with e-TeX commands (HO)

(/usr/local/texlive/2012/texmf-dist/tex/generic/oberdiek/ifluatex.sty
Package: ifluatex 2010/03/01 v1.3 Provides the ifluatex switch (HO)
Package ifluatex Info: LuaTeX not detected.
)
Package etexcmds Info: Could not find \expanded.
(etexcmds)             That can mean that you are not using pdfTeX 1.50 or
(etexcmds)             that some package has redefined \expanded.
(etexcmds)             In the latter case, load this package earlier.
)))
(/usr/local/texlive/2012/texmf-dist/tex/generic/oberdiek/pdftexcmds.sty
Package: pdftexcmds 2011/11/29 v0.20 Utility functions of pdfTeX for LuaTeX (HO
)

(/usr/local/texlive/2012/texmf-dist/tex/generic/oberdiek/ifpdf.sty
Package: ifpdf 2011/01/30 v2.3 Provides the ifpdf switch (HO)
Package ifpdf Info: pdfTeX in PDF mode is detected.
)
Package pdftexcmds Info: LuaTeX not detected.
Package pdftexcmds Info: \pdf@primitive is available.
Package pdftexcmds Info: \pdf@ifprimitive is available.
Package pdftexcmds Info: \pdfdraftmode found.
)
Package grfext Info: Graphics extension search list:
(grfext)             [.png,.pdf,.jpg,.mps,.jpeg,.jbig2,.jb2,.PNG,.PDF,.JPG,.JPE
G,.JBIG2,.JB2,.eps]
(grfext)             \AppendGraphicsExtensions on input line 452.

(/usr/local/texlive/2012/texmf-dist/tex/latex/latexconfig/epstopdf-sys.cfg
File: epstopdf-sys.cfg 2010/07/13 v1.3 Configuration of (r)epstopdf for TeX Liv
e
)))
(/usr/local/texlive/2012/texmf-dist/tex/latex/graphics/color.sty
Package: color 2005/11/14 v1.0j Standard LaTeX Color (DPC)

(/usr/local/texlive/2012/texmf-dist/tex/latex/latexconfig/color.cfg
File: color.cfg 2007/01/18 v1.5 color configuration of teTeX/TeXLive
)
Package color Info: Driver file: pdftex.def on input line 130.
)
(/usr/local/texlive/2012/texmf-dist/tex/latex/hyperref/hyperref.sty
Package: hyperref 2012/05/13 v6.82q Hypertext links for LaTeX

(/usr/local/texlive/2012/texmf-dist/tex/generic/oberdiek/hobsub-hyperref.sty
Package: hobsub-hyperref 2012/05/28 v1.13 Bundle oberdiek, subset hyperref (HO)


(/usr/local/texlive/2012/texmf-dist/tex/generic/oberdiek/hobsub-generic.sty
Package: hobsub-generic 2012/05/28 v1.13 Bundle oberdiek, subset generic (HO)
Package: hobsub 2012/05/28 v1.13 Construct package bundles (HO)
Package hobsub Info: Skipping package `infwarerr' (already loaded).
Package hobsub Info: Skipping package `ltxcmds' (already loaded).
Package hobsub Info: Skipping package `ifluatex' (already loaded).
Package: ifvtex 2010/03/01 v1.5 Detect VTeX and its facilities (HO)
Package ifvtex Info: VTeX not detected.
Package: intcalc 2007/09/27 v1.1 Expandable calculations with integers (HO)
Package hobsub Info: Skipping package `ifpdf' (already loaded).
Package hobsub Info: Skipping package `etexcmds' (already loaded).
Package hobsub Info: Skipping package `kvsetkeys' (already loaded).
Package hobsub Info: Skipping package `kvdefinekeys' (already loaded).
Package hobsub Info: Skipping package `pdftexcmds' (already loaded).
Package: pdfescape 2011/11/25 v1.13 Implements pdfTeX's escape features (HO)
Package: bigintcalc 2012/04/08 v1.3 Expandable calculations on big integers (HO
)
Package: bitset 2011/01/30 v1.1 Handle bit-vector datatype (HO)
Package: uniquecounter 2011/01/30 v1.2 Provide unlimited unique counter (HO)
)
Package hobsub Info: Skipping package `hobsub' (already loaded).
Package: letltxmacro 2010/09/02 v1.4 Let assignment for LaTeX macros (HO)
Package: hopatch 2012/05/28 v1.2 Wrapper for package hooks (HO)
Package: xcolor-patch 2011/01/30 xcolor patch
Package: atveryend 2011/06/30 v1.8 Hooks at the very end of document (HO)
Package atveryend Info: \enddocument detected (standard20110627).
Package: atbegshi 2011/10/05 v1.16 At begin shipout hook (HO)
Package: refcount 2011/10/16 v3.4 Data extraction from label references (HO)
Package: hycolor 2011/01/30 v1.7 Color options for hyperref/bookmark (HO)
)
(/usr/local/texlive/2012/texmf-dist/tex/generic/ifxetex/ifxetex.sty
Package: ifxetex 2010/09/12 v0.6 Provides ifxetex conditional
)
\@linkdim=\dimen132
\Hy@linkcounter=\count117
\Hy@pagecounter=\count118

(/usr/local/texlive/2012/texmf-dist/tex/latex/hyperref/pd1enc.def
File: pd1enc.def 2012/05/13 v6.82q Hyperref: PDFDocEncoding definition (HO)
)
\Hy@SavedSpaceFactor=\count119

(/usr/local/texlive/2012/texmf-dist/tex/latex/latexconfig/hyperref.cfg
File: hyperref.cfg 2002/06/06 v1.2 hyperref configuration of TeXLive
)
Package hyperref Info: Hyper figures OFF on input line 4062.
Package hyperref Info: Link nesting OFF on input line 4067.
Package hyperref Info: Hyper index ON on input line 4070.
Package hyperref Info: Plain pages OFF on input line 4077.
Package hyperref Info: Backreferencing OFF on input line 4082.
Package hyperref Info: Implicit mode ON; LaTeX internals redefined.
Package hyperref Info: Bookmarks ON on input line 4300.
\c@Hy@tempcnt=\count120

(/usr/local/texlive/2012/texmf-dist/tex/latex/url/url.sty
\Urlmuskip=\muskip11
Package: url 2006/04/12  ver 3.3  Verb mode for urls, etc.
)
LaTeX Info: Redefining \url on input line 4653.
\Fld@menulength=\count121
\Field@Width=\dimen133
\Fld@charsize=\dimen134
Package hyperref Info: Hyper figures OFF on input line 5773.
Package hyperref Info: Link nesting OFF on input line 5778.
Package hyperref Info: Hyper index ON on input line 5781.
Package hyperref Info: backreferencing OFF on input line 5788.
Package hyperref Info: Link coloring OFF on input line 5793.
Package hyperref Info: Link coloring with OCG OFF on input line 5798.
Package hyperref Info: PDF/A mode OFF on input line 5803.
LaTeX Info: Redefining \ref on input line 5843.
LaTeX Info: Redefining \pageref on input line 5847.


Package hyperref Warning: Option `pdfpagelabels' is turned off
(hyperref)                because \thepage is undefined.

\c@Item=\count122
\c@Hfootnote=\count123
)

Package hyperref Message: Driver: hpdftex.

(/usr/local/texlive/2012/texmf-dist/tex/latex/hyperref/hpdftex.def
File: hpdftex.def 2012/05/13 v6.82q Hyperref driver for pdfTeX
\Fld@listcount=\count124
\c@bookmark@seq@number=\count125

(/usr/local/texlive/2012/texmf-dist/tex/latex/oberdiek/rerunfilecheck.sty
Package: rerunfilecheck 2011/04/15 v1.7 Rerun checks for auxiliary files (HO)
Package uniquecounter Info: New unique counter `rerunfilecheck' on input line 2
82.
)
\Hy@SectionHShift=\skip53
)
No file document.aux.
\openout1 = `document.aux'.

LaTeX Font Info:    Checking defaults for OML/cmm/m/it on input line 103.
LaTeX Font Info:    ... okay on input line 103.
LaTeX Font Info:    Checking defaults for T1/cmr/m/n on input line 103.
LaTeX Font Info:    ... okay on input line 103.
LaTeX Font Info:    Checking defaults for OT1/cmr/m/n on input line 103.
LaTeX Font Info:    ... okay on input line 103.
LaTeX Font Info:    Checking defaults for OMS/cmsy/m/n on input line 103.
LaTeX Font Info:    ... okay on input line 103.
LaTeX Font Info:    Checking defaults for OMX/cmex/m/n on input line 103.
LaTeX Font Info:    ... okay on input line 103.
LaTeX Font Info:    Checking defaults for U/cmr/m/n on input line 103.
LaTeX Font Info:    ... okay on input line 103.
LaTeX Font Info:    Checking defaults for PD1/pdf/m/n on input line 103.
LaTeX Font Info:    ... okay on input line 103.
LaTeX Font Info:    Try loading font information for T1+ptm on input line 103.
(/usr/local/texlive/2012/texmf-dist/tex/latex/psnfss/t1ptm.fd
File: t1ptm.fd 2001/06/04 font definitions for T1/ptm.
)
(/usr/local/texlive/2012/texmf-dist/tex/context/base/supp-pdf.mkii
[Loading MPS to PDF converter (version 2006.09.02).]
\scratchcounter=\count126
\scratchdimen=\dimen135
\scratchbox=\box30
\nofMPsegments=\count127
\nofMParguments=\count128
\everyMPshowfont=\toks37
\MPscratchCnt=\count129
\MPscratchDim=\dimen136
\MPnumerator=\count130
\makeMPintoPDFobject=\count131
\everyMPtoPDFconversion=\toks38
)
Package caption Info: Begin \AtBeginDocument code.
Package caption Info: subfig package v1.3 is loaded.
Package caption Info: hyperref package is loaded.
Package caption Info: End \AtBeginDocument code.
\AtBeginShipoutBox=\box31


Package hyperref Warning: Height of page (\paperheight) is invalid (0.0pt),
(hyperref)                using 11in.

Package hyperref Info: Link coloring OFF on input line 103.
(/usr/local/texlive/2012/texmf-dist/tex/latex/hyperref/nameref.sty
Package: nameref 2010/04/30 v2.40 Cross-referencing by name of section

(/usr/local/texlive/2012/texmf-dist/tex/generic/oberdiek/gettitlestring.sty
Package: gettitlestring 2010/12/03 v1.4 Cleanup title references (HO)
)
\c@section@level=\count132
)
LaTeX Info: Redefining \ref on input line 103.
LaTeX Info: Redefining \pageref on input line 103.
LaTeX Info: Redefining \nameref on input line 103.
\@outlinefile=\write3
\openout3 = `document.out'.

LaTeX Font Info:    Try loading font information for U+msa on input line 173.

(/usr/local/texlive/2012/texmf-dist/tex/latex/amsfonts/umsa.fd
File: umsa.fd 2009/06/22 v3.00 AMS symbols A
)
LaTeX Font Info:    Try loading font information for U+msb on input line 173.

(/usr/local/texlive/2012/texmf-dist/tex/latex/amsfonts/umsb.fd
File: umsb.fd 2009/06/22 v3.00 AMS symbols B
)
LaTeX Font Info:    Try loading font information for U+lasy on input line 173.

(/usr/local/texlive/2012/texmf-dist/tex/latex/base/ulasy.fd
File: ulasy.fd 1998/08/17 v2.2e LaTeX symbol font definitions
) (./abstract.tex
Overfull \hbox (4.9237pt too wide) in paragraph at lines 1--31
\T1/ptm/m/n/9 Content rec-om-men-da-tion in so-cial net-works poses the com-ple
x prob-
 []

)
LaTeX Font Info:    Font shape `T1/ptm/bx/n' in size <9> not available
(Font)              Font shape `T1/ptm/b/n' tried instead on input line 181.
 (./intro.tex

LaTeX Warning: Citation `lla' on page \thepage  undefined on input line 18.


LaTeX Warning: Citation `socinf' on page \thepage  undefined on input line 18.


LaTeX Warning: Citation `sr' on page \thepage  undefined on input line 18.


LaTeX Warning: Citation `rrmf' on page \thepage  undefined on input line 18.


LaTeX Warning: Citation `Noel2012NOF' on page \thepage  undefined on input line
 18.


LaTeX Warning: Citation `ste' on page \thepage  undefined on input line 19.


LaTeX Warning: Citation `sorec' on page \thepage  undefined on input line 20.

[1{/usr/local/texlive/2012/texmf-var/fonts/map/pdftex/updmap/pdftex.map}


]
Overfull \hbox (7.33609pt too wide) in paragraph at lines 93--102
\T1/ptm/m/n/9 As de-tailed in the sub-se-quent sec-tions, these find-ings not o
nly demon-
 []

) (./methodology.tex

LaTeX Warning: Reference `fig:overview' on page \thepage  undefined on input li
ne 4.


Overfull \hbox (2.82642pt too wide) in paragraph at lines 24--25
\T1/ptm/b/n/9 Interactions \T1/ptm/m/n/9 de-scribes the com-mu-ni-ca-tion be-tw
een Face-book users.
 []


LaTeX Warning: Citation `saez2011high' on page \thepage  undefined on input lin
e 40.

<data/overview.pdf, id=20, 687.56876pt x 468.75125pt>
File: data/overview.pdf Graphic file (type pdf)
 <use data/overview.pdf>
Package pdftex.def Info: data/overview.pdf used on input line 51.
(pdftex.def)             Requested size: 240.0pt x 163.61478pt.

Overfull \hbox (2.79385pt too wide) in paragraph at lines 63--64
[]\T1/ptm/m/n/9 There are a to-tal of 22 in-ter-ac-tion types. Namely the cross
-product
 []


Overfull \hbox (2.12599pt too wide) in paragraph at lines 63--64
\T1/ptm/m/n/9 of modal-i-ties, ac-tions and di-rec-tions, mi-nus \T1/ptm/m/it/9
 link-tag-{incoming, out-
 []


LaTeX Warning: Reference `fig:overview' on page \thepage  undefined on input li
ne 78.


LaTeX Warning: Reference `fig:overview' on page \thepage  undefined on input li
ne 83.


LaTeX Warning: Reference `fig:overview' on page \thepage  undefined on input li
ne 85.

pdfTeX warning (ext4): destination with the same identifier (name{page.}) has b
een already used, duplicate ignored
<to be read again> 
                   \relax 
l.87 \end{itemize}
                   [2 <./data/overview.pdf>]

LaTeX Warning: Reference `sec:datadesc' on page \thepage  undefined on input li
ne 90.


Overfull \hbox (1.4135pt too wide) in paragraph at lines 124--127
\T1/ptm/m/n/9 tion affin-ity classes be the cross-product of In-ter-ac-tion mod
al-
 []


Underfull \hbox (badness 10000) in paragraph at lines 141--144

 []


Overfull \hbox (4.64166pt too wide) in paragraph at lines 147--148
\T1/ptm/m/n/9 mon pref-er-ence for en-tity $\OML/cmm/m/it/9 k$ \T1/ptm/m/n/9 (g
roup, page, favourite)
 []


Underfull \hbox (badness 10000) in paragraph at lines 167--169

 []


Underfull \hbox (badness 10000) in paragraph at lines 167--169

 []

) (./affinity_filtering.tex

LaTeX Warning: Reference `ssec:sag' on page \thepage  undefined on input line 8
.


LaTeX Warning: Reference `fig:overview' on page \thepage  undefined on input li
ne 10.


LaTeX Warning: Citation `newsweeder' on page \thepage  undefined on input line 
12.


LaTeX Warning: Reference `ssec:SAfeature' on page \thepage  undefined on input 
line 26.


LaTeX Warning: Reference `ssec:sag' on page \thepage  undefined on input line 2
7.

) (./data-description.tex

LaTeX Warning: Reference `ssec:sag' on page \thepage  undefined on input line 6
.


LaTeX Warning: Reference `ssec:SAfeature' on page \thepage  undefined on input 
line 8.

pdfTeX warning (ext4): destination with the same identifier (name{page.}) has b
een already used, duplicate ignored
<to be read again> 
                   \relax 
l.13 O
      ver 119 users installed the Facebook App during the evaluation [3]

LaTeX Warning: Reference `tab:interactions' on page \thepage  undefined on inpu
t line 41.


LaTeX Warning: Reference `tab:likeinfo' on page \thepage  undefined on input li
ne 41.


LaTeX Warning: Reference `tab:interactions' on page \thepage  undefined on inpu
t line 42.


LaTeX Warning: Reference `tab:demographics' on page \thepage  undefined on inpu
t line 44.


LaTeX Warning: Reference `tab:interests' on page \thepage  undefined on input l
ine 45.


LaTeX Warning: Reference `tab:likeinfo' on page \thepage  undefined on input li
ne 53.

LaTeX Font Info:    Font shape `T1/ptm/bx/n' in size <8> not available
(Font)              Font shape `T1/ptm/b/n' tried instead on input line 68.
) (./saf_analysis.tex
Package epstopdf Info: Source file: <data/plots/accuracy/accuracyLargeNew.eps>
(epstopdf)                    date: 2013-06-09 17:20:46
(epstopdf)                    size: 72701 bytes
(epstopdf)             Output file: <data/plots/accuracy/accuracyLargeNew-eps-c
onverted-to.pdf>
(epstopdf)             Command: <repstopdf --outfile=data/plots/accuracy/accura
cyLargeNew-eps-converted-to.pdf data/plots/accuracy/accuracyLargeNew.eps>
(epstopdf)             \includegraphics on input line 4.
runsystem(repstopdf --outfile=data/plots/accuracy/accuracyLargeNew-eps-converte
d-to.pdf data/plots/accuracy/accuracyLargeNew.eps)...executed safely (allowed).

Package epstopdf Info: Result file: <data/plots/accuracy/accuracyLargeNew-eps-c
onverted-to.pdf>
(epstopdf)                    date: 2013-06-11 11:33:59
(epstopdf)                    size: 24517 bytes.

<data/plots/accuracy/accuracyLargeNew-eps-converted-to.pdf, id=121, 1445.4pt x 
614.295pt>
File: data/plots/accuracy/accuracyLargeNew-eps-converted-to.pdf Graphic file (t
ype pdf)
 <use data/plots/accuracy/accuracyLargeNew-eps-converted-to.pdf>
Package pdftex.def Info: data/plots/accuracy/accuracyLargeNew-eps-converted-to.
pdf used on input line 4.
(pdftex.def)             Requested size: 540.5901pt x 341.43454pt.

Overfull \hbox (19.51846pt too wide) in paragraph at lines 4--5
[] [] 
 []


LaTeX Warning: Citation `bellkor' on page \thepage  undefined on input line 14.



LaTeX Warning: Citation `pmf' on page \thepage  undefined on input line 14.


LaTeX Warning: Citation `Noel2012NOF' on page \thepage  undefined on input line
 15.


Overfull \hbox (5.34749pt too wide) in paragraph at lines 10--26
\T1/ptm/m/n/9 and state-of-the-art col-lab-o-ra-tive fil-ter-ing al-go-rithms: 
Near-est Neigh-
 []


LaTeX Warning: Reference `Fig1' on page \thepage  undefined on input line 27.


LaTeX Warning: Reference `Fig1' on page \thepage  undefined on input line 36.


LaTeX Warning: Reference `Fig1' on page \thepage  undefined on input line 45.


LaTeX Warning: Reference `tab:interests' on page \thepage  undefined on input l
ine 49.


Overfull \hbox (8.28987pt too wide) in paragraph at lines 45--54
\T1/ptm/m/n/9 Ta-ble [] that page likes are more preva-lent than groups and fav
ourites.
 []

pdfTeX warning (ext4): destination with the same identifier (name{page.}) has b
een already used, duplicate ignored
<to be read again> 
                   \relax 
l.54 
      [4]pdfTeX warning (ext4): destination with the same identifier (name{page
.}) has been already used, duplicate ignored
<to be read again> 
                   \relax 
l.54 
      [5 <./data/plots/accuracy/accuracyLargeNew-eps-converted-to.pdf>]

LaTeX Warning: Citation `Noel2012NOF' on page \thepage  undefined on input line
 57.


LaTeX Warning: Citation `Noel2012NOF' on page \thepage  undefined on input line
 61.


LaTeX Warning: Citation `lla' on page \thepage  undefined on input line 61.


LaTeX Warning: Citation `socinf' on page \thepage  undefined on input line 61.


LaTeX Warning: Citation `sr' on page \thepage  undefined on input line 61.


LaTeX Warning: Citation `rrmf' on page \thepage  undefined on input line 61.


LaTeX Warning: Citation `sorec' on page \thepage  undefined on input line 61.


LaTeX Warning: Citation `ste' on page \thepage  undefined on input line 61.

) (./interaction_analysis.tex
Package epstopdf Info: Source file: <data/plots/vsk/ModalityActionsvsKFriends.e
ps>
(epstopdf)                    date: 2013-06-09 17:20:40
(epstopdf)                    size: 54962 bytes
(epstopdf)             Output file: <data/plots/vsk/ModalityActionsvsKFriends-e
ps-converted-to.pdf>
(epstopdf)                    date: 2013-06-09 17:20:40
(epstopdf)                    size: 26936 bytes
(epstopdf)             Command: <repstopdf --outfile=data/plots/vsk/ModalityAct
ionsvsKFriends-eps-converted-to.pdf data/plots/vsk/ModalityActionsvsKFriends.ep
s>
(epstopdf)             \includegraphics on input line 81.
Package epstopdf Info: Output file is already uptodate.

<data/plots/vsk/ModalityActionsvsKFriends-eps-converted-to.pdf, id=181, 1483.54
25pt x 456.70625pt>
File: data/plots/vsk/ModalityActionsvsKFriends-eps-converted-to.pdf Graphic fil
e (type pdf)

<use data/plots/vsk/ModalityActionsvsKFriends-eps-converted-to.pdf>
Package pdftex.def Info: data/plots/vsk/ModalityActionsvsKFriends-eps-converted
-to.pdf used on input line 81.
(pdftex.def)             Requested size: 597.50787pt x 183.9406pt.

Overfull \hbox (50.82875pt too wide) in paragraph at lines 81--82
[] [] 
 []


LaTeX Warning: Reference `sec:methodology' on page \thepage  undefined on input
 line 89.


Overfull \hbox (7.87549pt too wide) in paragraph at lines 87--90
[]\T1/ptm/m/n/9 In this sec-tion we an-a-lyze the in-for-ma-tive-ness of In-ter
-ac-tion SAGS,
 []


LaTeX Warning: Reference `table:ce_interaction' on page \thepage  undefined on 
input line 110.


LaTeX Warning: Reference `Fig2' on page \thepage  undefined on input line 129.


LaTeX Warning: Reference `Fig2' on page \thepage  undefined on input line 131.


LaTeX Warning: Citation `Romero2011hashtag' on page \thepage  undefined on inpu
t line 139.


LaTeX Warning: Citation `ver2011stops' on page \thepage  undefined on input lin
e 144.


LaTeX Warning: Citation `Romero2011hashtag' on page \thepage  undefined on inpu
t line 144.

)pdfTeX warning (ext4): destination with the same identifier (name{page.}) has 
been already used, duplicate ignored
<to be read again> 
                   \relax 
l.213 \subsection
                 {Activity Analysis} [6] (./activity_analysis.tex

LaTeX Warning: Reference `Fig3' on page \thepage  undefined on input line 11.


LaTeX Warning: Reference `Fig4' on page \thepage  undefined on input line 22.


LaTeX Warning: Reference `Fig4' on page \thepage  undefined on input line 30.


LaTeX Warning: Reference `Fig5' on page \thepage  undefined on input line 37.

Package epstopdf Info: Source file: <data/plots/new/CEvsGroupSize.eps>
(epstopdf)                    date: 2013-06-09 17:20:46
(epstopdf)                    size: 202237 bytes
(epstopdf)             Output file: <data/plots/new/CEvsGroupSize-eps-converted
-to.pdf>
(epstopdf)                    date: 2013-06-09 17:20:46
(epstopdf)                    size: 178111 bytes
(epstopdf)             Command: <repstopdf --outfile=data/plots/new/CEvsGroupSi
ze-eps-converted-to.pdf data/plots/new/CEvsGroupSize.eps>
(epstopdf)             \includegraphics on input line 104.
Package epstopdf Info: Output file is already uptodate.

<data/plots/new/CEvsGroupSize-eps-converted-to.pdf, id=192, 578.16pt x 433.62pt
>
File: data/plots/new/CEvsGroupSize-eps-converted-to.pdf Graphic file (type pdf)

 <use data/plots/new/CEvsGroupSize-eps-converted-to.pdf>
Package pdftex.def Info: data/plots/new/CEvsGroupSize-eps-converted-to.pdf used
 on input line 104.
(pdftex.def)             Requested size: 128.03368pt x 99.58493pt.
Package epstopdf Info: Source file: <data/plots/new/CEvsPageSize.eps>
(epstopdf)                    date: 2013-06-09 17:20:46
(epstopdf)                    size: 600246 bytes
(epstopdf)             Output file: <data/plots/new/CEvsPageSize-eps-converted-
to.pdf>
(epstopdf)                    date: 2013-06-09 17:20:46
(epstopdf)                    size: 602041 bytes
(epstopdf)             Command: <repstopdf --outfile=data/plots/new/CEvsPageSiz
e-eps-converted-to.pdf data/plots/new/CEvsPageSize.eps>
(epstopdf)             \includegraphics on input line 105.
Package epstopdf Info: Output file is already uptodate.

<data/plots/new/CEvsPageSize-eps-converted-to.pdf, id=193, 578.16pt x 433.62pt>
File: data/plots/new/CEvsPageSize-eps-converted-to.pdf Graphic file (type pdf)
<use data/plots/new/CEvsPageSize-eps-converted-to.pdf>
Package pdftex.def Info: data/plots/new/CEvsPageSize-eps-converted-to.pdf used 
on input line 105.
(pdftex.def)             Requested size: 128.03368pt x 99.58493pt.
Package epstopdf Info: Source file: <data/plots/new/CEvsFavSize.eps>
(epstopdf)                    date: 2013-06-09 17:20:46
(epstopdf)                    size: 240187 bytes
(epstopdf)             Output file: <data/plots/new/CEvsFavSize-eps-converted-t
o.pdf>
(epstopdf)                    date: 2013-06-09 17:20:46
(epstopdf)                    size: 239312 bytes
(epstopdf)             Command: <repstopdf --outfile=data/plots/new/CEvsFavSize
-eps-converted-to.pdf data/plots/new/CEvsFavSize.eps>
(epstopdf)             \includegraphics on input line 106.
Package epstopdf Info: Output file is already uptodate.

<data/plots/new/CEvsFavSize-eps-converted-to.pdf, id=194, 578.16pt x 433.62pt>
File: data/plots/new/CEvsFavSize-eps-converted-to.pdf Graphic file (type pdf)

<use data/plots/new/CEvsFavSize-eps-converted-to.pdf>
Package pdftex.def Info: data/plots/new/CEvsFavSize-eps-converted-to.pdf used o
n input line 106.
(pdftex.def)             Requested size: 128.03368pt x 99.58493pt.
Package epstopdf Info: Source file: <data/plots/new/LRweightvsGroupSize.eps>
(epstopdf)                    date: 2013-06-09 17:20:46
(epstopdf)                    size: 199873 bytes
(epstopdf)             Output file: <data/plots/new/LRweightvsGroupSize-eps-con
verted-to.pdf>
(epstopdf)                    date: 2013-06-09 17:20:46
(epstopdf)                    size: 187584 bytes
(epstopdf)             Command: <repstopdf --outfile=data/plots/new/LRweightvsG
roupSize-eps-converted-to.pdf data/plots/new/LRweightvsGroupSize.eps>
(epstopdf)             \includegraphics on input line 107.
Package epstopdf Info: Output file is already uptodate.

<data/plots/new/LRweightvsGroupSize-eps-converted-to.pdf, id=195, 578.16pt x 43
3.62pt>
File: data/plots/new/LRweightvsGroupSize-eps-converted-to.pdf Graphic file (typ
e pdf)
 <use data/plots/new/LRweightvsGroupSize-eps-converted-to.pdf>
Package pdftex.def Info: data/plots/new/LRweightvsGroupSize-eps-converted-to.pd
f used on input line 107.
(pdftex.def)             Requested size: 128.03368pt x 99.58493pt.
Package epstopdf Info: Source file: <data/plots/new/LRweightvsPageSize.eps>
(epstopdf)                    date: 2013-06-09 17:20:46
(epstopdf)                    size: 599206 bytes
(epstopdf)             Output file: <data/plots/new/LRweightvsPageSize-eps-conv
erted-to.pdf>
(epstopdf)                    date: 2013-06-09 17:20:46
(epstopdf)                    size: 625942 bytes
(epstopdf)             Command: <repstopdf --outfile=data/plots/new/LRweightvsP
ageSize-eps-converted-to.pdf data/plots/new/LRweightvsPageSize.eps>
(epstopdf)             \includegraphics on input line 108.
Package epstopdf Info: Output file is already uptodate.

<data/plots/new/LRweightvsPageSize-eps-converted-to.pdf, id=196, 578.16pt x 433
.62pt>
File: data/plots/new/LRweightvsPageSize-eps-converted-to.pdf Graphic file (type
 pdf)
 <use data/plots/new/LRweightvsPageSize-eps-converted-to.pdf>
Package pdftex.def Info: data/plots/new/LRweightvsPageSize-eps-converted-to.pdf
 used on input line 108.
(pdftex.def)             Requested size: 128.03368pt x 99.58493pt.
Package epstopdf Info: Source file: <data/plots/new/LRweightvsFavSize.eps>
(epstopdf)                    date: 2013-06-09 17:20:46
(epstopdf)                    size: 240848 bytes
(epstopdf)             Output file: <data/plots/new/LRweightvsFavSize-eps-conve
rted-to.pdf>
(epstopdf)                    date: 2013-06-09 17:20:46
(epstopdf)                    size: 248763 bytes
(epstopdf)             Command: <repstopdf --outfile=data/plots/new/LRweightvsF
avSize-eps-converted-to.pdf data/plots/new/LRweightvsFavSize.eps>
(epstopdf)             \includegraphics on input line 109.
Package epstopdf Info: Output file is already uptodate.

<data/plots/new/LRweightvsFavSize-eps-converted-to.pdf, id=197, 578.16pt x 433.
62pt>
File: data/plots/new/LRweightvsFavSize-eps-converted-to.pdf Graphic file (type 
pdf)
 <use data/plots/new/LRweightvsFavSize-eps-converted-to.pdf>
Package pdftex.def Info: data/plots/new/LRweightvsFavSize-eps-converted-to.pdf 
used on input line 109.
(pdftex.def)             Requested size: 128.03368pt x 99.58493pt.
Package epstopdf Info: Source file: <data/plots/cumulativeEntropy/cumulative.ep
s>
(epstopdf)                    date: 2013-06-09 17:20:40
(epstopdf)                    size: 76804 bytes
(epstopdf)             Output file: <data/plots/cumulativeEntropy/cumulative-ep
s-converted-to.pdf>
(epstopdf)                    date: 2013-06-09 17:20:40
(epstopdf)                    size: 28264 bytes
(epstopdf)             Command: <repstopdf --outfile=data/plots/cumulativeEntro
py/cumulative-eps-converted-to.pdf data/plots/cumulativeEntropy/cumulative.eps>

(epstopdf)             \includegraphics on input line 120.
Package epstopdf Info: Output file is already uptodate.

<data/plots/cumulativeEntropy/cumulative-eps-converted-to.pdf, id=198, 1630.09p
t x 514.92375pt>
File: data/plots/cumulativeEntropy/cumulative-eps-converted-to.pdf Graphic file
 (type pdf)

<use data/plots/cumulativeEntropy/cumulative-eps-converted-to.pdf>
Package pdftex.def Info: data/plots/cumulativeEntropy/cumulative-eps-converted-
to.pdf used on input line 120.
(pdftex.def)             Requested size: 456.42209pt x 144.17766pt.
Package epstopdf Info: Source file: <data/plots/boxPlots/CEvsFavTypes.eps>
(epstopdf)                    date: 2013-06-09 17:20:46
(epstopdf)                    size: 31638 bytes
(epstopdf)             Output file: <data/plots/boxPlots/CEvsFavTypes-eps-conve
rted-to.pdf>
(epstopdf)                    date: 2013-06-09 17:20:46
(epstopdf)                    size: 19448 bytes
(epstopdf)             Command: <repstopdf --outfile=data/plots/boxPlots/CEvsFa
vTypes-eps-converted-to.pdf data/plots/boxPlots/CEvsFavTypes.eps>
(epstopdf)             \includegraphics on input line 129.
Package epstopdf Info: Output file is already uptodate.

<data/plots/boxPlots/CEvsFavTypes-eps-converted-to.pdf, id=199, 1597.97pt x 434
.62375pt>
File: data/plots/boxPlots/CEvsFavTypes-eps-converted-to.pdf Graphic file (type 
pdf)
 <use data/plots/boxPlots/CEvsFavTypes-eps-converted-to.pdf>
Package pdftex.def Info: data/plots/boxPlots/CEvsFavTypes-eps-converted-to.pdf 
used on input line 129.
(pdftex.def)             Requested size: 512.14111pt x 113.80858pt.

Overfull \hbox (8.14111pt too wide) in paragraph at lines 129--130
 [][] 
 []

) (./relatedWork.tex

LaTeX Warning: Citation `Chang2010ethnicity' on page \thepage  undefined on inp
ut line 15.


LaTeX Warning: Citation `backstrom2011center' on page \thepage  undefined on in
put line 17.


LaTeX Warning: Citation `wilson2009user' on page \thepage  undefined on input l
ine 18.


LaTeX Warning: Citation `backstrom2011center' on page \thepage  undefined on in
put line 18.


LaTeX Warning: Citation `hill2003social' on page \thepage  undefined on input l
ine 18.


LaTeX Warning: Citation `backstrom2011center' on page \thepage  undefined on in
put line 18.


LaTeX Warning: Citation `Golub2010selectionbiase' on page \thepage  undefined o
n input line 26.


LaTeX Warning: Citation `ver2011stops' on page \thepage  undefined on input lin
e 28.


LaTeX Warning: Citation `Romero2011hashtag' on page \thepage  undefined on inpu
t line 31.


LaTeX Warning: Citation `asur2011trends' on page \thepage  undefined on input l
ine 41.


LaTeX Warning: Citation `Bakshy2011everyone' on page \thepage  undefined on inp
ut line 41.


LaTeX Warning: Citation `Bakshy2012chamber' on page \thepage  undefined on inpu
t line 41.


LaTeX Warning: Citation `Bakshy2011everyone' on page \thepage  undefined on inp
ut line 41.


LaTeX Warning: Citation `asur2011trends' on page \thepage  undefined on input l
ine 41.


LaTeX Warning: Citation `Bakshy2011everyone' on page \thepage  undefined on inp
ut line 41.


LaTeX Warning: Citation `influence' on page \thepage  undefined on input line 4
1.


LaTeX Warning: Citation `Bakshy2012chamber' on page \thepage  undefined on inpu
t line 41.


Underfull \vbox (badness 10000) has occurred while \output is active []

pdfTeX warning (ext4): destination with the same identifier (name{page.}) has b
een already used, duplicate ignored
<to be read again> 
                   \relax 
l.42 
      [7 <./data/plots/vsk/ModalityActionsvsKFriends-eps-converted-to.pdf>]pdfT
eX warning (ext4): destination with the same identifier (name{page.}) has been 
already used, duplicate ignored
<to be read again> 
                   \relax 
l.42 
      [8 <./data/plots/new/CEvsGroupSize-eps-converted-to.pdf> <./data/plots/ne
w/CEvsPageSize-eps-converted-to.pdf> <./data/plots/new/CEvsFavSize-eps-converte
d-to.pdf> <./data/plots/new/LRweightvsGroupSize-eps-converted-to.pdf> <./data/p
lots/new/LRweightvsPageSize-eps-converted-to.pdf> <./data/plots/new/LRweightvsF
avSize-eps-converted-to.pdf> <./data/plots/cumulativeEntropy/cumulative-eps-con
verted-to.pdf>]

LaTeX Warning: Citation `saez2011high' on page \thepage  undefined on input lin
e 44.


LaTeX Warning: Citation `singla2008yes' on page \thepage  undefined on input li
ne 48.


LaTeX Warning: Citation `Anderson2012' on page \thepage  undefined on input lin
e 49.


LaTeX Warning: Citation `brandtzag2011facebook' on page \thepage  undefined on 
input line 49.


LaTeX Warning: Citation `gilbert2009predicting' on page \thepage  undefined on 
input line 50.


LaTeX Warning: Citation `koren2009matrix' on page \thepage  undefined on input 
line 55.


LaTeX Warning: Citation `sorec' on page \thepage  undefined on input line 55.


LaTeX Warning: Citation `sr' on page \thepage  undefined on input line 55.


LaTeX Warning: Citation `rrmf' on page \thepage  undefined on input line 55.


LaTeX Warning: Citation `tf' on page \thepage  undefined on input line 55.


LaTeX Warning: Citation `Jiang2012SRA' on page \thepage  undefined on input lin
e 55.


LaTeX Warning: Citation `Jiang2012SCR' on page \thepage  undefined on input lin
e 55.


LaTeX Warning: Citation `lla' on page \thepage  undefined on input line 56.


LaTeX Warning: Citation `ste' on page \thepage  undefined on input line 57.


LaTeX Warning: Citation `sorec' on page \thepage  undefined on input line 58.


LaTeX Warning: Citation `Noel2012NOF' on page \thepage  undefined on input line
 58.


LaTeX Warning: Citation `Noel2012NOF' on page \thepage  undefined on input line
 58.


LaTeX Warning: Citation `nori2011exploiting' on page \thepage  undefined on inp
ut line 66.


LaTeX Warning: Citation `gomes2011social' on page \thepage  undefined on input 
line 66.


LaTeX Warning: Citation `Panigrahy2012ubr' on page \thepage  undefined on input
 line 68.


LaTeX Warning: Citation `Goel2012structure' on page \thepage  undefined on inpu
t line 69.


Underfull \vbox (badness 10000) has occurred while \output is active []

)
(./conclusion.tex)pdfTeX warning (ext4): destination with the same identifier (
name{page.}) has been already used, duplicate ignored
<to be read again> 
                   \relax 
l.225 
       [9 <./data/plots/boxPlots/CEvsFavTypes-eps-converted-to.pdf>]
(./document.bbl)
Package atveryend Info: Empty hook `BeforeClearDocument' on input line 229.
pdfTeX warning (ext4): destination with the same identifier (name{page.}) has b
een already used, duplicate ignored
<to be read again> 
                   \relax 
l.229 \end{document}
                     [10]
Package atveryend Info: Empty hook `AfterLastShipout' on input line 229.
 (./document.aux)
Package atveryend Info: Empty hook `AtVeryEndDocument' on input line 229.
Package atveryend Info: Executing hook `AtEndAfterFileList' on input line 229.


Package rerunfilecheck Warning: File `document.out' has changed.
(rerunfilecheck)                Rerun to get outlines right
(rerunfilecheck)                or use package `bookmark'.

Package rerunfilecheck Info: Checksums for `document.out':
(rerunfilecheck)             Before: <no file>
(rerunfilecheck)             After:  A60B13263C07DCE46A5532B252C826EB;830.

LaTeX Warning: There were undefined references.


LaTeX Warning: Label(s) may have changed. Rerun to get cross-references right.

Package atveryend Info: Empty hook `AtVeryVeryEnd' on input line 229.
 ) 
Here is how much of TeX's memory you used:
 7722 strings out of 493488
 115915 string characters out of 3141326
 215901 words of memory out of 3000000
 10768 multiletter control sequences out of 15000+200000
 63695 words of font info for 81 fonts, out of 3000000 for 9000
 957 hyphenation exceptions out of 8191
 44i,22n,46p,1057b,499s stack positions out of 5000i,500n,10000p,200000b,50000s
{/usr/local/texlive/2012/texmf-dist/fonts/enc/dvips/base/8r.enc}</usr/local/t
exlive/2012/texmf-dist/fonts/type1/public/amsfonts/cm/cmbx9.pfb></usr/local/tex
live/2012/texmf-dist/fonts/type1/public/amsfonts/cmextra/cmex9.pfb></usr/local/
texlive/2012/texmf-dist/fonts/type1/public/amsfonts/cm/cmmi6.pfb></usr/local/te
xlive/2012/texmf-dist/fonts/type1/public/amsfonts/cm/cmmi8.pfb></usr/local/texl
ive/2012/texmf-dist/fonts/type1/public/amsfonts/cm/cmmi9.pfb></usr/local/texliv
e/2012/texmf-dist/fonts/type1/public/amsfonts/cm/cmr6.pfb></usr/local/texlive/2
012/texmf-dist/fonts/type1/public/amsfonts/cm/cmr8.pfb></usr/local/texlive/2012
/texmf-dist/fonts/type1/public/amsfonts/cm/cmr9.pfb></usr/local/texlive/2012/te
xmf-dist/fonts/type1/public/amsfonts/cm/cmsy6.pfb></usr/local/texlive/2012/texm
f-dist/fonts/type1/public/amsfonts/cm/cmsy8.pfb></usr/local/texlive/2012/texmf-
dist/fonts/type1/public/amsfonts/cm/cmsy9.pfb></usr/local/texlive/2012/texmf-di
st/fonts/type1/public/amsfonts/cm/cmti7.pfb></usr/local/texlive/2012/texmf-dist
/fonts/type1/public/amsfonts/cm/cmti9.pfb></usr/local/texlive/2012/texmf-dist/f
onts/type1/urw/helvetic/uhvb8a.pfb></usr/local/texlive/2012/texmf-dist/fonts/ty
pe1/urw/helvetic/uhvr8a.pfb></usr/local/texlive/2012/texmf-dist/fonts/type1/urw
/times/utmb8a.pfb></usr/local/texlive/2012/texmf-dist/fonts/type1/urw/times/utm
r8a.pfb></usr/local/texlive/2012/texmf-dist/fonts/type1/urw/times/utmri8a.pfb>
Output written on document.pdf (10 pages, 3562582 bytes).
PDF statistics:
 661 PDF objects out of 1000 (max. 8388607)
 269 compressed objects within 3 object streams
 78 named destinations out of 1000 (max. 500000)
 56 words of extra memory for PDF output out of 10000 (max. 10000000)

