This is pdfeTeXk, Version 3.141592-1.21a-2.2 (Web2C 7.5.4) (format=pdflatex 2008.12.23)  23 OCT 2011 17:57
entering extended mode
 file:line:error style messages enabled.
 %&-line parsing enabled.
**www11_sorec.tex
(./www11_sorec.tex
LaTeX2e <2003/12/01>
Babel <v3.8d> and hyphenation patterns for american, french, german, ngerman, b
ahasa, basque, bulgarian, catalan, croatian, czech, danish, dutch, esperanto, e
stonian, finnish, greek, icelandic, irish, italian, latin, magyar, norsk, polis
h, portuges, romanian, russian, serbian, slovak, slovene, spanish, swedish, tur
kish, ukrainian, nohyphenation, loaded.
(./sig-alternate.cls (/usr/share/texmf/tex/latex/graphics/epsfig.sty
Package: epsfig 1999/02/16 v1.7a (e)psfig emulation (SPQR)

(/usr/share/texmf/tex/latex/graphics/graphicx.sty
Package: graphicx 1999/02/16 v1.0f Enhanced LaTeX Graphics (DPC,SPQR)

(/usr/share/texmf/tex/latex/graphics/keyval.sty
Package: keyval 1999/03/16 v1.13 key=value parser (DPC)
\KV@toks@=\toks14
)
(/usr/share/texmf/tex/latex/graphics/graphics.sty
Package: graphics 2001/07/07 v1.0n Standard LaTeX Graphics (DPC,SPQR)

(/usr/share/texmf/tex/latex/graphics/trig.sty
Package: trig 1999/03/16 v1.09 sin cos tan (DPC)
)
(/usr/share/texmf/tex/latex/graphics/graphics.cfg
File: graphics.cfg 2005/02/03 v1.3 graphics configuration of teTeX/TeXLive
)
Package graphics Info: Driver file: pdftex.def on input line 80.

(/usr/share/texmf/tex/latex/graphics/pdftex.def
File: pdftex.def 2002/06/19 v0.03k graphics/color for pdftex
\Gread@gobject=\count79
))
\Gin@req@height=\dimen102
\Gin@req@width=\dimen103
)
\epsfxsize=\dimen104
\epsfysize=\dimen105
)
(/usr/share/texmf/tex/latex/amsfonts/amssymb.sty
Package: amssymb 2002/01/22 v2.2d

(/usr/share/texmf/tex/latex/amsfonts/amsfonts.sty
Package: amsfonts 2001/10/25 v2.2f
\@emptytoks=\toks15
\symAMSa=\mathgroup4
\symAMSb=\mathgroup5
LaTeX Font Info:    Overwriting math alphabet `\mathfrak' in version `bold'
(Font)                  U/euf/m/n --> U/euf/b/n on input line 132.
))
(/usr/share/texmf/tex/latex/amsmath/amsmath.sty
Package: amsmath 2000/07/18 v2.13 AMS math features
\@mathmargin=\skip41

For additional information on amsmath, use the `?' option.
(/usr/share/texmf/tex/latex/amsmath/amstext.sty
Package: amstext 2000/06/29 v2.01

(/usr/share/texmf/tex/latex/amsmath/amsgen.sty
File: amsgen.sty 1999/11/30 v2.0
\@emptytoks=\toks16
\ex@=\dimen106
))
(/usr/share/texmf/tex/latex/amsmath/amsbsy.sty
Package: amsbsy 1999/11/29 v1.2d
\pmbraise@=\dimen107
)
(/usr/share/texmf/tex/latex/amsmath/amsopn.sty
Package: amsopn 1999/12/14 v2.01 operator names
)
\inf@bad=\count80
LaTeX Info: Redefining \frac on input line 211.
\uproot@=\count81
\leftroot@=\count82
LaTeX Info: Redefining \overline on input line 307.
\classnum@=\count83
\DOTSCASE@=\count84
LaTeX Info: Redefining \ldots on input line 379.
LaTeX Info: Redefining \dots on input line 382.
LaTeX Info: Redefining \cdots on input line 467.
\Mathstrutbox@=\box26
\strutbox@=\box27
\big@size=\dimen108
LaTeX Font Info:    Redeclaring font encoding OML on input line 567.
LaTeX Font Info:    Redeclaring font encoding OMS on input line 568.
\macc@depth=\count85
\c@MaxMatrixCols=\count86
\dotsspace@=\muskip10
\c@parentequation=\count87
\dspbrk@lvl=\count88
\tag@help=\toks17
\row@=\count89
\column@=\count90
\maxfields@=\count91
\andhelp@=\toks18
\eqnshift@=\dimen109
\alignsep@=\dimen110
\tagshift@=\dimen111
\tagwidth@=\dimen112
\totwidth@=\dimen113
\lineht@=\dimen114
\@envbody=\toks19
\multlinegap=\skip42
\multlinetaggap=\skip43
\mathdisplay@stack=\toks20
LaTeX Info: Redefining \[ on input line 2666.
LaTeX Info: Redefining \] on input line 2667.
)
Document Class 'sig-alternate' <22nd. April '09>. Modified by G.K.M. Tobin/Gerr
y Murray
Based in part upon document Style `acmconf' <22 May 89>. Hacked 4/91 by
shivers@cs.cmu.edu, 4/93 by theobald@cs.mcgill.ca
Excerpts were taken from (Journal Style) 'esub2acm.cls'.
****** Bugs/comments/suggestions/technicalities to Gerry Murray -- murray@hq.ac
m.org ******
Questions on the style, SIGS policies, etc. to Adrienne Griscti griscti@acm.org

\footheight=\dimen115
\@maxsep=\dimen116
\@dblmaxsep=\dimen117
\aucount=\count92
\originalaucount=\count93
\auwidth=\dimen118
\auskip=\dimen119
\auskipcount=\count94
\auskip=\dimen120
\allauboxes=\dimen121
\addauthors=\toks21
\addauflag=\count95
\subtitletext=\toks22
\savesection=\count96
\sectioncntr=\count97
\c@figure=\count98
\c@table=\count99
\titleboxnotes=\toks23
\titleboxnoteflag=\count100
Document Class: sig-alternate 2009/04/22 - V2.4 - based on acmproc.cls V1.3 <No
v. 30 '99>
(/usr/share/texmf/tex/latex/base/latexsym.sty
Package: latexsym 1998/08/17 v2.2e Standard LaTeX package (lasy symbols)
\symlasy=\mathgroup6
LaTeX Font Info:    Overwriting symbol font `lasy' in version `bold'
(Font)                  U/lasy/m/n --> U/lasy/b/n on input line 47.
)
\@acmtitlebox=\box28
\titlenotecount=\count101
\tntoks=\toks24
\tntokstwo=\toks25
\tntoksthree=\toks26
\tntoksfour=\toks27
\tntoksfive=\toks28
\catcount=\count102
\copyrightnotice=\toks29
\conf=\toks30
\confinfo=\toks31
\c@part=\count103
\c@section=\count104
\c@subsection=\count105
\c@subsubsection=\count106
\c@paragraph=\count107

Using 'Abbrev' bibliography style
LaTeX Info: Redefining \cite on input line 1211.
\bibindent=\dimen122
\colcntr=\count108
\saveb@x=\box29
\copyrtyr=\toks32
\acmcopyr=\toks33
\boilerplate=\toks34
\copyrightetc=\toks35
(/usr/share/texmf/tex/latex/base/fontenc.sty
Package: fontenc 2004/02/22 v1.99f Standard LaTeX package

(/usr/share/texmf/tex/latex/base/t1enc.def
File: t1enc.def 2004/02/22 v1.99f Standard LaTeX file
LaTeX Font Info:    Redeclaring font encoding T1 on input line 43.
)
LaTeX Font Info:    Try loading font information for T1+aer on input line 100.

(/usr/share/texmf/tex/latex/ae/t1aer.fd
File: t1aer.fd 1997/11/16 Font definitions for T1/aer.
)))
(/usr/share/texmf/tex/latex/mh/mathtools.sty
Package: mathtools 2004/10/10 v1.01a mathematical typesetting tools (MH)

(/usr/share/texmf/tex/latex/tools/calc.sty
Package: calc 1998/07/07 v4.1b Infix arithmetic (KKT,FJ)
\calc@Acount=\count109
\calc@Bcount=\count110
\calc@Adimen=\dimen123
\calc@Bdimen=\dimen124
\calc@Askip=\skip44
\calc@Bskip=\skip45
LaTeX Info: Redefining \setlength on input line 59.
LaTeX Info: Redefining \addtolength on input line 60.
\calc@denominator=\count111
)
(/usr/share/texmf/tex/latex/mh/mhsetup.sty
Package: mhsetup 2004/10/10 v1.0b programming setup (MH)
)
\g_MT_multlinerow_int=\count112
\l_MT_multwidth_dim=\dimen125
)
\c@lemma=\count113
 (./www11_sorec.aux)
\openout1 = `www11_sorec.aux'.

LaTeX Font Info:    Checking defaults for OML/cmm/m/it on input line 105.
LaTeX Font Info:    ... okay on input line 105.
LaTeX Font Info:    Checking defaults for T1/cmr/m/n on input line 105.
LaTeX Font Info:    ... okay on input line 105.
LaTeX Font Info:    Checking defaults for OT1/cmr/m/n on input line 105.
LaTeX Font Info:    ... okay on input line 105.
LaTeX Font Info:    Checking defaults for OMS/cmsy/m/n on input line 105.
LaTeX Font Info:    ... okay on input line 105.
LaTeX Font Info:    Checking defaults for OMX/cmex/m/n on input line 105.
LaTeX Font Info:    ... okay on input line 105.
LaTeX Font Info:    Checking defaults for U/cmr/m/n on input line 105.
LaTeX Font Info:    ... okay on input line 105.

(/usr/share/texmf/tex/context/base/supp-pdf.tex
(/usr/share/texmf/tex/context/base/supp-mis.tex
loading : Context Support Macros / Miscellaneous (2004.10.26)
\protectiondepth=\count114
\scratchcounter=\count115
\scratchtoks=\toks36
\scratchdimen=\dimen126
\scratchskip=\skip46
\scratchmuskip=\muskip11
\scratchbox=\box30
\scratchread=\read1
\scratchwrite=\write3
\zeropoint=\dimen127
\onepoint=\dimen128
\onebasepoint=\dimen129
\minusone=\count116
\thousandpoint=\dimen130
\onerealpoint=\dimen131
\emptytoks=\toks37
\nextbox=\box31
\nextdepth=\dimen132
\everyline=\toks38
\!!counta=\count117
\!!countb=\count118
\recursecounter=\count119
)
loading : Context Support Macros / PDF (2004.03.26)
\nofMPsegments=\count120
\nofMParguments=\count121
\MPscratchCnt=\count122
\MPscratchDim=\dimen133
\MPnumerator=\count123
\everyMPtoPDFconversion=\toks39
)
LaTeX Font Info:    Try loading font information for U+msa on input line 127.
 (/usr/share/texmf/tex/latex/amsfonts/umsa.fd
File: umsa.fd 2002/01/19 v2.2g AMS font definitions
)
LaTeX Font Info:    Try loading font information for U+msb on input line 127.

(/usr/share/texmf/tex/latex/amsfonts/umsb.fd
File: umsb.fd 2002/01/19 v2.2g AMS font definitions
)
LaTeX Font Info:    Try loading font information for U+lasy on input line 127.

(/usr/share/texmf/tex/latex/base/ulasy.fd
File: ulasy.fd 1998/08/17 v2.2e LaTeX symbol font definitions
) [1{/var/lib/texmf/fonts/map/pdftex/updmap/pdftex.map}


]
Overfull \hbox (1.4039pt too wide) in paragraph at lines 229--233
[]\T1/aer/bx/n/9 Modeling di-rect user-user in-for-ma-tion dif-fu-sion:
 []


Overfull \hbox (3.43788pt too wide) in paragraph at lines 254--266
[]\T1/aer/bx/n/9 Idenfying pas-sive eval-u-a-tion paradigms that cor-
 []


Overfull \hbox (1.53696pt too wide) in paragraph at lines 286--294
\T1/aer/m/n/9 dis-cus-sion of \T1/aer/m/it/9 non-feature-based user sim-i-lar-i
ty\T1/aer/m/n/9 , we build
 []

[2]
Overfull \hbox (11.91302pt too wide) in paragraph at lines 461--462
[]\T1/aer/bx/n/9 Social Trust En-sem-ble [5] (Non-spectral) \T1/aer/m/n/9 ($[][
]$): 
 []

[3]
Overfull \hbox (16.867pt too wide) in paragraph at lines 493--493
[]\secfnt NOVEL AL-GO-RITHMS FOR SO-CIAL REC-
 []


Overfull \hbox (16.7404pt too wide) detected at line 586
\OML/cmm/m/it/9 U \OT1/cmr/m/n/9 = []     \OML/cmm/m/it/9 V \OT1/cmr/m/n/9 = []

 []

[4]
Overfull \hbox (12.81407pt too wide) in paragraph at lines 630--633
[]\T1/aer/m/n/9 We note that most tar-get pre-dic-tions are bi-nary classificat
ion-
 []


Overfull \hbox (3.56468pt too wide) in paragraph at lines 689--693
 \T1/aer/m/n/9 Note: stan-dard spec-tral reg-u-lar-iza-tion as-sumes $\OML/cmm/
m/it/9 S[] \OMS/cmsy/m/n/9 2
 []


Overfull \hbox (8.73889pt too wide) in paragraph at lines 717--718
[] \T1/aer/m/n/9 Note 2: we should also try set-ting $\OML/cmm/m/it/9 P[] \OT1/
cmr/m/n/9 = [] =
 []


Overfull \hbox (17.23772pt too wide) in paragraph at lines 718--721
[]\T1/aer/bx/n/9 Social co-preference spec-tral reg-u-lar-iza-tion \T1/aer/m/n/
9 ($[][]$)
 []

[5]
Underfull \vbox (badness 10000) has occurred while \output is active []


Overfull \hbox (19.10612pt too wide) in paragraph at lines 807--807
[] 
 []


Overfull \hbox (20.89653pt too wide) in paragraph at lines 817--817
[] 
 []

[6]
Overfull \hbox (46.10893pt too wide) in paragraph at lines 849--849
[] 
 []


Overfull \hbox (24.84541pt too wide) in paragraph at lines 873--873
[] 
 []


Overfull \hbox (19.80264pt too wide) in paragraph at lines 882--883
[]\T1/aer/bx/n/9 Social co-preference spec-tral reg-u-lar-iza-tion \T1/aer/m/n/
9 ($[][]$): 
 []


Overfull \hbox (21.69586pt too wide) in paragraph at lines 891--891
[] 
 []


Overfull \hbox (3.59882pt too wide) in paragraph at lines 905--906
[]\T1/aer/m/it/9 FIW\T1/aer/m/n/9 : Friend in-ter-ac-tion weight-ing -- sam-ple
 links posted
 []


Overfull \hbox (4.98953pt too wide) in paragraph at lines 914--915
[]\T1/aer/m/it/9 CF\T1/aer/m/n/9 : $[][] \OT1/cmr/m/n/9 + \OML/cmm/m/it/9 ^^U[]
[][] \OT1/cmr/m/n/9 + \OML/cmm/m/it/9 ^^U[][][]$ \T1/aer/m/n/9 -- stan-dard Mat
chbox-
 []

[7]
Overfull \hbox (22.80434pt too wide) in paragraph at lines 954--955
[]\T1/aer/m/n/9 Eventually will want to cross-validate (re-peat-edly train/test
)
 []


Overfull \hbox (1.5191pt too wide) in paragraph at lines 960--961
[]\T1/aer/m/n/9 (Active) Ac-tively rec-om-mended LinkR like/dislike data
 []


Overfull \hbox (1.57156pt too wide) in paragraph at lines 972--973
[]\T1/aer/m/n/9 (App-User-Active-Non-friend) App users only, all avail-
 []

[8]
Overfull \hbox (4.62625pt too wide) in paragraph at lines 1002--1003
[]$\OMS/cmsy/m/n/9 f[]g ^^B f[]g ^^B f[]g$ 
 []


Overfull \hbox (65.33162pt too wide) in paragraph at lines 1003--1004
[]$\OMS/cmsy/m/n/9 f[]g ^^B f[]g ^^B f[]g ^^B f[]g$ 
 []


Overfull \hbox (22.43651pt too wide) in paragraph at lines 1004--1005
\OMS/cmsy/m/n/9 ^^Bf[]g$ 
 []

(./www11_sorec.bbl) [9

] (./www11_sorec.aux) ) 
Here is how much of TeX's memory you used:
 2647 strings out of 94500
 31107 string characters out of 1176765
 92892 words of memory out of 1000000
 5763 multiletter control sequences out of 10000+50000
 56156 words of font info for 79 fonts, out of 500000 for 2000
 580 hyphenation exceptions out of 1000
 39i,24n,26p,657b,252s stack positions out of 1500i,500n,5000p,200000b,5000s
PDF statistics:
 92 PDF objects out of 300000
 0 named destinations out of 131072
 1 words of extra memory for PDF output out of 65536
</usr/share/texmf/fonts/type1/bluesky/cm/cmbx12.pfb></us
r/share/texmf/fonts/type1/bluesky/cm/cmr5.pfb></usr/share/texmf/fonts/type1/blu
esky/cm/cmmi5.pfb></usr/share/texmf/fonts/type1/bluesky/cm/cmbx5.pfb></usr/shar
e/texmf/fonts/type1/bluesky/cm/cmbx6.pfb></usr/share/texmf/fonts/type1/bluesky/
symbols/msbm10.pfb></usr/share/texmf/fonts/type1/bluesky/cm/cmsy6.pfb></usr/sha
re/texmf/fonts/type1/public/tt2001/fmex9.pfb></usr/share/texmf/fonts/type1/blue
sky/cm/cmti7.pfb></usr/share/texmf/fonts/type1/bluesky/cm/cmmi6.pfb></usr/share
/texmf/fonts/type1/bluesky/cm/cmmi9.pfb></usr/share/texmf/fonts/type1/bluesky/c
m/cmsy9.pfb></usr/share/texmf/fonts/type1/bluesky/cm/cmr6.pfb>{/usr/share/texmf
/fonts/enc/dvips/psnfss/8r.enc}</usr/share/texmf/fonts/type1/urw/times/utmri8a.
pfb></usr/share/texmf/fonts/type1/urw/times/utmr8a.pfb></usr/share/texmf/fonts/
type1/bluesky/cm/cmbx9.pfb></usr/share/texmf/fonts/type1/bluesky/cm/cmti9.pfb><
/usr/share/texmf/fonts/type1/bluesky/cm/cmr9.pfb></usr/share/texmf/fonts/type1/
urw/times/utmb8a.pfb></usr/share/texmf/fonts/type1/urw/helvetic/uhvr8a.pfb></us
r/share/texmf/fonts/type1/urw/helvetic/uhvb8a.pfb>
Output written on www11_sorec.pdf (9 pages, 198775 bytes).
