This is pdfTeX, Version 3.1415926-1.40.10 (TeX Live 2009/Debian) (format=pdflatex 2013.1.3)  6 FEB 2013 18:48
entering extended mode
 Source specials enabled.
 %&-line parsing enabled.
**document.tex
(./document.tex
LaTeX2e <2009/09/24>
Babel <v3.8l> and hyphenation patterns for english, usenglishmax, dumylang, noh
yphenation, loaded.
(/usr/share/texmf-texlive/tex/latex/base/article.cls
Document Class: article 2007/10/19 v1.4h Standard LaTeX document class
(/usr/share/texmf-texlive/tex/latex/base/size10.clo
File: size10.clo 2007/10/19 v1.4h Standard LaTeX file (size option)
)
\c@part=\count79
\c@section=\count80
\c@subsection=\count81
\c@subsubsection=\count82
\c@paragraph=\count83
\c@subparagraph=\count84
\c@figure=\count85
\c@table=\count86
\abovecaptionskip=\skip41
\belowcaptionskip=\skip42
\bibindent=\dimen102
) (./aaai.sty
Conference Style for AAAI for LaTeX 2e -- version of 1 December 2012
\titlebox=\skip43
) (/usr/share/texmf-texlive/tex/latex/psnfss/times.sty
Package: times 2005/04/12 PSNFSS-v9.2a (SPQR) 
)
(/usr/share/texmf-texlive/tex/latex/psnfss/helvet.sty
Package: helvet 2005/04/12 PSNFSS-v9.2a (WaS) 

(/usr/share/texmf-texlive/tex/latex/graphics/keyval.sty
Package: keyval 1999/03/16 v1.13 key=value parser (DPC)
\KV@toks@=\toks14
))
(/usr/share/texmf-texlive/tex/latex/psnfss/courier.sty
Package: courier 2005/04/12 PSNFSS-v9.2a (WaS) 
)
(/usr/share/texmf-texlive/tex/latex/amsmath/amsmath.sty
Package: amsmath 2000/07/18 v2.13 AMS math features
\@mathmargin=\skip44

For additional information on amsmath, use the `?' option.
(/usr/share/texmf-texlive/tex/latex/amsmath/amstext.sty
Package: amstext 2000/06/29 v2.01

(/usr/share/texmf-texlive/tex/latex/amsmath/amsgen.sty
File: amsgen.sty 1999/11/30 v2.0
\@emptytoks=\toks15
\ex@=\dimen103
))
(/usr/share/texmf-texlive/tex/latex/amsmath/amsbsy.sty
Package: amsbsy 1999/11/29 v1.2d
\pmbraise@=\dimen104
)
(/usr/share/texmf-texlive/tex/latex/amsmath/amsopn.sty
Package: amsopn 1999/12/14 v2.01 operator names
)
\inf@bad=\count87
LaTeX Info: Redefining \frac on input line 211.
\uproot@=\count88
\leftroot@=\count89
LaTeX Info: Redefining \overline on input line 307.
\classnum@=\count90
\DOTSCASE@=\count91
LaTeX Info: Redefining \ldots on input line 379.
LaTeX Info: Redefining \dots on input line 382.
LaTeX Info: Redefining \cdots on input line 467.
\Mathstrutbox@=\box26
\strutbox@=\box27
\big@size=\dimen105
LaTeX Font Info:    Redeclaring font encoding OML on input line 567.
LaTeX Font Info:    Redeclaring font encoding OMS on input line 568.
\macc@depth=\count92
\c@MaxMatrixCols=\count93
\dotsspace@=\muskip10
\c@parentequation=\count94
\dspbrk@lvl=\count95
\tag@help=\toks16
\row@=\count96
\column@=\count97
\maxfields@=\count98
\andhelp@=\toks17
\eqnshift@=\dimen106
\alignsep@=\dimen107
\tagshift@=\dimen108
\tagwidth@=\dimen109
\totwidth@=\dimen110
\lineht@=\dimen111
\@envbody=\toks18
\multlinegap=\skip45
\multlinetaggap=\skip46
\mathdisplay@stack=\toks19
LaTeX Info: Redefining \[ on input line 2666.
LaTeX Info: Redefining \] on input line 2667.
)
(/usr/share/texmf-texlive/tex/latex/amsfonts/amsfonts.sty
Package: amsfonts 2009/06/22 v3.00 Basic AMSFonts support
\symAMSa=\mathgroup4
\symAMSb=\mathgroup5
LaTeX Font Info:    Overwriting math alphabet `\mathfrak' in version `bold'
(Font)                  U/euf/m/n --> U/euf/b/n on input line 96.
)
(/usr/share/texmf-texlive/tex/latex/amsfonts/amssymb.sty
Package: amssymb 2009/06/22 v3.00
)
(/usr/share/texmf-texlive/tex/latex/amscls/amsthm.sty
Package: amsthm 2004/08/06 v2.20
\thm@style=\toks20
\thm@bodyfont=\toks21
\thm@headfont=\toks22
\thm@notefont=\toks23
\thm@headpunct=\toks24
\thm@preskip=\skip47
\thm@postskip=\skip48
\thm@headsep=\skip49
\dth@everypar=\toks25
)
(/usr/share/texmf-texlive/tex/latex/tools/array.sty
Package: array 2008/09/09 v2.4c Tabular extension package (FMi)
\col@sep=\dimen112
\extrarowheight=\dimen113
\NC@list=\toks26
\extratabsurround=\skip50
\backup@length=\skip51
)
(/usr/share/texmf-texlive/tex/latex/graphics/graphicx.sty
Package: graphicx 1999/02/16 v1.0f Enhanced LaTeX Graphics (DPC,SPQR)

(/usr/share/texmf-texlive/tex/latex/graphics/graphics.sty
Package: graphics 2009/02/05 v1.0o Standard LaTeX Graphics (DPC,SPQR)

(/usr/share/texmf-texlive/tex/latex/graphics/trig.sty
Package: trig 1999/03/16 v1.09 sin cos tan (DPC)
)
(/etc/texmf/tex/latex/config/graphics.cfg
File: graphics.cfg 2009/08/28 v1.8 graphics configuration of TeX Live
)
Package graphics Info: Driver file: pdftex.def on input line 91.

(/usr/share/texmf-texlive/tex/latex/pdftex-def/pdftex.def
File: pdftex.def 2010/03/12 v0.04p Graphics/color for pdfTeX
\Gread@gobject=\count99
))
\Gin@req@height=\dimen114
\Gin@req@width=\dimen115
)
(/usr/share/texmf-texlive/tex/latex/oberdiek/epstopdf.sty
Package: epstopdf 2009/10/17 v2.4 Conversion with epstopdf on the fly (HO)

(/usr/share/texmf-texlive/tex/latex/oberdiek/epstopdf-base.sty
Package: epstopdf-base 2009/10/17 v2.4 Base part for package epstopdf

(/usr/share/texmf-texlive/tex/generic/oberdiek/infwarerr.sty
Package: infwarerr 2007/09/09 v1.2 Providing info/warning/message (HO)
)
(/usr/share/texmf-texlive/tex/latex/oberdiek/grfext.sty
Package: grfext 2007/09/30 v1.0 Managing graphics extensions (HO)
)
(/usr/share/texmf-texlive/tex/latex/oberdiek/kvoptions.sty
Package: kvoptions 2009/08/13 v3.4 Keyval support for LaTeX options (HO)

(/usr/share/texmf-texlive/tex/generic/oberdiek/kvsetkeys.sty
Package: kvsetkeys 2009/07/30 v1.5 Key value parser with default handler suppor
t (HO)

(/usr/share/texmf-texlive/tex/generic/oberdiek/etexcmds.sty
Package: etexcmds 2007/12/12 v1.2 Prefix for e-TeX command names (HO)
Package etexcmds Info: Could not find \expanded.
(etexcmds)             That can mean that you are not using pdfTeX 1.50 or
(etexcmds)             that some package has redefined \expanded.
(etexcmds)             In the latter case, load this package earlier.
)))
(/usr/share/texmf-texlive/tex/generic/oberdiek/pdftexcmds.sty
Package: pdftexcmds 2009/09/23 v0.6 LuaTeX support for pdfTeX utility functions
 (HO)

(/usr/share/texmf-texlive/tex/generic/oberdiek/ifluatex.sty
Package: ifluatex 2009/04/17 v1.2 Provides the ifluatex switch (HO)
Package ifluatex Info: LuaTeX not detected.
)
(/usr/share/texmf-texlive/tex/generic/oberdiek/ltxcmds.sty
Package: ltxcmds 2009/08/05 v1.0 Some LaTeX kernel commands for general use (HO
)
)
Package pdftexcmds Info: LuaTeX not detected.
Package pdftexcmds Info: \pdf@primitive is available.
Package pdftexcmds Info: \pdf@ifprimitive is available.
)

Package epstopdf Warning: Shell escape feature is not enabled.

Package grfext Info: Graphics extension search list:
(grfext)             [.png,.pdf,.jpg,.mps,.jpeg,.jbig2,.jb2,.PNG,.PDF,.JPG,.JPE
G,.JBIG2,.JB2,.eps]
(grfext)             \AppendGraphicsExtensions on input line 433.
(/usr/share/texmf-texlive/tex/latex/latexconfig/epstopdf-sys.cfg
File: epstopdf-sys.cfg 2009/10/26 v1.1 Configuration of epstopdf for TeX Live
)))
(./document.aux)
\openout1 = `document.aux'.

LaTeX Font Info:    Checking defaults for OML/cmm/m/it on input line 42.
LaTeX Font Info:    ... okay on input line 42.
LaTeX Font Info:    Checking defaults for T1/cmr/m/n on input line 42.
LaTeX Font Info:    ... okay on input line 42.
LaTeX Font Info:    Checking defaults for OT1/cmr/m/n on input line 42.
LaTeX Font Info:    ... okay on input line 42.
LaTeX Font Info:    Checking defaults for OMS/cmsy/m/n on input line 42.
LaTeX Font Info:    ... okay on input line 42.
LaTeX Font Info:    Checking defaults for OMX/cmex/m/n on input line 42.
LaTeX Font Info:    ... okay on input line 42.
LaTeX Font Info:    Checking defaults for U/cmr/m/n on input line 42.
LaTeX Font Info:    ... okay on input line 42.
LaTeX Font Info:    Try loading font information for OT1+ptm on input line 42.
 (/usr/share/texmf-texlive/tex/latex/psnfss/ot1ptm.fd
File: ot1ptm.fd 2001/06/04 font definitions for OT1/ptm.
)
(/usr/share/texmf-texlive/tex/context/base/supp-pdf.mkii
[Loading MPS to PDF converter (version 2006.09.02).]
\scratchcounter=\count100
\scratchdimen=\dimen116
\scratchbox=\box28
\nofMPsegments=\count101
\nofMParguments=\count102
\everyMPshowfont=\toks27
\MPscratchCnt=\count103
\MPscratchDim=\dimen117
\MPnumerator=\count104
\everyMPtoPDFconversion=\toks28
)
LaTeX Font Info:    Font shape `OT1/ptm/bx/n' in size <10> not available
(Font)              Font shape `OT1/ptm/b/n' tried instead on input line 49.
LaTeX Font Info:    Font shape `OT1/ptm/bx/n' in size <12> not available
(Font)              Font shape `OT1/ptm/b/n' tried instead on input line 52.
 (./data-description.tex
LaTeX Font Info:    Try loading font information for U+msa on input line 2.
 (/usr/share/texmf-texlive/tex/latex/amsfonts/umsa.fd
File: umsa.fd 2009/06/22 v3.00 AMS symbols A
)
LaTeX Font Info:    Try loading font information for U+msb on input line 2.
(/usr/share/texmf-texlive/tex/latex/amsfonts/umsb.fd
File: umsb.fd 2009/06/22 v3.00 AMS symbols B
)
LaTeX Font Info:    Font shape `OT1/ptm/bx/n' in size <9> not available
(Font)              Font shape `OT1/ptm/b/n' tried instead on input line 75.

Overfull \hbox (18.75471pt too wide) in paragraph at lines 73--98
 [][][] 
 []

) (./evaluation.tex
LaTeX Font Info:    Try loading font information for OMS+ptm on input line 2.
 (/usr/share/texmf-texlive/tex/latex/psnfss/omsptm.fd
File: omsptm.fd 
)
LaTeX Font Info:    Font shape `OMS/ptm/m/n' in size <10> not available
(Font)              Font shape `OMS/cmsy/m/n' tried instead on input line 2.

[1


{/var/lib/texmf/fonts/map/pdftex/updmap/pdftex.map}]
Underfull \hbox (badness 1406) in paragraph at lines 6--7
[][]\OT1/ptm/m/n/10 For Large so-cial net-works en-cod-ing user's mem-ber-
 []

Package epstopdf Info: Source file: <data/accuracy.eps>
(epstopdf)                    date: 2013-01-31 10:37:23
(epstopdf)                    size: 57979 bytes
(epstopdf)             Output file: <data/accuracy-eps-converted-to.pdf>
(epstopdf)                    date: 2013-01-31 11:06:58
(epstopdf)                    size: 23921 bytes
(epstopdf)             Command: <epstopdf --outfile=data/accuracy-eps-converted
-to.pdf data/accuracy.eps>
(epstopdf)             \includegraphics on input line 12.
Package epstopdf Info: Output file is already uptodate.
<data/accuracy-eps-converted-to.pdf, id=8, 1670.24pt x 454.69875pt>
File: data/accuracy-eps-converted-to.pdf Graphic file (type pdf)

<use data/accuracy-eps-converted-to.pdf>
Package epstopdf Info: Source file: <data/MIvsGroupSizeBox.eps>
(epstopdf)                    date: 2013-02-01 13:40:04
(epstopdf)                    size: 54148 bytes
(epstopdf)             Output file: <data/MIvsGroupSizeBox-eps-converted-to.pdf
>
(epstopdf)                    date: 2013-02-01 13:43:29
(epstopdf)                    size: 22179 bytes
(epstopdf)             Command: <epstopdf --outfile=data/MIvsGroupSizeBox-eps-c
onverted-to.pdf data/MIvsGroupSizeBox.eps>
(epstopdf)             \includegraphics on input line 19.
Package epstopdf Info: Output file is already uptodate.

<data/MIvsGroupSizeBox-eps-converted-to.pdf, id=9, 1668.2325pt x 433.62pt>
File: data/MIvsGroupSizeBox-eps-converted-to.pdf Graphic file (type pdf)

<use data/MIvsGroupSizeBox-eps-converted-to.pdf>
Package epstopdf Info: Source file: <data/MIvsPageSizeBox.eps>
(epstopdf)                    date: 2013-02-01 13:40:04
(epstopdf)                    size: 70238 bytes
(epstopdf)             Output file: <data/MIvsPageSizeBox-eps-converted-to.pdf>

(epstopdf)                    date: 2013-02-01 13:43:29
(epstopdf)                    size: 29529 bytes
(epstopdf)             Command: <epstopdf --outfile=data/MIvsPageSizeBox-eps-co
nverted-to.pdf data/MIvsPageSizeBox.eps>
(epstopdf)             \includegraphics on input line 26.
Package epstopdf Info: Output file is already uptodate.

<data/MIvsPageSizeBox-eps-converted-to.pdf, id=10, 1634.105pt x 433.62pt>
File: data/MIvsPageSizeBox-eps-converted-to.pdf Graphic file (type pdf)

<use data/MIvsPageSizeBox-eps-converted-to.pdf>
Package epstopdf Info: Source file: <data/MIvsFavouritesSizeBox.eps>
(epstopdf)                    date: 2013-02-01 13:40:04
(epstopdf)                    size: 59788 bytes
(epstopdf)             Output file: <data/MIvsFavouritesSizeBox-eps-converted-t
o.pdf>
(epstopdf)                    date: 2013-02-01 13:43:29
(epstopdf)                    size: 23692 bytes
(epstopdf)             Command: <epstopdf --outfile=data/MIvsFavouritesSizeBox-
eps-converted-to.pdf data/MIvsFavouritesSizeBox.eps>
(epstopdf)             \includegraphics on input line 33.
Package epstopdf Info: Output file is already uptodate.

<data/MIvsFavouritesSizeBox-eps-converted-to.pdf, id=11, 1660.2025pt x 433.62pt
>
File: data/MIvsFavouritesSizeBox-eps-converted-to.pdf Graphic file (type pdf)
 <use data/MIvsFavouritesSizeBox-eps-converted-to.pdf>
Package epstopdf Info: Source file: <data/CEvsSize.eps>
(epstopdf)                    date: 2013-01-31 10:36:19
(epstopdf)                    size: 845147 bytes
(epstopdf)             Output file: <data/CEvsSize-eps-converted-to.pdf>
(epstopdf)                    date: 2013-01-31 11:06:58
(epstopdf)                    size: 168873 bytes
(epstopdf)             Command: <epstopdf --outfile=data/CEvsSize-eps-converted
-to.pdf data/CEvsSize.eps>
(epstopdf)             \includegraphics on input line 41.
Package epstopdf Info: Output file is already uptodate.

<data/CEvsSize-eps-converted-to.pdf, id=12, 1672.2475pt x 466.74374pt>
File: data/CEvsSize-eps-converted-to.pdf Graphic file (type pdf)

<use data/CEvsSize-eps-converted-to.pdf>
Overfull \hbox (45.11359pt too wide) in paragraph at lines 41--42
 [][][] 
 []

Package epstopdf Info: Source file: <data/CEvsSizeLog.eps>
(epstopdf)                    date: 2013-01-31 10:36:19
(epstopdf)                    size: 877977 bytes
(epstopdf)             Output file: <data/CEvsSizeLog-eps-converted-to.pdf>
(epstopdf)                    date: 2013-01-31 11:06:59
(epstopdf)                    size: 207454 bytes
(epstopdf)             Command: <epstopdf --outfile=data/CEvsSizeLog-eps-conver
ted-to.pdf data/CEvsSizeLog.eps>
(epstopdf)             \includegraphics on input line 48.
Package epstopdf Info: Output file is already uptodate.
<data/CEvsSizeLog-eps-converted-to.pdf, id=13, 1664.2175pt x 516.93124pt>
File: data/CEvsSizeLog-eps-converted-to.pdf Graphic file (type pdf)

<use data/CEvsSizeLog-eps-converted-to.pdf>
Overfull \hbox (45.11867pt too wide) in paragraph at lines 48--49
 [][][] 
 []


Underfull \vbox (badness 10000) has occurred while \output is active []

Package epstopdf Info: Source file: <data/MIvsSize.eps>
(epstopdf)                    date: 2013-01-31 10:36:20
(epstopdf)                    size: 853235 bytes
(epstopdf)             Output file: <data/MIvsSize-eps-converted-to.pdf>
(epstopdf)                    date: 2013-01-31 11:06:59
(epstopdf)                    size: 179016 bytes
(epstopdf)             Command: <epstopdf --outfile=data/MIvsSize-eps-converted
-to.pdf data/MIvsSize.eps>
(epstopdf)             \includegraphics on input line 58.
Package epstopdf Info: Output file is already uptodate.

<data/MIvsSize-eps-converted-to.pdf, id=14, 1672.2475pt x 496.85625pt>
File: data/MIvsSize-eps-converted-to.pdf Graphic file (type pdf)

<use data/MIvsSize-eps-converted-to.pdf>
Overfull \hbox (45.11359pt too wide) in paragraph at lines 58--59
 [][][] 
 []

Package epstopdf Info: Source file: <data/MIvsSizelog.eps>
(epstopdf)                    date: 2013-01-31 10:36:20
(epstopdf)                    size: 893416 bytes
(epstopdf)             Output file: <data/MIvsSizelog-eps-converted-to.pdf>
(epstopdf)                    date: 2013-01-31 11:07:00
(epstopdf)                    size: 215143 bytes
(epstopdf)             Command: <epstopdf --outfile=data/MIvsSizelog-eps-conver
ted-to.pdf data/MIvsSizelog.eps>
(epstopdf)             \includegraphics on input line 65.
Package epstopdf Info: Output file is already uptodate.
<data/MIvsSizelog-eps-converted-to.pdf, id=15, 1670.24pt x 484.81125pt>
File: data/MIvsSizelog-eps-converted-to.pdf Graphic file (type pdf)

<use data/MIvsSizelog-eps-converted-to.pdf>
Overfull \hbox (45.12885pt too wide) in paragraph at lines 65--66
 [][][] 
 []

[2 <./data/CEvsSize-eps-converted-to.pdf> <./data/CEvsSizeLog-eps-converted-to.
pdf> <./data/MIvsSize-eps-converted-to.pdf> <./data/MIvsSizelog-eps-converted-t
o.pdf>] [3 <./data/accuracy-eps-converted-to.pdf> <./data/MIvsGroupSizeBox-eps-
converted-to.pdf> <./data/MIvsPageSizeBox-eps-converted-to.pdf> <./data/MIvsFav
ouritesSizeBox-eps-converted-to.pdf>]
Overfull \hbox (201.73584pt too wide) in paragraph at lines 74--130
 [][][] 
 []

[4


]
Overfull \hbox (261.97253pt too wide) in paragraph at lines 136--182
 [][][] 
 []


Overfull \hbox (303.2189pt too wide) in paragraph at lines 186--237
 [][][] 
 []

[5


]
Overfull \hbox (301.79745pt too wide) in paragraph at lines 243--294
 [][][] 
 []

[6


]
Overfull \hbox (196.8059pt too wide) in paragraph at lines 299--325
[][][] 
 []

[7


]
Missing character: There is no â in font ptmr7t!
Missing character: There is no ˜ in font ptmr7t!
Missing character: There is no   in font ptmr7t!

Overfull \hbox (298.28859pt too wide) in paragraph at lines 333--359
[][][] 
 []

[8


]
Overfull \hbox (312.04039pt too wide) in paragraph at lines 366--392
[][][] 
 []

) [9


] (./document.aux) ) 
Here is how much of TeX's memory you used:
 2424 strings out of 495061
 32197 string characters out of 1182622
 101558 words of memory out of 3000000
 5534 multiletter control sequences out of 15000+50000
 20166 words of font info for 49 fonts, out of 3000000 for 9000
 28 hyphenation exceptions out of 8191
 41i,8n,23p,434b,229s stack positions out of 5000i,500n,10000p,200000b,50000s
{/usr/share/texmf-texlive/fonts/enc/dvips/base/8r.enc}</usr
/share/texmf-texlive/fonts/type1/public/amsfonts/cm/cmmi10.pfb></usr/share/texm
f-texlive/fonts/type1/public/amsfonts/cm/cmsy10.pfb></usr/share/texmf-texlive/f
onts/type1/urw/times/utmb8a.pfb></usr/share/texmf-texlive/fonts/type1/urw/times
/utmr8a.pfb>
Output written on document.pdf (9 pages, 935644 bytes).
PDF statistics:
 352 PDF objects out of 1000 (max. 8388607)
 0 named destinations out of 1000 (max. 500000)
 41 words of extra memory for PDF output out of 10000 (max. 10000000)

