This is pdfTeX, Version 3.1415926-2.4-1.40.13 (TeX Live 2012) (format=pdflatex 2012.6.30)  2 SEP 2013 20:35
entering extended mode
 restricted \write18 enabled.
 %&-line parsing enabled.
**cosn084-sedhain.tex
(./cosn084-sedhain.tex
LaTeX2e <2011/06/27>
Babel <v3.8m> and hyphenation patterns for english, dumylang, nohyphenation, ge
rman-x-2012-05-30, ngerman-x-2012-05-30, afrikaans, ancientgreek, ibycus, arabi
c, armenian, basque, bulgarian, catalan, pinyin, coptic, croatian, czech, danis
h, dutch, ukenglish, usenglishmax, esperanto, estonian, ethiopic, farsi, finnis
h, french, friulan, galician, german, ngerman, swissgerman, monogreek, greek, h
ungarian, icelandic, assamese, bengali, gujarati, hindi, kannada, malayalam, ma
rathi, oriya, panjabi, tamil, telugu, indonesian, interlingua, irish, italian, 
kurmanji, latin, latvian, lithuanian, mongolian, mongolianlmc, bokmal, nynorsk,
 polish, portuguese, romanian, romansh, russian, sanskrit, serbian, serbianc, s
lovak, slovenian, spanish, swedish, turkish, turkmen, ukrainian, uppersorbian, 
welsh, loaded.
(./sig-alternate-2013.cls
(/usr/local/texlive/2012/texmf-dist/tex/latex/graphics/epsfig.sty
Package: epsfig 1999/02/16 v1.7a (e)psfig emulation (SPQR)

(/usr/local/texlive/2012/texmf-dist/tex/latex/graphics/graphicx.sty
Package: graphicx 1999/02/16 v1.0f Enhanced LaTeX Graphics (DPC,SPQR)

(/usr/local/texlive/2012/texmf-dist/tex/latex/graphics/keyval.sty
Package: keyval 1999/03/16 v1.13 key=value parser (DPC)
\KV@toks@=\toks14
)
(/usr/local/texlive/2012/texmf-dist/tex/latex/graphics/graphics.sty
Package: graphics 2009/02/05 v1.0o Standard LaTeX Graphics (DPC,SPQR)

(/usr/local/texlive/2012/texmf-dist/tex/latex/graphics/trig.sty
Package: trig 1999/03/16 v1.09 sin cos tan (DPC)
)
(/usr/local/texlive/2012/texmf-dist/tex/latex/latexconfig/graphics.cfg
File: graphics.cfg 2010/04/23 v1.9 graphics configuration of TeX Live
)
Package graphics Info: Driver file: pdftex.def on input line 91.

(/usr/local/texlive/2012/texmf-dist/tex/latex/pdftex-def/pdftex.def
File: pdftex.def 2011/05/27 v0.06d Graphics/color for pdfTeX

(/usr/local/texlive/2012/texmf-dist/tex/generic/oberdiek/infwarerr.sty
Package: infwarerr 2010/04/08 v1.3 Providing info/warning/error messages (HO)
)
(/usr/local/texlive/2012/texmf-dist/tex/generic/oberdiek/ltxcmds.sty
Package: ltxcmds 2011/11/09 v1.22 LaTeX kernel commands for general use (HO)
)
\Gread@gobject=\count79
))
\Gin@req@height=\dimen102
\Gin@req@width=\dimen103
)
\epsfxsize=\dimen104
\epsfysize=\dimen105
)
(/usr/local/texlive/2012/texmf-dist/tex/latex/amsfonts/amssymb.sty
Package: amssymb 2009/06/22 v3.00

(/usr/local/texlive/2012/texmf-dist/tex/latex/amsfonts/amsfonts.sty
Package: amsfonts 2009/06/22 v3.00 Basic AMSFonts support
\@emptytoks=\toks15
\symAMSa=\mathgroup4
\symAMSb=\mathgroup5
LaTeX Font Info:    Overwriting math alphabet `\mathfrak' in version `bold'
(Font)                  U/euf/m/n --> U/euf/b/n on input line 96.
))
(/usr/local/texlive/2012/texmf-dist/tex/latex/amsmath/amsmath.sty
Package: amsmath 2000/07/18 v2.13 AMS math features
\@mathmargin=\skip41

For additional information on amsmath, use the `?' option.
(/usr/local/texlive/2012/texmf-dist/tex/latex/amsmath/amstext.sty
Package: amstext 2000/06/29 v2.01

(/usr/local/texlive/2012/texmf-dist/tex/latex/amsmath/amsgen.sty
File: amsgen.sty 1999/11/30 v2.0
\@emptytoks=\toks16
\ex@=\dimen106
))
(/usr/local/texlive/2012/texmf-dist/tex/latex/amsmath/amsbsy.sty
Package: amsbsy 1999/11/29 v1.2d
\pmbraise@=\dimen107
)
(/usr/local/texlive/2012/texmf-dist/tex/latex/amsmath/amsopn.sty
Package: amsopn 1999/12/14 v2.01 operator names
)
\inf@bad=\count80
LaTeX Info: Redefining \frac on input line 211.
\uproot@=\count81
\leftroot@=\count82
LaTeX Info: Redefining \overline on input line 307.
\classnum@=\count83
\DOTSCASE@=\count84
LaTeX Info: Redefining \ldots on input line 379.
LaTeX Info: Redefining \dots on input line 382.
LaTeX Info: Redefining \cdots on input line 467.
\Mathstrutbox@=\box26
\strutbox@=\box27
\big@size=\dimen108
LaTeX Font Info:    Redeclaring font encoding OML on input line 567.
LaTeX Font Info:    Redeclaring font encoding OMS on input line 568.
\macc@depth=\count85
\c@MaxMatrixCols=\count86
\dotsspace@=\muskip10
\c@parentequation=\count87
\dspbrk@lvl=\count88
\tag@help=\toks17
\row@=\count89
\column@=\count90
\maxfields@=\count91
\andhelp@=\toks18
\eqnshift@=\dimen109
\alignsep@=\dimen110
\tagshift@=\dimen111
\tagwidth@=\dimen112
\totwidth@=\dimen113
\lineht@=\dimen114
\@envbody=\toks19
\multlinegap=\skip42
\multlinetaggap=\skip43
\mathdisplay@stack=\toks20
LaTeX Info: Redefining \[ on input line 2666.
LaTeX Info: Redefining \] on input line 2667.
)
Document Class 'sig-alternate' <23rd. May '12>. Modified by G.K.M. Tobin/Gerry 
Murray
Based in part upon document Style `acmconf' <22 May 89>. Hacked 4/91 by
shivers@cs.cmu.edu, 4/93 by theobald@cs.mcgill.ca
Excerpts were taken from (Journal Style) 'esub2acm.cls'.
****** Bugs/comments/suggestions/technicalities to Gerry Murray -- murray@hq.ac
m.org ******
Questions on the style, SIGS policies, etc. to Adrienne Griscti griscti@acm.org

\footheight=\dimen115
\@maxsep=\dimen116
\@dblmaxsep=\dimen117
\aucount=\count92
\originalaucount=\count93
\auwidth=\dimen118
\auskip=\dimen119
\auskipcount=\count94
\auskip=\dimen120
\allauboxes=\dimen121
\addauthors=\toks21
\addauflag=\count95
\subtitletext=\toks22
\savesection=\count96
\sectioncntr=\count97
\c@figure=\count98
\c@table=\count99
\titleboxnotes=\toks23
\titleboxnoteflag=\count100

LaTeX Warning: You have requested document class `sig-alternate-2013',
               but the document class provides `sig-alternate'.

Document Class: sig-alternate 2012/05/23 - V2.5 - based on acmproc.cls V1.3 <No
v. 30 '99>
(/usr/local/texlive/2012/texmf-dist/tex/latex/base/latexsym.sty
Package: latexsym 1998/08/17 v2.2e Standard LaTeX package (lasy symbols)
\symlasy=\mathgroup6
LaTeX Font Info:    Overwriting symbol font `lasy' in version `bold'
(Font)                  U/lasy/m/n --> U/lasy/b/n on input line 47.
)
\@acmtitlebox=\box28
\titlenotecount=\count101
\tntoks=\toks24
\tntokstwo=\toks25
\tntoksthree=\toks26
\tntoksfour=\toks27
\tntoksfive=\toks28
\catcount=\count102
\copyrightnotice=\toks29
\conf=\toks30
\confinfo=\toks31
\c@part=\count103
\c@section=\count104
\c@subsection=\count105
\c@subsubsection=\count106
\c@paragraph=\count107

Using 'Abbrev' bibliography style
LaTeX Info: Redefining \cite on input line 1211.
\bibindent=\dimen122
\colcntr=\count108
\saveb@x=\box29
\copyrtyr=\toks32
\acmcopyr=\toks33
\boilerplate=\toks34
\copyrightetc=\toks35
(/usr/local/texlive/2012/texmf-dist/tex/latex/base/fontenc.sty
Package: fontenc 2005/09/27 v1.99g Standard LaTeX package

(/usr/local/texlive/2012/texmf-dist/tex/latex/base/t1enc.def
File: t1enc.def 2005/09/27 v1.99g Standard LaTeX file
LaTeX Font Info:    Redeclaring font encoding T1 on input line 43.
)
LaTeX Font Info:    Try loading font information for T1+aer on input line 100.

(/usr/local/texlive/2012/texmf-dist/tex/latex/ae/t1aer.fd
File: t1aer.fd 1997/11/16 Font definitions for T1/aer.
)))
(/usr/local/texlive/2012/texmf-dist/tex/latex/psnfss/times.sty
Package: times 2005/04/12 PSNFSS-v9.2a (SPQR) 
)
(/usr/local/texlive/2012/texmf-dist/tex/latex/psnfss/helvet.sty
Package: helvet 2005/04/12 PSNFSS-v9.2a (WaS) 
)
(/usr/local/texlive/2012/texmf-dist/tex/latex/psnfss/courier.sty
Package: courier 2005/04/12 PSNFSS-v9.2a (WaS) 
)
(/usr/local/texlive/2012/texmf-dist/tex/latex/tools/array.sty
Package: array 2008/09/09 v2.4c Tabular extension package (FMi)
\col@sep=\dimen123
\extrarowheight=\dimen124
\NC@list=\toks36
\extratabsurround=\skip44
\backup@length=\skip45
)
(/usr/local/texlive/2012/texmf-dist/tex/latex/subfig/subfig.sty
Package: subfig 2005/06/28 ver: 1.3 subfig package

(/usr/local/texlive/2012/texmf-dist/tex/latex/caption/caption.sty
Package: caption 2012/02/19 v3.2f Customizing captions (AR)

(/usr/local/texlive/2012/texmf-dist/tex/latex/caption/caption3.sty
Package: caption3 2012/01/12 v1.4b caption3 kernel (AR)
\captionmargin=\dimen125
\captionmargin@=\dimen126
\captionwidth=\dimen127
\caption@indent=\dimen128
\caption@parindent=\dimen129
\caption@hangindent=\dimen130
\abovecaptionskip=\skip46
\belowcaptionskip=\skip47
Package caption Info: Unknown document class (or package),
(caption)             standard defaults will be used.
)

Package caption Warning: Unsupported document class (or package) detected,
(caption)                usage of the caption package is not recommended.
See the caption package documentation for explanation.

Package caption Info: \@makecaption = \long macro:#1#2-> \vskip 10pt \setbox \@
tempboxa \hbox {\textbf {#1: #2}} \ifdim \wd \@tempboxa >\hsize \textbf {#1: #2
}\par \else \hbox to\hsize {\hfil \box \@tempboxa \hfil } \fi .
\c@ContinuedFloat=\count109
)
\c@KVtest=\count110
\sf@farskip=\skip48
\sf@captopadj=\dimen131
\sf@capskip=\skip49
\sf@nearskip=\skip50
\c@subfigure=\count111
\c@subfigure@save=\count112
\c@lofdepth=\count113
\c@subtable=\count114
\c@subtable@save=\count115
\c@lotdepth=\count116
\sf@top=\skip51
\sf@bottom=\skip52
) (/usr/local/texlive/2012/texmf-dist/tex/latex/oberdiek/epstopdf.sty
Package: epstopdf 2010/02/09 v2.5 Conversion with epstopdf on the fly (HO)

(/usr/local/texlive/2012/texmf-dist/tex/latex/oberdiek/epstopdf-base.sty
Package: epstopdf-base 2010/02/09 v2.5 Base part for package epstopdf

(/usr/local/texlive/2012/texmf-dist/tex/latex/oberdiek/grfext.sty
Package: grfext 2010/08/19 v1.1 Manage graphics extensions (HO)

(/usr/local/texlive/2012/texmf-dist/tex/generic/oberdiek/kvdefinekeys.sty
Package: kvdefinekeys 2011/04/07 v1.3 Define keys (HO)
))
(/usr/local/texlive/2012/texmf-dist/tex/latex/oberdiek/kvoptions.sty
Package: kvoptions 2011/06/30 v3.11 Key value format for package options (HO)

(/usr/local/texlive/2012/texmf-dist/tex/generic/oberdiek/kvsetkeys.sty
Package: kvsetkeys 2012/04/25 v1.16 Key value parser (HO)

(/usr/local/texlive/2012/texmf-dist/tex/generic/oberdiek/etexcmds.sty
Package: etexcmds 2011/02/16 v1.5 Avoid name clashes with e-TeX commands (HO)

(/usr/local/texlive/2012/texmf-dist/tex/generic/oberdiek/ifluatex.sty
Package: ifluatex 2010/03/01 v1.3 Provides the ifluatex switch (HO)
Package ifluatex Info: LuaTeX not detected.
)
Package etexcmds Info: Could not find \expanded.
(etexcmds)             That can mean that you are not using pdfTeX 1.50 or
(etexcmds)             that some package has redefined \expanded.
(etexcmds)             In the latter case, load this package earlier.
)))
(/usr/local/texlive/2012/texmf-dist/tex/generic/oberdiek/pdftexcmds.sty
Package: pdftexcmds 2011/11/29 v0.20 Utility functions of pdfTeX for LuaTeX (HO
)

(/usr/local/texlive/2012/texmf-dist/tex/generic/oberdiek/ifpdf.sty
Package: ifpdf 2011/01/30 v2.3 Provides the ifpdf switch (HO)
Package ifpdf Info: pdfTeX in PDF mode is detected.
)
Package pdftexcmds Info: LuaTeX not detected.
Package pdftexcmds Info: \pdf@primitive is available.
Package pdftexcmds Info: \pdf@ifprimitive is available.
Package pdftexcmds Info: \pdfdraftmode found.
)
Package grfext Info: Graphics extension search list:
(grfext)             [.png,.pdf,.jpg,.mps,.jpeg,.jbig2,.jb2,.PNG,.PDF,.JPG,.JPE
G,.JBIG2,.JB2,.eps]
(grfext)             \AppendGraphicsExtensions on input line 452.

(/usr/local/texlive/2012/texmf-dist/tex/latex/latexconfig/epstopdf-sys.cfg
File: epstopdf-sys.cfg 2010/07/13 v1.3 Configuration of (r)epstopdf for TeX Liv
e
)))
(/usr/local/texlive/2012/texmf-dist/tex/latex/graphics/color.sty
Package: color 2005/11/14 v1.0j Standard LaTeX Color (DPC)

(/usr/local/texlive/2012/texmf-dist/tex/latex/latexconfig/color.cfg
File: color.cfg 2007/01/18 v1.5 color configuration of teTeX/TeXLive
)
Package color Info: Driver file: pdftex.def on input line 130.
)
(/usr/local/texlive/2012/texmf-dist/tex/latex/hyperref/hyperref.sty
Package: hyperref 2012/05/13 v6.82q Hypertext links for LaTeX

(/usr/local/texlive/2012/texmf-dist/tex/generic/oberdiek/hobsub-hyperref.sty
Package: hobsub-hyperref 2012/05/28 v1.13 Bundle oberdiek, subset hyperref (HO)


(/usr/local/texlive/2012/texmf-dist/tex/generic/oberdiek/hobsub-generic.sty
Package: hobsub-generic 2012/05/28 v1.13 Bundle oberdiek, subset generic (HO)
Package: hobsub 2012/05/28 v1.13 Construct package bundles (HO)
Package hobsub Info: Skipping package `infwarerr' (already loaded).
Package hobsub Info: Skipping package `ltxcmds' (already loaded).
Package hobsub Info: Skipping package `ifluatex' (already loaded).
Package: ifvtex 2010/03/01 v1.5 Detect VTeX and its facilities (HO)
Package ifvtex Info: VTeX not detected.
Package: intcalc 2007/09/27 v1.1 Expandable calculations with integers (HO)
Package hobsub Info: Skipping package `ifpdf' (already loaded).
Package hobsub Info: Skipping package `etexcmds' (already loaded).
Package hobsub Info: Skipping package `kvsetkeys' (already loaded).
Package hobsub Info: Skipping package `kvdefinekeys' (already loaded).
Package hobsub Info: Skipping package `pdftexcmds' (already loaded).
Package: pdfescape 2011/11/25 v1.13 Implements pdfTeX's escape features (HO)
Package: bigintcalc 2012/04/08 v1.3 Expandable calculations on big integers (HO
)
Package: bitset 2011/01/30 v1.1 Handle bit-vector datatype (HO)
Package: uniquecounter 2011/01/30 v1.2 Provide unlimited unique counter (HO)
)
Package hobsub Info: Skipping package `hobsub' (already loaded).
Package: letltxmacro 2010/09/02 v1.4 Let assignment for LaTeX macros (HO)
Package: hopatch 2012/05/28 v1.2 Wrapper for package hooks (HO)
Package: xcolor-patch 2011/01/30 xcolor patch
Package: atveryend 2011/06/30 v1.8 Hooks at the very end of document (HO)
Package atveryend Info: \enddocument detected (standard20110627).
Package: atbegshi 2011/10/05 v1.16 At begin shipout hook (HO)
Package: refcount 2011/10/16 v3.4 Data extraction from label references (HO)
Package: hycolor 2011/01/30 v1.7 Color options for hyperref/bookmark (HO)
)
(/usr/local/texlive/2012/texmf-dist/tex/generic/ifxetex/ifxetex.sty
Package: ifxetex 2010/09/12 v0.6 Provides ifxetex conditional
)
\@linkdim=\dimen132
\Hy@linkcounter=\count117
\Hy@pagecounter=\count118

(/usr/local/texlive/2012/texmf-dist/tex/latex/hyperref/pd1enc.def
File: pd1enc.def 2012/05/13 v6.82q Hyperref: PDFDocEncoding definition (HO)
)
\Hy@SavedSpaceFactor=\count119

(/usr/local/texlive/2012/texmf-dist/tex/latex/latexconfig/hyperref.cfg
File: hyperref.cfg 2002/06/06 v1.2 hyperref configuration of TeXLive
)
Package hyperref Info: Hyper figures OFF on input line 4062.
Package hyperref Info: Link nesting OFF on input line 4067.
Package hyperref Info: Hyper index ON on input line 4070.
Package hyperref Info: Plain pages OFF on input line 4077.
Package hyperref Info: Backreferencing OFF on input line 4082.
Package hyperref Info: Implicit mode ON; LaTeX internals redefined.
Package hyperref Info: Bookmarks ON on input line 4300.
\c@Hy@tempcnt=\count120

(/usr/local/texlive/2012/texmf-dist/tex/latex/url/url.sty
\Urlmuskip=\muskip11
Package: url 2006/04/12  ver 3.3  Verb mode for urls, etc.
)
LaTeX Info: Redefining \url on input line 4653.
\Fld@menulength=\count121
\Field@Width=\dimen133
\Fld@charsize=\dimen134
Package hyperref Info: Hyper figures OFF on input line 5773.
Package hyperref Info: Link nesting OFF on input line 5778.
Package hyperref Info: Hyper index ON on input line 5781.
Package hyperref Info: backreferencing OFF on input line 5788.
Package hyperref Info: Link coloring OFF on input line 5793.
Package hyperref Info: Link coloring with OCG OFF on input line 5798.
Package hyperref Info: PDF/A mode OFF on input line 5803.
LaTeX Info: Redefining \ref on input line 5843.
LaTeX Info: Redefining \pageref on input line 5847.


Package hyperref Warning: Option `pdfpagelabels' is turned off
(hyperref)                because \thepage is undefined.

\c@Item=\count122
\c@Hfootnote=\count123
)

Package hyperref Message: Driver: hpdftex.

(/usr/local/texlive/2012/texmf-dist/tex/latex/hyperref/hpdftex.def
File: hpdftex.def 2012/05/13 v6.82q Hyperref driver for pdfTeX
\Fld@listcount=\count124
\c@bookmark@seq@number=\count125

(/usr/local/texlive/2012/texmf-dist/tex/latex/oberdiek/rerunfilecheck.sty
Package: rerunfilecheck 2011/04/15 v1.7 Rerun checks for auxiliary files (HO)
Package uniquecounter Info: New unique counter `rerunfilecheck' on input line 2
82.
)
\Hy@SectionHShift=\skip53
)

LaTeX Warning: Unused global option(s):
    [letterpaper].

(./cosn084-sedhain.aux)
\openout1 = `cosn084-sedhain.aux'.

LaTeX Font Info:    Checking defaults for OML/cmm/m/it on input line 122.
LaTeX Font Info:    ... okay on input line 122.
LaTeX Font Info:    Checking defaults for T1/cmr/m/n on input line 122.
LaTeX Font Info:    ... okay on input line 122.
LaTeX Font Info:    Checking defaults for OT1/cmr/m/n on input line 122.
LaTeX Font Info:    ... okay on input line 122.
LaTeX Font Info:    Checking defaults for OMS/cmsy/m/n on input line 122.
LaTeX Font Info:    ... okay on input line 122.
LaTeX Font Info:    Checking defaults for OMX/cmex/m/n on input line 122.
LaTeX Font Info:    ... okay on input line 122.
LaTeX Font Info:    Checking defaults for U/cmr/m/n on input line 122.
LaTeX Font Info:    ... okay on input line 122.
LaTeX Font Info:    Checking defaults for PD1/pdf/m/n on input line 122.
LaTeX Font Info:    ... okay on input line 122.
LaTeX Font Info:    Try loading font information for T1+ptm on input line 122.

(/usr/local/texlive/2012/texmf-dist/tex/latex/psnfss/t1ptm.fd
File: t1ptm.fd 2001/06/04 font definitions for T1/ptm.
)
(/usr/local/texlive/2012/texmf-dist/tex/context/base/supp-pdf.mkii
[Loading MPS to PDF converter (version 2006.09.02).]
\scratchcounter=\count126
\scratchdimen=\dimen135
\scratchbox=\box30
\nofMPsegments=\count127
\nofMParguments=\count128
\everyMPshowfont=\toks37
\MPscratchCnt=\count129
\MPscratchDim=\dimen136
\MPnumerator=\count130
\makeMPintoPDFobject=\count131
\everyMPtoPDFconversion=\toks38
)
Package caption Info: Begin \AtBeginDocument code.
Package caption Info: subfig package v1.3 is loaded.
Package caption Info: hyperref package is loaded.
Package caption Info: End \AtBeginDocument code.
\AtBeginShipoutBox=\box31


Package hyperref Warning: Height of page (\paperheight) is invalid (0.0pt),
(hyperref)                using 11in.

Package hyperref Info: Link coloring OFF on input line 122.
(/usr/local/texlive/2012/texmf-dist/tex/latex/hyperref/nameref.sty
Package: nameref 2010/04/30 v2.40 Cross-referencing by name of section

(/usr/local/texlive/2012/texmf-dist/tex/generic/oberdiek/gettitlestring.sty
Package: gettitlestring 2010/12/03 v1.4 Cleanup title references (HO)
)
\c@section@level=\count132
)
LaTeX Info: Redefining \ref on input line 122.
LaTeX Info: Redefining \pageref on input line 122.
LaTeX Info: Redefining \nameref on input line 122.

(./cosn084-sedhain.out) (./cosn084-sedhain.out)
\@outlinefile=\write3
\openout3 = `cosn084-sedhain.out'.

LaTeX Font Info:    Try loading font information for U+msa on input line 200.

(/usr/local/texlive/2012/texmf-dist/tex/latex/amsfonts/umsa.fd
File: umsa.fd 2009/06/22 v3.00 AMS symbols A
)
LaTeX Font Info:    Try loading font information for U+msb on input line 200.

(/usr/local/texlive/2012/texmf-dist/tex/latex/amsfonts/umsb.fd
File: umsb.fd 2009/06/22 v3.00 AMS symbols B
)
LaTeX Font Info:    Try loading font information for U+lasy on input line 200.

(/usr/local/texlive/2012/texmf-dist/tex/latex/base/ulasy.fd
File: ulasy.fd 1998/08/17 v2.2e LaTeX symbol font definitions
)
Overfull \hbox (8.3819pt too wide) in paragraph at lines 200--200
 []\eaddfnt peter.christen@anu.edu.au| 
 []

(./abstract.tex
Overfull \hbox (4.9237pt too wide) in paragraph at lines 9--35
\T1/ptm/m/n/9 Content rec-om-men-da-tion in so-cial net-works poses the com-ple
x prob-
 []

)
LaTeX Font Info:    Font shape `T1/ptm/bx/n' in size <9> not available
(Font)              Font shape `T1/ptm/b/n' tried instead on input line 208.

Underfull \vbox (badness 10000) has occurred while \output is active []


(./intro.tex
Underfull \vbox (badness 7649) has occurred while \output is active []

 [1{/usr/local/texlive/2012/texmf-var/fonts/map/pdftex/updmap/pdftex.map}


]
Overfull \hbox (7.07692pt too wide) in paragraph at lines 72--80
[]\T1/ptm/b/n/9 Interaction anal-y-sis: \T1/ptm/m/n/9 Among \T1/ptm/m/it/9 in-t
er-ac-tions\T1/ptm/m/n/9 , we found that those
 []


Overfull \hbox (6.2572pt too wide) in paragraph at lines 87--94
\T1/ptm/m/it/9 groups\T1/ptm/m/n/9 , \T1/ptm/m/it/9 pages\T1/ptm/m/n/9 , and \T
1/ptm/m/it/9 favourites \T1/ptm/m/n/9 make for more in-for-ma-tive SAGs
 []


Overfull \hbox (2.36775pt too wide) in paragraph at lines 94--100
\T1/ptm/m/n/9 for-mance and ob-serve that in-creased ac-tiv-ity mem-ber-ship co
r-
 []

) (./methodology.tex <data/overview.pdf, id=96, 687.56876pt x 468.75125pt>
File: data/overview.pdf Graphic file (type pdf)

<use data/overview.pdf>
Package pdftex.def Info: data/overview.pdf used on input line 6.
(pdftex.def)             Requested size: 240.0pt x 163.61478pt.

Overfull \hbox (2.57451pt too wide) in paragraph at lines 50--52
\T1/ptm/b/n/9 Interactions \T1/ptm/m/n/9 de-scribes com-mu-ni-ca-tion be-tween 
Face-book users and
 []

pdfTeX warning (ext4): destination with the same identifier (name{page.}) has b
een already used, duplicate ignored
<to be read again> 
                   \relax 
l.76 
      [2 <./data/overview.pdf>]
Overfull \hbox (4.13365pt too wide) in paragraph at lines 177--181
[]\T1/ptm/b/n/9 Activity So-cial Affin-ity Groups (ASAGs)\T1/ptm/m/n/9 : We de-
fine ASAGs
 []


Overfull \hbox (3.89807pt too wide) in paragraph at lines 188--190
[]\T1/ptm/m/it/9 ASAG(group-Harvard De-bate Club) \T1/ptm/m/n/9 is the set of a
ll users
 []

) (./affinity_filtering.tex
Overfull \hbox (3.1246pt too wide) in paragraph at lines 5--10
[]\T1/ptm/m/n/9 Combining these ISAFs and ASAFs into fea-ture vec-tor $\OT1/cmr
/bx/n/9 X\OT1/cmr/m/n/9 (\OML/cmm/m/it/9 u; i\OT1/cmr/m/n/9 ) =
 []

pdfTeX warning (ext4): destination with the same identifier (name{page.}) has b
een already used, duplicate ignored
<to be read again> 
                   \relax 
l.10 \begin{equation*}
                       [3]
<data/plots/features/saf_features.pdf, id=195, 589.64774pt x 427.48288pt>
File: data/plots/features/saf_features.pdf Graphic file (type pdf)

<use data/plots/features/saf_features.pdf>
Package pdftex.def Info: data/plots/features/saf_features.pdf used on input lin
e 40.
(pdftex.def)             Requested size: 240.0pt x 173.99063pt.
) (./data-description.tex
LaTeX Font Info:    Font shape `T1/ptm/bx/n' in size <8> not available
(Font)              Font shape `T1/ptm/b/n' tried instead on input line 35.
pdfTeX warning (ext4): destination with the same identifier (name{page.}) has b
een already used, duplicate ignored
<to be read again> 
                   \relax 
l.126 O
       ur App recommends three links to App users each day, [4 <./data/plots/fe
atures/saf_features.pdf>]) (./saf_analysis.tex
Overfull \hbox (3.75409pt too wide) in paragraph at lines 37--46
[]\T1/ptm/m/n/9 In all ex-per-i-ments, we re-port av-er-age clas-si-fi-ca-tion 
ac-cu-racy (frac-
 []

Package epstopdf Info: Source file: <data/plots/accuracy/accuracyLargeNew.eps>
(epstopdf)                    date: 2013-08-17 21:30:48
(epstopdf)                    size: 72701 bytes
(epstopdf)             Output file: <data/plots/accuracy/accuracyLargeNew-eps-c
onverted-to.pdf>
(epstopdf)                    date: 2013-08-17 21:30:48
(epstopdf)                    size: 24517 bytes
(epstopdf)             Command: <repstopdf --outfile=data/plots/accuracy/accura
cyLargeNew-eps-converted-to.pdf data/plots/accuracy/accuracyLargeNew.eps>
(epstopdf)             \includegraphics on input line 58.
Package epstopdf Info: Output file is already uptodate.

<data/plots/accuracy/accuracyLargeNew-eps-converted-to.pdf, id=251, 1445.4pt x 
614.295pt>
File: data/plots/accuracy/accuracyLargeNew-eps-converted-to.pdf Graphic file (t
ype pdf)
 <use data/plots/accuracy/accuracyLargeNew-eps-converted-to.pdf>
Package pdftex.def Info: data/plots/accuracy/accuracyLargeNew-eps-converted-to.
pdf used on input line 58.
(pdftex.def)             Requested size: 540.60236pt x 229.75078pt.

Overfull \hbox (19.53072pt too wide) in paragraph at lines 58--66
[] []
 []

Package epstopdf Info: Source file: <data/plots/new/cold_start.eps>
(epstopdf)                    date: 2013-08-26 12:12:20
(epstopdf)                    size: 29119 bytes
(epstopdf)             Output file: <data/plots/new/cold_start-eps-converted-to
.pdf>
(epstopdf)                    date: 2013-08-26 12:12:34
(epstopdf)                    size: 19528 bytes
(epstopdf)             Command: <repstopdf --outfile=data/plots/new/cold_start-
eps-converted-to.pdf data/plots/new/cold_start.eps>
(epstopdf)             \includegraphics on input line 74.
Package epstopdf Info: Output file is already uptodate.

<data/plots/new/cold_start-eps-converted-to.pdf, id=252, 1461.46pt x 456.70625p
t>
File: data/plots/new/cold_start-eps-converted-to.pdf Graphic file (type pdf)
 <use data/plots/new/cold_start-eps-converted-to.pdf>
Package pdftex.def Info: data/plots/new/cold_start-eps-converted-to.pdf used on
 input line 74.
(pdftex.def)             Requested size: 512.14307pt x 142.2604pt.

Overfull \hbox (8.14307pt too wide) in paragraph at lines 74--79
 [][] 
 []

) (./coldstart_analysis.tex
Underfull \vbox (badness 1558) has occurred while \output is active []

pdfTeX warning (ext4): destination with the same identifier (name{page.}) has b
een already used, duplicate ignored
<to be read again> 
                   \relax 
l.14 T
      o quantitatively evaluate the cold-start performance of SAF, we run
[5])
Underfull \vbox (badness 5064) has occurred while \output is active []


(./interaction_analysis.tex
Package epstopdf Info: Source file: <data/plots/vsk/ModalityActionsvsKFriends.e
ps>
(epstopdf)                    date: 2013-08-17 21:29:52
(epstopdf)                    size: 54962 bytes
(epstopdf)             Output file: <data/plots/vsk/ModalityActionsvsKFriends-e
ps-converted-to.pdf>
(epstopdf)                    date: 2013-08-17 21:29:52
(epstopdf)                    size: 26936 bytes
(epstopdf)             Command: <repstopdf --outfile=data/plots/vsk/ModalityAct
ionsvsKFriends-eps-converted-to.pdf data/plots/vsk/ModalityActionsvsKFriends.ep
s>
(epstopdf)             \includegraphics on input line 87.
Package epstopdf Info: Output file is already uptodate.

<data/plots/vsk/ModalityActionsvsKFriends-eps-converted-to.pdf, id=284, 1483.54
25pt x 456.70625pt>
File: data/plots/vsk/ModalityActionsvsKFriends-eps-converted-to.pdf Graphic fil
e (type pdf)

<use data/plots/vsk/ModalityActionsvsKFriends-eps-converted-to.pdf>
Package pdftex.def Info: data/plots/vsk/ModalityActionsvsKFriends-eps-converted
-to.pdf used on input line 87.
(pdftex.def)             Requested size: 597.50787pt x 183.9406pt.

Overfull \hbox (50.82875pt too wide) in paragraph at lines 87--89
[] []
 []

pdfTeX warning (ext4): destination with the same identifier (name{page.}) has b
een already used, duplicate ignored
<to be read again> 
                   \relax 
l.113 
       [6 <./data/plots/accuracy/accuracyLargeNew-eps-converted-to.pdf> <./data
/plots/new/cold_start-eps-converted-to.pdf>]) (./activity_analysis.texpdfTeX wa
rning (ext4): destination with the same identifier (name{page.}) has been alrea
dy used, duplicate ignored
<to be read again> 
                   \relax 
l.18 
      [7 <./data/plots/vsk/ModalityActionsvsKFriends-eps-converted-to.pdf>]
Package epstopdf Info: Source file: <data/plots/new/CEvsSize.eps>
(epstopdf)                    date: 2013-09-02 19:51:03
(epstopdf)                    size: 1031811 bytes
(epstopdf)             Output file: <data/plots/new/CEvsSize-eps-converted-to.p
df>
(epstopdf)                    date: 2013-09-02 19:51:35
(epstopdf)                    size: 902664 bytes
(epstopdf)             Command: <repstopdf --outfile=data/plots/new/CEvsSize-ep
s-converted-to.pdf data/plots/new/CEvsSize.eps>
(epstopdf)             \includegraphics on input line 198.
Package epstopdf Info: Output file is already uptodate.

<data/plots/new/CEvsSize-eps-converted-to.pdf, id=451, 1648.1575pt x 433.62pt>
File: data/plots/new/CEvsSize-eps-converted-to.pdf Graphic file (type pdf)

<use data/plots/new/CEvsSize-eps-converted-to.pdf>
Package pdftex.def Info: data/plots/new/CEvsSize-eps-converted-to.pdf used on i
nput line 198.
(pdftex.def)             Requested size: 398.33226pt x 105.27512pt.
Package epstopdf Info: Source file: <data/plots/new/LRWeightsvsSize.eps>
(epstopdf)                    date: 2013-09-02 19:51:03
(epstopdf)                    size: 1045387 bytes
(epstopdf)             Output file: <data/plots/new/LRWeightsvsSize-eps-convert
ed-to.pdf>
(epstopdf)                    date: 2013-09-02 19:51:37
(epstopdf)                    size: 954527 bytes
(epstopdf)             Command: <repstopdf --outfile=data/plots/new/LRWeightsvs
Size-eps-converted-to.pdf data/plots/new/LRWeightsvsSize.eps>
(epstopdf)             \includegraphics on input line 200.
Package epstopdf Info: Output file is already uptodate.

<data/plots/new/LRWeightsvsSize-eps-converted-to.pdf, id=452, 1599.9775pt x 438
.63875pt>
File: data/plots/new/LRWeightsvsSize-eps-converted-to.pdf Graphic file (type pd
f)
 <use data/plots/new/LRWeightsvsSize-eps-converted-to.pdf>
Package pdftex.def Info: data/plots/new/LRWeightsvsSize-eps-converted-to.pdf us
ed on input line 200.
(pdftex.def)             Requested size: 398.33327pt x 105.27544pt.
Package epstopdf Info: Source file: <data/plots/cumulativeEntropy/cumulative.ep
s>
(epstopdf)                    date: 2013-08-17 21:29:51
(epstopdf)                    size: 76804 bytes
(epstopdf)             Output file: <data/plots/cumulativeEntropy/cumulative-ep
s-converted-to.pdf>
(epstopdf)                    date: 2013-08-17 21:29:51
(epstopdf)                    size: 28264 bytes
(epstopdf)             Command: <repstopdf --outfile=data/plots/cumulativeEntro
py/cumulative-eps-converted-to.pdf data/plots/cumulativeEntropy/cumulative.eps>

(epstopdf)             \includegraphics on input line 218.
Package epstopdf Info: Output file is already uptodate.

<data/plots/cumulativeEntropy/cumulative-eps-converted-to.pdf, id=453, 1630.09p
t x 514.92375pt>
File: data/plots/cumulativeEntropy/cumulative-eps-converted-to.pdf Graphic file
 (type pdf)

<use data/plots/cumulativeEntropy/cumulative-eps-converted-to.pdf>
Package pdftex.def Info: data/plots/cumulativeEntropy/cumulative-eps-converted-
to.pdf used on input line 218.
(pdftex.def)             Requested size: 456.42209pt x 144.17766pt.
Package epstopdf Info: Source file: <data/plots/boxPlots/CEvsFavTypes.eps>
(epstopdf)                    date: 2013-08-17 21:30:49
(epstopdf)                    size: 31638 bytes
(epstopdf)             Output file: <data/plots/boxPlots/CEvsFavTypes-eps-conve
rted-to.pdf>
(epstopdf)                    date: 2013-08-17 21:30:49
(epstopdf)                    size: 19474 bytes
(epstopdf)             Command: <repstopdf --outfile=data/plots/boxPlots/CEvsFa
vTypes-eps-converted-to.pdf data/plots/boxPlots/CEvsFavTypes.eps>
(epstopdf)             \includegraphics on input line 230.
Package epstopdf Info: Output file is already uptodate.

<data/plots/boxPlots/CEvsFavTypes-eps-converted-to.pdf, id=454, 1597.97pt x 434
.62375pt>
File: data/plots/boxPlots/CEvsFavTypes-eps-converted-to.pdf Graphic file (type 
pdf)
 <use data/plots/boxPlots/CEvsFavTypes-eps-converted-to.pdf>
Package pdftex.def Info: data/plots/boxPlots/CEvsFavTypes-eps-converted-to.pdf 
used on input line 230.
(pdftex.def)             Requested size: 569.05511pt x 154.77332pt.

Overfull \hbox (30.91182pt too wide) in paragraph at lines 230--237
[] []
 []

Package epstopdf Info: Source file: <data/plots/new/accuracyVsmembership.eps>
(epstopdf)                    date: 2013-08-26 12:32:25
(epstopdf)                    size: 35495 bytes
(epstopdf)             Output file: <data/plots/new/accuracyVsmembership-eps-co
nverted-to.pdf>
(epstopdf)                    date: 2013-08-26 12:35:05
(epstopdf)                    size: 19155 bytes
(epstopdf)             Command: <repstopdf --outfile=data/plots/new/accuracyVsm
embership-eps-converted-to.pdf data/plots/new/accuracyVsmembership.eps>
(epstopdf)             \includegraphics on input line 247.
Package epstopdf Info: Output file is already uptodate.

<data/plots/new/accuracyVsmembership-eps-converted-to.pdf, id=455, 1443.3925pt 
x 492.84125pt>
File: data/plots/new/accuracyVsmembership-eps-converted-to.pdf Graphic file (ty
pe pdf)
 <use data/plots/new/accuracyVsmembership-eps-converted-to.pdf>
Package pdftex.def Info: data/plots/new/accuracyVsmembership-eps-converted-to.p
df used on input line 247.
(pdftex.def)             Requested size: 512.13263pt x 142.26604pt.

Overfull \hbox (8.13263pt too wide) in paragraph at lines 247--249
 [][] 
 []

Package epstopdf Info: Source file: <data/plots/new/accuracyVsactiveFeatures.ep
s>
(epstopdf)                    date: 2013-08-26 11:52:18
(epstopdf)                    size: 46370 bytes
(epstopdf)             Output file: <data/plots/new/accuracyVsactiveFeatures-ep
s-converted-to.pdf>
(epstopdf)                    date: 2013-08-26 11:52:18
(epstopdf)                    size: 20460 bytes
(epstopdf)             Command: <repstopdf --outfile=data/plots/new/accuracyVsa
ctiveFeatures-eps-converted-to.pdf data/plots/new/accuracyVsactiveFeatures.eps>

(epstopdf)             \includegraphics on input line 257.
Package epstopdf Info: Output file is already uptodate.

<data/plots/new/accuracyVsactiveFeatures-eps-converted-to.pdf, id=456, 1493.58p
t x 569.12625pt>
File: data/plots/new/accuracyVsactiveFeatures-eps-converted-to.pdf Graphic file
 (type pdf)

<use data/plots/new/accuracyVsactiveFeatures-eps-converted-to.pdf>
Package pdftex.def Info: data/plots/new/accuracyVsactiveFeatures-eps-converted-
to.pdf used on input line 257.
(pdftex.def)             Requested size: 512.14061pt x 142.26384pt.

Overfull \hbox (8.14061pt too wide) in paragraph at lines 257--259
 [][] 
 []

) (./relatedWork.tex
Underfull \vbox (badness 10000) has occurred while \output is active []

pdfTeX warning (ext4): destination with the same identifier (name{page.}) has b
een already used, duplicate ignored
<to be read again> 
                   \relax 
l.123 
       [8]pdfTeX warning (ext4): destination with the same identifier (name{pag
e.}) has been already used, duplicate ignored
<to be read again> 
                   \relax 
l.123 
       [9 <./data/plots/new/CEvsSize-eps-converted-to.pdf> <./data/plots/new/LR
WeightsvsSize-eps-converted-to.pdf> <./data/plots/cumulativeEntropy/cumulative-
eps-converted-to.pdf> <./data/plots/boxPlots/CEvsFavTypes-eps-converted-to.pdf>
]

LaTeX Warning: Text page \thepage  contains only floats.


Underfull \vbox (badness 10000) has occurred while \output is active []



LaTeX Warning: Text page \thepage  contains only floats.


Underfull \vbox (badness 10000) has occurred while \output is active []

pdfTeX warning (ext4): destination with the same identifier (name{page.}) has b
een already used, duplicate ignored
<to be read again> 
                   \relax 
l.123 
       [10 <./data/plots/new/accuracyVsmembership-eps-converted-to.pdf> <./data
/plots/new/accuracyVsactiveFeatures-eps-converted-to.pdf>]) (./conclusion.tex)
(./acknowledgements.tex) (./cosn084-sedhain.bbl)
Package atveryend Info: Empty hook `BeforeClearDocument' on input line 270.
pdfTeX warning (ext4): destination with the same identifier (name{page.}) has b
een already used, duplicate ignored
<to be read again> 
                   \relax 
l.270 \end{document}
                     [11]
Package atveryend Info: Empty hook `AfterLastShipout' on input line 270.
 (./cosn084-sedhain.aux)
Package atveryend Info: Empty hook `AtVeryEndDocument' on input line 270.
Package atveryend Info: Executing hook `AtEndAfterFileList' on input line 270.
Package rerunfilecheck Info: File `cosn084-sedhain.out' has not changed.
(rerunfilecheck)             Checksum: 7B11C47DE6291671CA83685CB1AB781D;1011.
Package atveryend Info: Empty hook `AtVeryVeryEnd' on input line 270.
 ) 
Here is how much of TeX's memory you used:
 7783 strings out of 493488
 116758 string characters out of 3141326
 232292 words of memory out of 3000000
 10798 multiletter control sequences out of 15000+200000
 70437 words of font info for 86 fonts, out of 3000000 for 9000
 957 hyphenation exceptions out of 8191
 44i,19n,46p,910b,458s stack positions out of 5000i,500n,10000p,200000b,50000s
{/usr/local/texlive/2012/texmf-dist/fonts/enc/dvips/base/8r.enc}</usr/local/t
exlive/2012/texmf-dist/fonts/type1/public/amsfonts/cm/cmbx9.pfb></usr/local/tex
live/2012/texmf-dist/fonts/type1/public/amsfonts/cmextra/cmex8.pfb></usr/local/
texlive/2012/texmf-dist/fonts/type1/public/amsfonts/cmextra/cmex9.pfb></usr/loc
al/texlive/2012/texmf-dist/fonts/type1/public/amsfonts/cm/cmmi6.pfb></usr/local
/texlive/2012/texmf-dist/fonts/type1/public/amsfonts/cm/cmmi8.pfb></usr/local/t
exlive/2012/texmf-dist/fonts/type1/public/amsfonts/cm/cmmi9.pfb></usr/local/tex
live/2012/texmf-dist/fonts/type1/public/amsfonts/cm/cmr6.pfb></usr/local/texliv
e/2012/texmf-dist/fonts/type1/public/amsfonts/cm/cmr8.pfb></usr/local/texlive/2
012/texmf-dist/fonts/type1/public/amsfonts/cm/cmr9.pfb></usr/local/texlive/2012
/texmf-dist/fonts/type1/public/amsfonts/cm/cmsy6.pfb></usr/local/texlive/2012/t
exmf-dist/fonts/type1/public/amsfonts/cm/cmsy8.pfb></usr/local/texlive/2012/tex
mf-dist/fonts/type1/public/amsfonts/cm/cmsy9.pfb></usr/local/texlive/2012/texmf
-dist/fonts/type1/public/amsfonts/cm/cmti7.pfb></usr/local/texlive/2012/texmf-d
ist/fonts/type1/public/amsfonts/cm/cmti8.pfb></usr/local/texlive/2012/texmf-dis
t/fonts/type1/public/amsfonts/cm/cmti9.pfb></usr/local/texlive/2012/texmf-dist/
fonts/type1/urw/helvetic/uhvb8a.pfb></usr/local/texlive/2012/texmf-dist/fonts/t
ype1/urw/helvetic/uhvr8a.pfb></usr/local/texlive/2012/texmf-dist/fonts/type1/ur
w/times/utmb8a.pfb></usr/local/texlive/2012/texmf-dist/fonts/type1/urw/times/ut
mr8a.pfb></usr/local/texlive/2012/texmf-dist/fonts/type1/urw/times/utmri8a.pfb>

Output written on cosn084-sedhain.pdf (11 pages, 3451753 bytes).
PDF statistics:
 857 PDF objects out of 1000 (max. 8388607)
 452 compressed objects within 5 object streams
 92 named destinations out of 1000 (max. 500000)
 184 words of extra memory for PDF output out of 10000 (max. 10000000)

