This is pdfTeX, Version 3.1415926-2.3-1.40.12 (TeX Live 2011/Cygwin) (format=pdflatex 2012.5.9)  18 MAY 2013 14:32
entering extended mode
 restricted \write18 enabled.
 %&-line parsing enabled.
**document.tex
(./document.tex
LaTeX2e <2011/06/27>
Babel <v3.8m> and hyphenation patterns for english, dumylang, nohyphenation, ge
rman-x-2011-07-01, ngerman-x-2011-07-01, afrikaans, ancientgreek, ibycus, arabi
c, armenian, basque, bulgarian, catalan, pinyin, coptic, croatian, czech, danis
h, dutch, ukenglish, usenglishmax, esperanto, estonian, ethiopic, farsi, finnis
h, french, galician, german, ngerman, swissgerman, monogreek, greek, hungarian,
 icelandic, assamese, bengali, gujarati, hindi, kannada, malayalam, marathi, or
iya, panjabi, tamil, telugu, indonesian, interlingua, irish, italian, kurmanji,
 lao, latin, latvian, lithuanian, mongolian, mongolianlmc, bokmal, nynorsk, pol
ish, portuguese, romanian, russian, sanskrit, serbian, serbianc, slovak, sloven
ian, spanish, swedish, turkish, turkmen, ukrainian, uppersorbian, welsh, loaded
.
(./sig-alternate.cls (/usr/share/texmf-dist/tex/latex/graphics/epsfig.sty
Package: epsfig 1999/02/16 v1.7a (e)psfig emulation (SPQR)

(/usr/share/texmf-dist/tex/latex/graphics/graphicx.sty
Package: graphicx 1999/02/16 v1.0f Enhanced LaTeX Graphics (DPC,SPQR)

(/usr/share/texmf-dist/tex/latex/graphics/keyval.sty
Package: keyval 1999/03/16 v1.13 key=value parser (DPC)
\KV@toks@=\toks14
)
(/usr/share/texmf-dist/tex/latex/graphics/graphics.sty
Package: graphics 2009/02/05 v1.0o Standard LaTeX Graphics (DPC,SPQR)

(/usr/share/texmf-dist/tex/latex/graphics/trig.sty
Package: trig 1999/03/16 v1.09 sin cos tan (DPC)
)
(/usr/share/texmf-dist/tex/latex/latexconfig/graphics.cfg
File: graphics.cfg 2010/04/23 v1.9 graphics configuration of TeX Live
)
Package graphics Info: Driver file: pdftex.def on input line 91.

(/usr/share/texmf-dist/tex/latex/pdftex-def/pdftex.def
File: pdftex.def 2011/05/27 v0.06d Graphics/color for pdfTeX

(/usr/share/texmf-dist/tex/generic/oberdiek/infwarerr.sty
Package: infwarerr 2010/04/08 v1.3 Providing info/warning/message (HO)
)
(/usr/share/texmf-dist/tex/generic/oberdiek/ltxcmds.sty
Package: ltxcmds 2011/04/18 v1.20 LaTeX kernel commands for general use (HO)
)
\Gread@gobject=\count79
))
\Gin@req@height=\dimen102
\Gin@req@width=\dimen103
)
\epsfxsize=\dimen104
\epsfysize=\dimen105
)
(/usr/share/texmf-dist/tex/latex/amsfonts/amssymb.sty
Package: amssymb 2009/06/22 v3.00

(/usr/share/texmf-dist/tex/latex/amsfonts/amsfonts.sty
Package: amsfonts 2009/06/22 v3.00 Basic AMSFonts support
\@emptytoks=\toks15
\symAMSa=\mathgroup4
\symAMSb=\mathgroup5
LaTeX Font Info:    Overwriting math alphabet `\mathfrak' in version `bold'
(Font)                  U/euf/m/n --> U/euf/b/n on input line 96.
))
(/usr/share/texmf-dist/tex/latex/amsmath/amsmath.sty
Package: amsmath 2000/07/18 v2.13 AMS math features
\@mathmargin=\skip41

For additional information on amsmath, use the `?' option.
(/usr/share/texmf-dist/tex/latex/amsmath/amstext.sty
Package: amstext 2000/06/29 v2.01

(/usr/share/texmf-dist/tex/latex/amsmath/amsgen.sty
File: amsgen.sty 1999/11/30 v2.0
\@emptytoks=\toks16
\ex@=\dimen106
))
(/usr/share/texmf-dist/tex/latex/amsmath/amsbsy.sty
Package: amsbsy 1999/11/29 v1.2d
\pmbraise@=\dimen107
)
(/usr/share/texmf-dist/tex/latex/amsmath/amsopn.sty
Package: amsopn 1999/12/14 v2.01 operator names
)
\inf@bad=\count80
LaTeX Info: Redefining \frac on input line 211.
\uproot@=\count81
\leftroot@=\count82
LaTeX Info: Redefining \overline on input line 307.
\classnum@=\count83
\DOTSCASE@=\count84
LaTeX Info: Redefining \ldots on input line 379.
LaTeX Info: Redefining \dots on input line 382.
LaTeX Info: Redefining \cdots on input line 467.
\Mathstrutbox@=\box26
\strutbox@=\box27
\big@size=\dimen108
LaTeX Font Info:    Redeclaring font encoding OML on input line 567.
LaTeX Font Info:    Redeclaring font encoding OMS on input line 568.
\macc@depth=\count85
\c@MaxMatrixCols=\count86
\dotsspace@=\muskip10
\c@parentequation=\count87
\dspbrk@lvl=\count88
\tag@help=\toks17
\row@=\count89
\column@=\count90
\maxfields@=\count91
\andhelp@=\toks18
\eqnshift@=\dimen109
\alignsep@=\dimen110
\tagshift@=\dimen111
\tagwidth@=\dimen112
\totwidth@=\dimen113
\lineht@=\dimen114
\@envbody=\toks19
\multlinegap=\skip42
\multlinetaggap=\skip43
\mathdisplay@stack=\toks20
LaTeX Info: Redefining \[ on input line 2666.
LaTeX Info: Redefining \] on input line 2667.
)
Document Class 'sig-alternate' <23rd. May '12>. Modified by G.K.M. Tobin/Gerry 
Murray
Based in part upon document Style `acmconf' <22 May 89>. Hacked 4/91 by
shivers@cs.cmu.edu, 4/93 by theobald@cs.mcgill.ca
Excerpts were taken from (Journal Style) 'esub2acm.cls'.
****** Bugs/comments/suggestions/technicalities to Gerry Murray -- murray@hq.ac
m.org ******
Questions on the style, SIGS policies, etc. to Adrienne Griscti griscti@acm.org

\footheight=\dimen115
\@maxsep=\dimen116
\@dblmaxsep=\dimen117
\aucount=\count92
\originalaucount=\count93
\auwidth=\dimen118
\auskip=\dimen119
\auskipcount=\count94
\auskip=\dimen120
\allauboxes=\dimen121
\addauthors=\toks21
\addauflag=\count95
\subtitletext=\toks22
\savesection=\count96
\sectioncntr=\count97
\c@figure=\count98
\c@table=\count99
\titleboxnotes=\toks23
\titleboxnoteflag=\count100
Document Class: sig-alternate 2012/05/23 - V2.5 - based on acmproc.cls V1.3 <No
v. 30 '99>
(/usr/share/texmf-dist/tex/latex/base/latexsym.sty
Package: latexsym 1998/08/17 v2.2e Standard LaTeX package (lasy symbols)
\symlasy=\mathgroup6
LaTeX Font Info:    Overwriting symbol font `lasy' in version `bold'
(Font)                  U/lasy/m/n --> U/lasy/b/n on input line 47.
)
\@acmtitlebox=\box28
\titlenotecount=\count101
\tntoks=\toks24
\tntokstwo=\toks25
\tntoksthree=\toks26
\tntoksfour=\toks27
\tntoksfive=\toks28
\catcount=\count102
\copyrightnotice=\toks29
\conf=\toks30
\confinfo=\toks31
\c@part=\count103
\c@section=\count104
\c@subsection=\count105
\c@subsubsection=\count106
\c@paragraph=\count107

Using 'Abbrev' bibliography style
LaTeX Info: Redefining \cite on input line 1211.
\bibindent=\dimen122
\colcntr=\count108
\saveb@x=\box29
\copyrtyr=\toks32
\acmcopyr=\toks33
\boilerplate=\toks34
\copyrightetc=\toks35
(/usr/share/texmf-dist/tex/latex/base/fontenc.sty
Package: fontenc 2005/09/27 v1.99g Standard LaTeX package

(/usr/share/texmf-dist/tex/latex/base/t1enc.def
File: t1enc.def 2005/09/27 v1.99g Standard LaTeX file
LaTeX Font Info:    Redeclaring font encoding T1 on input line 43.
)
LaTeX Font Info:    Try loading font information for T1+aer on input line 100.

(/usr/share/texmf-dist/tex/latex/ae/t1aer.fd
File: t1aer.fd 1997/11/16 Font definitions for T1/aer.
)))
(/usr/share/texmf-dist/tex/latex/psnfss/times.sty
Package: times 2005/04/12 PSNFSS-v9.2a (SPQR) 
)
(/usr/share/texmf-dist/tex/latex/psnfss/helvet.sty
Package: helvet 2005/04/12 PSNFSS-v9.2a (WaS) 
)
(/usr/share/texmf-dist/tex/latex/psnfss/courier.sty
Package: courier 2005/04/12 PSNFSS-v9.2a (WaS) 
)
(/usr/share/texmf-dist/tex/latex/tools/array.sty
Package: array 2008/09/09 v2.4c Tabular extension package (FMi)
\col@sep=\dimen123
\extrarowheight=\dimen124
\NC@list=\toks36
\extratabsurround=\skip44
\backup@length=\skip45
)
(/usr/share/texmf-dist/tex/latex/subfig/subfig.sty
Package: subfig 2005/06/28 ver: 1.3 subfig package

(/usr/share/texmf-dist/tex/latex/caption/caption.sty
Package: caption 2011/11/10 v3.2e Customizing captions (AR)

(/usr/share/texmf-dist/tex/latex/caption/caption3.sty
Package: caption3 2011/11/01 v1.4a caption3 kernel (AR)
\captionmargin=\dimen125
\captionmargin@=\dimen126
\captionwidth=\dimen127
\caption@indent=\dimen128
\caption@parindent=\dimen129
\caption@hangindent=\dimen130
\abovecaptionskip=\skip46
\belowcaptionskip=\skip47
Package caption Info: Unknown document class (or package),
(caption)             standard defaults will be used.
)

Package caption Warning: Unsupported document class (or package) detected,
(caption)                usage of the caption package is not recommended.
See the caption package documentation for explanation.

Package caption Info: \@makecaption = \long macro:#1#2-> \vskip 10pt \setbox \@
tempboxa \hbox {\textbf {#1: #2}} \ifdim \wd \@tempboxa >\hsize \textbf {#1: #2
}\par \else \hbox to\hsize {\hfil \box \@tempboxa \hfil } \fi .
\c@ContinuedFloat=\count109
)
\c@KVtest=\count110
\sf@farskip=\skip48
\sf@captopadj=\dimen131
\sf@capskip=\skip49
\sf@nearskip=\skip50
\c@subfigure=\count111
\c@subfigure@save=\count112
\c@lofdepth=\count113
\c@subtable=\count114
\c@subtable@save=\count115
\c@lotdepth=\count116
\sf@top=\skip51
\sf@bottom=\skip52
) (/usr/share/texmf-dist/tex/latex/oberdiek/epstopdf.sty
Package: epstopdf 2010/02/09 v2.5 Conversion with epstopdf on the fly (HO)

(/usr/share/texmf-dist/tex/latex/oberdiek/epstopdf-base.sty
Package: epstopdf-base 2010/02/09 v2.5 Base part for package epstopdf

(/usr/share/texmf-dist/tex/latex/oberdiek/grfext.sty
Package: grfext 2010/08/19 v1.1 Managing graphics extensions (HO)

(/usr/share/texmf-dist/tex/generic/oberdiek/kvdefinekeys.sty
Package: kvdefinekeys 2011/04/07 v1.3 Defining keys (HO)
))
(/usr/share/texmf-dist/tex/latex/oberdiek/kvoptions.sty
Package: kvoptions 2010/12/23 v3.10 Keyval support for LaTeX options (HO)

(/usr/share/texmf-dist/tex/generic/oberdiek/kvsetkeys.sty
Package: kvsetkeys 2011/04/07 v1.13 Key value parser (HO)

(/usr/share/texmf-dist/tex/generic/oberdiek/etexcmds.sty
Package: etexcmds 2011/02/16 v1.5 Prefix for e-TeX command names (HO)

(/usr/share/texmf-dist/tex/generic/oberdiek/ifluatex.sty
Package: ifluatex 2010/03/01 v1.3 Provides the ifluatex switch (HO)
Package ifluatex Info: LuaTeX not detected.
)
Package etexcmds Info: Could not find \expanded.
(etexcmds)             That can mean that you are not using pdfTeX 1.50 or
(etexcmds)             that some package has redefined \expanded.
(etexcmds)             In the latter case, load this package earlier.
)))
(/usr/share/texmf-dist/tex/generic/oberdiek/pdftexcmds.sty
Package: pdftexcmds 2011/04/22 v0.16 Utilities of pdfTeX for LuaTeX (HO)

(/usr/share/texmf-dist/tex/generic/oberdiek/ifpdf.sty
Package: ifpdf 2011/01/30 v2.3 Provides the ifpdf switch (HO)
Package ifpdf Info: pdfTeX in PDF mode is detected.
)
Package pdftexcmds Info: LuaTeX not detected.
Package pdftexcmds Info: \pdf@primitive is available.
Package pdftexcmds Info: \pdf@ifprimitive is available.
Package pdftexcmds Info: \pdfdraftmode found.
)
Package grfext Info: Graphics extension search list:
(grfext)             [.png,.pdf,.jpg,.mps,.jpeg,.jbig2,.jb2,.PNG,.PDF,.JPG,.JPE
G,.JBIG2,.JB2,.eps]
(grfext)             \AppendGraphicsExtensions on input line 452.

(/usr/share/texmf-dist/tex/latex/latexconfig/epstopdf-sys.cfg
File: epstopdf-sys.cfg 2010/07/13 v1.3 Configuration of (r)epstopdf for TeX Liv
e
)))
(/usr/share/texmf-dist/tex/latex/graphics/color.sty
Package: color 2005/11/14 v1.0j Standard LaTeX Color (DPC)

(/usr/share/texmf-dist/tex/latex/latexconfig/color.cfg
File: color.cfg 2007/01/18 v1.5 color configuration of teTeX/TeXLive
)
Package color Info: Driver file: pdftex.def on input line 130.
)
(/usr/share/texmf-dist/tex/latex/hyperref/hyperref.sty
Package: hyperref 2012/02/06 v6.82o Hypertext links for LaTeX

(/usr/share/texmf-dist/tex/generic/oberdiek/hobsub-hyperref.sty
Package: hobsub-hyperref 2011/04/23 v1.4 Bundle oberdiek, subset hyperref (HO)

(/usr/share/texmf-dist/tex/generic/oberdiek/hobsub-generic.sty
Package: hobsub-generic 2011/04/23 v1.4 Bundle oberdiek, subset generic (HO)
Package: hobsub 2011/04/23 v1.4 Subsetting bundle oberdiek (HO)
Package hobsub Info: Skipping package `infwarerr' (already loaded).
Package hobsub Info: Skipping package `ltxcmds' (already loaded).
Package hobsub Info: Skipping package `ifluatex' (already loaded).
Package: ifvtex 2010/03/01 v1.5 Switches for detecting VTeX and its modes (HO)
Package ifvtex Info: VTeX not detected.
Package: intcalc 2007/09/27 v1.1 Expandable integer calculations (HO)
Package hobsub Info: Skipping package `ifpdf' (already loaded).
Package hobsub Info: Skipping package `etexcmds' (already loaded).
Package hobsub Info: Skipping package `kvsetkeys' (already loaded).
Package hobsub Info: Skipping package `kvdefinekeys' (already loaded).
Package hobsub Info: Skipping package `pdftexcmds' (already loaded).
Package: pdfescape 2011/04/04 v1.12 Provides string conversions (HO)
Package: bigintcalc 2011/01/30 v1.2 Expandable big integer calculations (HO)
Package: bitset 2011/01/30 v1.1 Data type bit set (HO)
Package: uniquecounter 2011/01/30 v1.2 Provides unlimited unique counter (HO)
)
Package hobsub Info: Skipping package `hobsub' (already loaded).
Package: letltxmacro 2010/09/02 v1.4 Let assignment for LaTeX macros (HO)
Package: hopatch 2011/01/30 v1.0 Wrapper for package hooks (HO)
Package: xcolor-patch 2011/01/30 xcolor patch
Package: atveryend 2011/04/23 v1.7 Hooks at very end of document (HO)
Package: atbegshi 2011/01/30 v1.15 At begin shipout hook (HO)
Package: refcount 2010/12/01 v3.2 Data extraction from references (HO)
Package: hycolor 2011/01/30 v1.7 Color options of hyperref/bookmark (HO)
)
(/usr/share/texmf-dist/tex/generic/ifxetex/ifxetex.sty
Package: ifxetex 2010/09/12 v0.6 Provides ifxetex conditional
)
\@linkdim=\dimen132
\Hy@linkcounter=\count117
\Hy@pagecounter=\count118

(/usr/share/texmf-dist/tex/latex/hyperref/pd1enc.def
File: pd1enc.def 2012/02/06 v6.82o Hyperref: PDFDocEncoding definition (HO)
)
\Hy@SavedSpaceFactor=\count119

(/usr/share/texmf-dist/tex/latex/latexconfig/hyperref.cfg
File: hyperref.cfg 2002/06/06 v1.2 hyperref configuration of TeXLive
)
Package hyperref Info: Hyper figures OFF on input line 4046.
Package hyperref Info: Link nesting OFF on input line 4051.
Package hyperref Info: Hyper index ON on input line 4054.
Package hyperref Info: Plain pages OFF on input line 4061.
Package hyperref Info: Backreferencing OFF on input line 4066.
Package hyperref Info: Implicit mode ON; LaTeX internals redefined.
Package hyperref Info: Bookmarks ON on input line 4284.
\c@Hy@tempcnt=\count120

(/usr/share/texmf-dist/tex/latex/url/url.sty
\Urlmuskip=\muskip11
Package: url 2006/04/12  ver 3.3  Verb mode for urls, etc.
)
LaTeX Info: Redefining \url on input line 4637.
\Fld@menulength=\count121
\Field@Width=\dimen133
\Fld@charsize=\dimen134
Package hyperref Info: Hyper figures OFF on input line 5757.
Package hyperref Info: Link nesting OFF on input line 5762.
Package hyperref Info: Hyper index ON on input line 5765.
Package hyperref Info: backreferencing OFF on input line 5772.
Package hyperref Info: Link coloring OFF on input line 5777.
Package hyperref Info: Link coloring with OCG OFF on input line 5782.
Package hyperref Info: PDF/A mode OFF on input line 5787.
LaTeX Info: Redefining \ref on input line 5827.
LaTeX Info: Redefining \pageref on input line 5831.


Package hyperref Warning: Option `pdfpagelabels' is turned off
(hyperref)                because \thepage is undefined.

\c@Item=\count122
\c@Hfootnote=\count123
)

Package hyperref Message: Driver: hpdftex.

(/usr/share/texmf-dist/tex/latex/hyperref/hpdftex.def
File: hpdftex.def 2012/02/06 v6.82o Hyperref driver for pdfTeX
\Fld@listcount=\count124
\c@bookmark@seq@number=\count125

(/usr/share/texmf-dist/tex/latex/oberdiek/rerunfilecheck.sty
Package: rerunfilecheck 2011/04/15 v1.7 Rerun checks for auxiliary files (HO)
Package uniquecounter Info: New unique counter `rerunfilecheck' on input line 2
82.
)
\Hy@SectionHShift=\skip53
) (./document.aux

LaTeX Warning: Label `sec:datadesc' multiply defined.


LaTeX Warning: Label `sec:datadesc' multiply defined.


LaTeX Warning: Label `sec:datadesc' multiply defined.

)
\openout1 = `document.aux'.

LaTeX Font Info:    Checking defaults for OML/cmm/m/it on input line 103.
LaTeX Font Info:    ... okay on input line 103.
LaTeX Font Info:    Checking defaults for T1/cmr/m/n on input line 103.
LaTeX Font Info:    ... okay on input line 103.
LaTeX Font Info:    Checking defaults for OT1/cmr/m/n on input line 103.
LaTeX Font Info:    ... okay on input line 103.
LaTeX Font Info:    Checking defaults for OMS/cmsy/m/n on input line 103.
LaTeX Font Info:    ... okay on input line 103.
LaTeX Font Info:    Checking defaults for OMX/cmex/m/n on input line 103.
LaTeX Font Info:    ... okay on input line 103.
LaTeX Font Info:    Checking defaults for U/cmr/m/n on input line 103.
LaTeX Font Info:    ... okay on input line 103.
LaTeX Font Info:    Checking defaults for PD1/pdf/m/n on input line 103.
LaTeX Font Info:    ... okay on input line 103.
LaTeX Font Info:    Try loading font information for T1+ptm on input line 103.
 (/usr/share/texmf-dist/tex/latex/psnfss/t1ptm.fd
File: t1ptm.fd 2001/06/04 font definitions for T1/ptm.
)
(/usr/share/texmf-dist/tex/context/base/supp-pdf.mkii
[Loading MPS to PDF converter (version 2006.09.02).]
\scratchcounter=\count126
\scratchdimen=\dimen135
\scratchbox=\box30
\nofMPsegments=\count127
\nofMParguments=\count128
\everyMPshowfont=\toks37
\MPscratchCnt=\count129
\MPscratchDim=\dimen136
\MPnumerator=\count130
\makeMPintoPDFobject=\count131
\everyMPtoPDFconversion=\toks38
)
Package caption Info: Begin \AtBeginDocument code.
Package caption Info: subfig package v1.3 is loaded.
Package caption Info: hyperref package is loaded.
Package caption Info: End \AtBeginDocument code.
\AtBeginShipoutBox=\box31


Package hyperref Warning: Height of page (\paperheight) is invalid (0.0pt),
(hyperref)                using 11in.

Package hyperref Info: Link coloring OFF on input line 103.
(/usr/share/texmf-dist/tex/latex/hyperref/nameref.sty
Package: nameref 2010/04/30 v2.40 Cross-referencing by name of section

(/usr/share/texmf-dist/tex/generic/oberdiek/gettitlestring.sty
Package: gettitlestring 2010/12/03 v1.4 Cleanup title references (HO)
)
\c@section@level=\count132
)
LaTeX Info: Redefining \ref on input line 103.
LaTeX Info: Redefining \pageref on input line 103.
LaTeX Info: Redefining \nameref on input line 103.

(./document.out) (./document.out)
\@outlinefile=\write3
\openout3 = `document.out'.

LaTeX Font Info:    Try loading font information for U+msa on input line 173.

(/usr/share/texmf-dist/tex/latex/amsfonts/umsa.fd
File: umsa.fd 2009/06/22 v3.00 AMS symbols A
)
LaTeX Font Info:    Try loading font information for U+msb on input line 173.

(/usr/share/texmf-dist/tex/latex/amsfonts/umsb.fd
File: umsb.fd 2009/06/22 v3.00 AMS symbols B
)
LaTeX Font Info:    Try loading font information for U+lasy on input line 173.

(/usr/share/texmf-dist/tex/latex/base/ulasy.fd
File: ulasy.fd 1998/08/17 v2.2e LaTeX symbol font definitions
) (./abstract.tex
Overfull \hbox (4.9237pt too wide) in paragraph at lines 1--31
\T1/ptm/m/n/9 Content rec-om-men-da-tion in so-cial net-works poses the com-ple
x prob-
 []

)
LaTeX Font Info:    Font shape `T1/ptm/bx/n' in size <9> not available
(Font)              Font shape `T1/ptm/b/n' tried instead on input line 181.
 (./intro.tex [1{/var/lib/texmf/fonts/map/pdftex/updmap/pdftex.map}


]
Overfull \hbox (7.33609pt too wide) in paragraph at lines 89--93
\T1/ptm/m/n/9 As de-tailed in the sub-se-quent sec-tions, these find-ings not o
nly demon-
 []

) (./methodology.tex
Overfull \hbox (2.82642pt too wide) in paragraph at lines 25--26
\T1/ptm/b/n/9 Interactions \T1/ptm/m/n/9 de-scribes the com-mu-ni-ca-tion be-tw
een Face-book users.
 []

<data/overview.pdf, id=91, 687.56876pt x 468.75125pt>
File: data/overview.pdf Graphic file (type pdf)
 <use data/overview.pdf>
Package pdftex.def Info: data/overview.pdf used on input line 52.
(pdftex.def)             Requested size: 227.99927pt x 155.43939pt.

Overfull \hbox (2.79385pt too wide) in paragraph at lines 61--62
[]\T1/ptm/m/n/9 There are a to-tal of 22 in-ter-ac-tion types. Namely the cross
-product
 []


Overfull \hbox (2.12599pt too wide) in paragraph at lines 61--62
\T1/ptm/m/n/9 of modal-i-ties, ac-tions and di-rec-tions, mi-nus \T1/ptm/m/it/9
 link-tag-{incoming, out-
 []


Underfull \hbox (badness 1048) in paragraph at lines 74--74
[][][]\T1/ptm/m/n/9 According to Face-book Blog ([]$http : / / www . facebook .
 com / blog /
 []

pdfTeX warning (ext4): destination with the same identifier (name{page.}) has b
een already used, duplicate ignored
<to be read again> 
                   \relax 
l.83 \end{itemize}
                   [2 <./data/overview.pdf>]
Overfull \hbox (1.4135pt too wide) in paragraph at lines 120--123
\T1/ptm/m/n/9 tion affin-ity classes be the cross-product of In-ter-ac-tion mod
al-
 []


Underfull \hbox (badness 10000) in paragraph at lines 137--140

 []


Overfull \hbox (4.64166pt too wide) in paragraph at lines 143--144
\T1/ptm/m/n/9 mon pref-er-ence for en-tity $\OML/cmm/m/it/9 k$ \T1/ptm/m/n/9 (g
roup, page, favourite)
 []


Underfull \hbox (badness 10000) in paragraph at lines 163--165

 []


Underfull \hbox (badness 10000) in paragraph at lines 163--165

 []

) (./affinity_filtering.tex
Overfull \hbox (2.58374pt too wide) in paragraph at lines 10--24
[]\T1/ptm/m/n/9 Social affin-ity group and the as-so-ci-ated fea-tures de-fined
 in Sec []2.3[]
 []


Overfull \hbox (12.02211pt too wide) in paragraph at lines 10--24
\T1/ptm/m/n/9 SAF, these fea-tures are the boolean vari-ables $\OML/cmm/m/it/9 
X[]$ \T1/ptm/m/n/9 in-di-cat-ing whether
 []

) (./data-description.texpdfTeX warning (ext4): destination with the same ident
ifier (name{page.}) has been already used, duplicate ignored
<to be read again> 
                   \relax 
l.58 
      [3]
LaTeX Font Info:    Font shape `T1/ptm/bx/n' in size <8> not available
(Font)              Font shape `T1/ptm/b/n' tried instead on input line 71.
) (./saf_analysis.tex
Package epstopdf Info: Source file: <data/plots/accuracy/accuracyNew.eps>
(epstopdf)                    date: 2013-05-18 02:28:12
(epstopdf)                    size: 66252 bytes
(epstopdf)             Output file: <data/plots/accuracy/accuracyNew-eps-conver
ted-to.pdf>
(epstopdf)                    date: 2013-05-18 03:14:29
(epstopdf)                    size: 24915 bytes
(epstopdf)             Command: <repstopdf --outfile=data/plots/accuracy/accura
cyNew-eps-converted-to.pdf data/plots/accuracy/accuracyNew.eps>
(epstopdf)             \includegraphics on input line 4.
Package epstopdf Info: Output file is already uptodate.

<data/plots/accuracy/accuracyNew-eps-converted-to.pdf, id=194, 1674.255pt x 895
.345pt>
File: data/plots/accuracy/accuracyNew-eps-converted-to.pdf Graphic file (type p
df)
 <use data/plots/accuracy/accuracyNew-eps-converted-to.pdf>
Package pdftex.def Info: data/plots/accuracy/accuracyNew-eps-converted-to.pdf u
sed on input line 4.
(pdftex.def)             Requested size: 540.60236pt x 289.09834pt.

Overfull \hbox (19.53072pt too wide) in paragraph at lines 4--5
[] [] 
 []


Overfull \hbox (4.37431pt too wide) in paragraph at lines 14--16
\T1/ptm/b/n/9 MF), some are so-cial CF -- also ex-plain briefly what so-cial Ma
tch-
 []


Overfull \hbox (1.90906pt too wide) in paragraph at lines 20--28
\T1/ptm/m/n/9 cor-re-la-tions be-tween SAGs that cause naïve Bayes to over- or 
under-
 []

) (./interaction_analysis.tex
Package epstopdf Info: Source file: <data/plots/vsk/ModalityActionsvsKFriends.e
ps>
(epstopdf)                    date: 2013-05-13 18:44:53
(epstopdf)                    size: 54962 bytes
(epstopdf)             Output file: <data/plots/vsk/ModalityActionsvsKFriends-e
ps-converted-to.pdf>
(epstopdf)                    date: 2013-05-13 18:44:53
(epstopdf)                    size: 26936 bytes
(epstopdf)             Command: <repstopdf --outfile=data/plots/vsk/ModalityAct
ionsvsKFriends-eps-converted-to.pdf data/plots/vsk/ModalityActionsvsKFriends.ep
s>
(epstopdf)             \includegraphics on input line 81.
Package epstopdf Info: Output file is already uptodate.

<data/plots/vsk/ModalityActionsvsKFriends-eps-converted-to.pdf, id=207, 1483.54
25pt x 456.70625pt>
File: data/plots/vsk/ModalityActionsvsKFriends-eps-converted-to.pdf Graphic fil
e (type pdf)

<use data/plots/vsk/ModalityActionsvsKFriends-eps-converted-to.pdf>
Package pdftex.def Info: data/plots/vsk/ModalityActionsvsKFriends-eps-converted
-to.pdf used on input line 81.
(pdftex.def)             Requested size: 597.50787pt x 183.9406pt.

Overfull \hbox (50.82875pt too wide) in paragraph at lines 81--82
[] [] 
 []


Overfull \hbox (7.87549pt too wide) in paragraph at lines 87--92
[]\T1/ptm/m/n/9 In this sec-tion we an-a-lyze the in-for-ma-tive-ness of In-ter
-ac-tion SAGS,
 []


Underfull \vbox (badness 1558) has occurred while \output is active []

pdfTeX warning (ext4): destination with the same identifier (name{page.}) has b
een already used, duplicate ignored
<to be read again> 
                   \relax 
l.92 \begin{align*}
                    [4]pdfTeX warning (ext4): destination with the same identif
ier (name{page.}) has been already used, duplicate ignored
<to be read again> 
                   \relax 
l.92 \begin{align*}
                    [5 <./data/plots/accuracy/accuracyNew-eps-converted-to.pdf>
 <./data/plots/vsk/ModalityActionsvsKFriends-eps-converted-to.pdf>])
(./activity_analysis.tex
Package epstopdf Info: Source file: <data/plots/new/CEvsGroupSize.eps>
(epstopdf)                    date: 2013-05-13 18:44:52
(epstopdf)                    size: 202237 bytes
(epstopdf)             Output file: <data/plots/new/CEvsGroupSize-eps-converted
-to.pdf>
(epstopdf)                    date: 2013-05-13 18:44:52
(epstopdf)                    size: 178111 bytes
(epstopdf)             Command: <repstopdf --outfile=data/plots/new/CEvsGroupSi
ze-eps-converted-to.pdf data/plots/new/CEvsGroupSize.eps>
(epstopdf)             \includegraphics on input line 65.
Package epstopdf Info: Output file is already uptodate.

<data/plots/new/CEvsGroupSize-eps-converted-to.pdf, id=321, 578.16pt x 433.62pt
>
File: data/plots/new/CEvsGroupSize-eps-converted-to.pdf Graphic file (type pdf)

 <use data/plots/new/CEvsGroupSize-eps-converted-to.pdf>
Package pdftex.def Info: data/plots/new/CEvsGroupSize-eps-converted-to.pdf used
 on input line 65.
(pdftex.def)             Requested size: 128.03368pt x 99.58493pt.
Package epstopdf Info: Source file: <data/plots/new/CEvsPageSize.eps>
(epstopdf)                    date: 2013-05-13 18:44:52
(epstopdf)                    size: 600246 bytes
(epstopdf)             Output file: <data/plots/new/CEvsPageSize-eps-converted-
to.pdf>
(epstopdf)                    date: 2013-05-13 18:44:52
(epstopdf)                    size: 602041 bytes
(epstopdf)             Command: <repstopdf --outfile=data/plots/new/CEvsPageSiz
e-eps-converted-to.pdf data/plots/new/CEvsPageSize.eps>
(epstopdf)             \includegraphics on input line 66.
Package epstopdf Info: Output file is already uptodate.

<data/plots/new/CEvsPageSize-eps-converted-to.pdf, id=322, 578.16pt x 433.62pt>
File: data/plots/new/CEvsPageSize-eps-converted-to.pdf Graphic file (type pdf)
<use data/plots/new/CEvsPageSize-eps-converted-to.pdf>
Package pdftex.def Info: data/plots/new/CEvsPageSize-eps-converted-to.pdf used 
on input line 66.
(pdftex.def)             Requested size: 128.03368pt x 99.58493pt.
Package epstopdf Info: Source file: <data/plots/new/CEvsFavSize.eps>
(epstopdf)                    date: 2013-05-13 18:44:52
(epstopdf)                    size: 240187 bytes
(epstopdf)             Output file: <data/plots/new/CEvsFavSize-eps-converted-t
o.pdf>
(epstopdf)                    date: 2013-05-13 18:44:52
(epstopdf)                    size: 239312 bytes
(epstopdf)             Command: <repstopdf --outfile=data/plots/new/CEvsFavSize
-eps-converted-to.pdf data/plots/new/CEvsFavSize.eps>
(epstopdf)             \includegraphics on input line 67.
Package epstopdf Info: Output file is already uptodate.

<data/plots/new/CEvsFavSize-eps-converted-to.pdf, id=323, 578.16pt x 433.62pt>
File: data/plots/new/CEvsFavSize-eps-converted-to.pdf Graphic file (type pdf)

<use data/plots/new/CEvsFavSize-eps-converted-to.pdf>
Package pdftex.def Info: data/plots/new/CEvsFavSize-eps-converted-to.pdf used o
n input line 67.
(pdftex.def)             Requested size: 128.03368pt x 99.58493pt.
Package epstopdf Info: Source file: <data/plots/new/LRweightvsGroupSize.eps>
(epstopdf)                    date: 2013-05-13 18:44:52
(epstopdf)                    size: 199873 bytes
(epstopdf)             Output file: <data/plots/new/LRweightvsGroupSize-eps-con
verted-to.pdf>
(epstopdf)                    date: 2013-05-13 18:44:52
(epstopdf)                    size: 187584 bytes
(epstopdf)             Command: <repstopdf --outfile=data/plots/new/LRweightvsG
roupSize-eps-converted-to.pdf data/plots/new/LRweightvsGroupSize.eps>
(epstopdf)             \includegraphics on input line 68.
Package epstopdf Info: Output file is already uptodate.

<data/plots/new/LRweightvsGroupSize-eps-converted-to.pdf, id=324, 578.16pt x 43
3.62pt>
File: data/plots/new/LRweightvsGroupSize-eps-converted-to.pdf Graphic file (typ
e pdf)
 <use data/plots/new/LRweightvsGroupSize-eps-converted-to.pdf>
Package pdftex.def Info: data/plots/new/LRweightvsGroupSize-eps-converted-to.pd
f used on input line 68.
(pdftex.def)             Requested size: 128.03368pt x 99.58493pt.
Package epstopdf Info: Source file: <data/plots/new/LRweightvsPageSize.eps>
(epstopdf)                    date: 2013-05-13 18:44:52
(epstopdf)                    size: 599206 bytes
(epstopdf)             Output file: <data/plots/new/LRweightvsPageSize-eps-conv
erted-to.pdf>
(epstopdf)                    date: 2013-05-13 18:44:52
(epstopdf)                    size: 625942 bytes
(epstopdf)             Command: <repstopdf --outfile=data/plots/new/LRweightvsP
ageSize-eps-converted-to.pdf data/plots/new/LRweightvsPageSize.eps>
(epstopdf)             \includegraphics on input line 69.
Package epstopdf Info: Output file is already uptodate.

<data/plots/new/LRweightvsPageSize-eps-converted-to.pdf, id=325, 578.16pt x 433
.62pt>
File: data/plots/new/LRweightvsPageSize-eps-converted-to.pdf Graphic file (type
 pdf)
 <use data/plots/new/LRweightvsPageSize-eps-converted-to.pdf>
Package pdftex.def Info: data/plots/new/LRweightvsPageSize-eps-converted-to.pdf
 used on input line 69.
(pdftex.def)             Requested size: 128.03368pt x 99.58493pt.
Package epstopdf Info: Source file: <data/plots/new/LRweightvsFavSize.eps>
(epstopdf)                    date: 2013-05-13 18:44:52
(epstopdf)                    size: 240848 bytes
(epstopdf)             Output file: <data/plots/new/LRweightvsFavSize-eps-conve
rted-to.pdf>
(epstopdf)                    date: 2013-05-13 18:44:52
(epstopdf)                    size: 248763 bytes
(epstopdf)             Command: <repstopdf --outfile=data/plots/new/LRweightvsF
avSize-eps-converted-to.pdf data/plots/new/LRweightvsFavSize.eps>
(epstopdf)             \includegraphics on input line 70.
Package epstopdf Info: Output file is already uptodate.

<data/plots/new/LRweightvsFavSize-eps-converted-to.pdf, id=326, 578.16pt x 433.
62pt>
File: data/plots/new/LRweightvsFavSize-eps-converted-to.pdf Graphic file (type 
pdf)
 <use data/plots/new/LRweightvsFavSize-eps-converted-to.pdf>
Package pdftex.def Info: data/plots/new/LRweightvsFavSize-eps-converted-to.pdf 
used on input line 70.
(pdftex.def)             Requested size: 128.03368pt x 99.58493pt.
Package epstopdf Info: Source file: <data/plots/cumulativeEntropy/cumulative.ep
s>
(epstopdf)                    date: 2013-05-13 18:44:52
(epstopdf)                    size: 76804 bytes
(epstopdf)             Output file: <data/plots/cumulativeEntropy/cumulative-ep
s-converted-to.pdf>
(epstopdf)                    date: 2013-05-13 18:44:52
(epstopdf)                    size: 28264 bytes
(epstopdf)             Command: <repstopdf --outfile=data/plots/cumulativeEntro
py/cumulative-eps-converted-to.pdf data/plots/cumulativeEntropy/cumulative.eps>

(epstopdf)             \includegraphics on input line 81.
Package epstopdf Info: Output file is already uptodate.

<data/plots/cumulativeEntropy/cumulative-eps-converted-to.pdf, id=327, 1630.09p
t x 514.92375pt>
File: data/plots/cumulativeEntropy/cumulative-eps-converted-to.pdf Graphic file
 (type pdf)

<use data/plots/cumulativeEntropy/cumulative-eps-converted-to.pdf>
Package pdftex.def Info: data/plots/cumulativeEntropy/cumulative-eps-converted-
to.pdf used on input line 81.
(pdftex.def)             Requested size: 456.42209pt x 144.17766pt.
Package epstopdf Info: Source file: <data/plots/boxPlots/CEvsFavTypes.eps>
(epstopdf)                    date: 2013-05-13 18:44:52
(epstopdf)                    size: 31638 bytes
(epstopdf)             Output file: <data/plots/boxPlots/CEvsFavTypes-eps-conve
rted-to.pdf>
(epstopdf)                    date: 2013-05-13 18:44:52
(epstopdf)                    size: 19448 bytes
(epstopdf)             Command: <repstopdf --outfile=data/plots/boxPlots/CEvsFa
vTypes-eps-converted-to.pdf data/plots/boxPlots/CEvsFavTypes.eps>
(epstopdf)             \includegraphics on input line 90.
Package epstopdf Info: Output file is already uptodate.

<data/plots/boxPlots/CEvsFavTypes-eps-converted-to.pdf, id=328, 1597.97pt x 434
.62375pt>
File: data/plots/boxPlots/CEvsFavTypes-eps-converted-to.pdf Graphic file (type 
pdf)
 <use data/plots/boxPlots/CEvsFavTypes-eps-converted-to.pdf>
Package pdftex.def Info: data/plots/boxPlots/CEvsFavTypes-eps-converted-to.pdf 
used on input line 90.
(pdftex.def)             Requested size: 512.14111pt x 113.80858pt.

Overfull \hbox (8.14111pt too wide) in paragraph at lines 90--91
 [][] 
 []

) (./relatedWork.tex
Overfull \hbox (2.00797pt too wide) in paragraph at lines 1--2
[]\T1/ptm/b/n/9 TODO: some re-lated work is ``eaten'' in the in-tro and method-

 []

pdfTeX warning (ext4): destination with the same identifier (name{page.}) has b
een already used, duplicate ignored
<to be read again> 
                   \relax 
l.21 
      [6]pdfTeX warning (ext4): destination with the same identifier (name{page
.}) has been already used, duplicate ignored
<to be read again> 
                   \relax 
l.21 
      [7 <./data/plots/new/CEvsGroupSize-eps-converted-to.pdf> <./data/plots/ne
w/CEvsPageSize-eps-converted-to.pdf> <./data/plots/new/CEvsFavSize-eps-converte
d-to.pdf> <./data/plots/new/LRweightvsGroupSize-eps-converted-to.pdf> <./data/p
lots/new/LRweightvsPageSize-eps-converted-to.pdf> <./data/plots/new/LRweightvsF
avSize-eps-converted-to.pdf> <./data/plots/cumulativeEntropy/cumulative-eps-con
verted-to.pdf> <./data/plots/boxPlots/CEvsFavTypes-eps-converted-to.pdf>]
Overfull \hbox (2.08879pt too wide) in paragraph at lines 38--49
\T1/ptm/m/n/9 interaction-to-preference op-er-a-tional, [[]19[]] ex-am-ines the
 pre-dictabil-
 []


Underfull \vbox (badness 10000) has occurred while \output is active []

)
(./conclusion.tex) (./document.bblpdfTeX warning (ext4): destination with the s
ame identifier (name{page.}) has been already used, duplicate ignored
<to be read again> 
                   \relax 
l.47 
      [8]
Underfull \vbox (badness 10000) has occurred while \output is active []

)
Package atveryend Info: Empty hook `BeforeClearDocument' on input line 229.
pdfTeX warning (ext4): destination with the same identifier (name{page.}) has b
een already used, duplicate ignored
<to be read again> 
                   \relax 
l.229 \end{document}
                     [9]
Package atveryend Info: Empty hook `AfterLastShipout' on input line 229.
 (./document.aux)
Package atveryend Info: Empty hook `AtVeryEndDocument' on input line 229.
Package atveryend Info: Executing hook `AtEndAfterFileList' on input line 229.
Package rerunfilecheck Info: File `document.out' has not changed.
(rerunfilecheck)             Checksum: A60B13263C07DCE46A5532B252C826EB;830.


LaTeX Warning: There were multiply-defined labels.

 ) 
Here is how much of TeX's memory you used:
 7669 strings out of 493629
 113267 string characters out of 3148772
 220964 words of memory out of 3000000
 10715 multiletter control sequences out of 15000+200000
 63695 words of font info for 81 fonts, out of 3000000 for 9000
 831 hyphenation exceptions out of 8191
 44i,22n,46p,1057b,499s stack positions out of 5000i,500n,10000p,200000b,50000s
{/usr/share/texmf-dist/fonts/enc/dvips/base/8r.enc}</usr/share/texmf-dist/fon
ts/type1/public/amsfonts/cm/cmbx9.pfb></usr/share/texmf-dist/fonts/type1/public
/amsfonts/cmextra/cmex9.pfb></usr/share/texmf-dist/fonts/type1/public/amsfonts/
cm/cmmi6.pfb></usr/share/texmf-dist/fonts/type1/public/amsfonts/cm/cmmi8.pfb></
usr/share/texmf-dist/fonts/type1/public/amsfonts/cm/cmmi9.pfb></usr/share/texmf
-dist/fonts/type1/public/amsfonts/cm/cmr6.pfb></usr/share/texmf-dist/fonts/type
1/public/amsfonts/cm/cmr8.pfb></usr/share/texmf-dist/fonts/type1/public/amsfont
s/cm/cmr9.pfb></usr/share/texmf-dist/fonts/type1/public/amsfonts/cm/cmsy6.pfb><
/usr/share/texmf-dist/fonts/type1/public/amsfonts/cm/cmsy8.pfb></usr/share/texm
f-dist/fonts/type1/public/amsfonts/cm/cmsy9.pfb></usr/share/texmf-dist/fonts/ty
pe1/public/amsfonts/cm/cmti7.pfb></usr/share/texmf-dist/fonts/type1/public/amsf
onts/cm/cmti9.pfb></usr/share/texmf-dist/fonts/type1/urw/helvetic/uhvb8a.pfb></
usr/share/texmf-dist/fonts/type1/urw/helvetic/uhvr8a.pfb></usr/share/texmf-dist
/fonts/type1/urw/times/utmb8a.pfb></usr/share/texmf-dist/fonts/type1/urw/times/
utmr8a.pfb></usr/share/texmf-dist/fonts/type1/urw/times/utmri8a.pfb>
Output written on document.pdf (9 pages, 3560817 bytes).
PDF statistics:
 751 PDF objects out of 1000 (max. 8388607)
 359 compressed objects within 4 object streams
 69 named destinations out of 1000 (max. 500000)
 168 words of extra memory for PDF output out of 10000 (max. 10000000)

