This is pdfTeX, Version 3.1415926-1.40.10 (TeX Live 2009/Debian) (format=pdflatex 2012.4.13)  10 OCT 2012 12:56
entering extended mode
 %&-line parsing enabled.
**thesis.tex
(./thesis.tex
LaTeX2e <2009/09/24>
Babel <v3.8l> and hyphenation patterns for english, usenglishmax, dumylang, noh
yphenation, loaded.
(/usr/share/texmf-texlive/tex/latex/base/book.cls
Document Class: book 2007/10/19 v1.4h Standard LaTeX document class
(/usr/share/texmf-texlive/tex/latex/base/bk11.clo
File: bk11.clo 2007/10/19 v1.4h Standard LaTeX file (size option)
)
\c@part=\count79
\c@chapter=\count80
\c@section=\count81
\c@subsection=\count82
\c@subsubsection=\count83
\c@paragraph=\count84
\c@subparagraph=\count85
\c@figure=\count86
\c@table=\count87
\abovecaptionskip=\skip41
\belowcaptionskip=\skip42
\bibindent=\dimen102
) (./anuthesis.sty
Package: anuthesis 2005/04/04 v0.2 ANU Thesis Style (SB/RW)

(/usr/share/texmf-texlive/tex/latex/base/ifthen.sty
Package: ifthen 2001/05/26 v1.1c Standard LaTeX ifthen package (DPC)
)
(/usr/share/texmf-texlive/tex/latex/base/latexsym.sty
Package: latexsym 1998/08/17 v2.2e Standard LaTeX package (lasy symbols)
\symlasy=\mathgroup4
LaTeX Font Info:    Overwriting symbol font `lasy' in version `bold'
(Font)                  U/lasy/m/n --> U/lasy/b/n on input line 47.
)
\tqfootlen=\skip43

(/usr/share/texmf-texlive/tex/latex/setspace/setspace.sty
Package: setspace 2000/12/01 6.7 Contributed and Supported LaTeX2e package

Package: `setspace' 6.7 <2000/12/01>
)) (/usr/share/texmf-texlive/tex/latex/graphics/graphicx.sty
Package: graphicx 1999/02/16 v1.0f Enhanced LaTeX Graphics (DPC,SPQR)

(/usr/share/texmf-texlive/tex/latex/graphics/keyval.sty
Package: keyval 1999/03/16 v1.13 key=value parser (DPC)
\KV@toks@=\toks14
)
(/usr/share/texmf-texlive/tex/latex/graphics/graphics.sty
Package: graphics 2009/02/05 v1.0o Standard LaTeX Graphics (DPC,SPQR)

(/usr/share/texmf-texlive/tex/latex/graphics/trig.sty
Package: trig 1999/03/16 v1.09 sin cos tan (DPC)
)
(/etc/texmf/tex/latex/config/graphics.cfg
File: graphics.cfg 2009/08/28 v1.8 graphics configuration of TeX Live
)
Package graphics Info: Driver file: pdftex.def on input line 91.

(/usr/share/texmf-texlive/tex/latex/pdftex-def/pdftex.def
File: pdftex.def 2009/08/25 v0.04m Graphics/color for pdfTeX
\Gread@gobject=\count88
))
\Gin@req@height=\dimen103
\Gin@req@width=\dimen104
) (./thesis.sty
(/usr/share/texmf-texlive/tex/latex/tools/xspace.sty
Package: xspace 2006/05/08 v1.12 Space after command names (DPC,MH)
))
(/usr/share/texmf-texlive/tex/latex/base/makeidx.sty
Package: makeidx 2000/03/29 v1.0m Standard LaTeX package
) (./acmnew-xref.sty
Using author/year ACM bibliography style
\bibindent=\dimen105
) (/usr/share/texmf-texlive/tex/latex/tools/verbatim.sty
Package: verbatim 2003/08/22 v1.5q LaTeX2e package for verbatim enhancements
\every@verbatim=\toks15
\verbatim@line=\toks16
\verbatim@in@stream=\read1
)
(/usr/share/texmf-texlive/tex/latex/graphics/epsfig.sty
Package: epsfig 1999/02/16 v1.7a (e)psfig emulation (SPQR)
\epsfxsize=\dimen106
\epsfysize=\dimen107
)
(/usr/share/texmf-texlive/tex/latex/subfigure/subfigure.sty
Package: subfigure 2002/03/15 v2.1.5 subfigure package
\subfigtopskip=\skip44
\subfigcapskip=\skip45
\subfigcaptopadj=\dimen108
\subfigbottomskip=\skip46
\subfigcapmargin=\dimen109
\subfiglabelskip=\skip47
\c@subfigure=\count89
\c@lofdepth=\count90
\c@subtable=\count91
\c@lotdepth=\count92

****************************************
* Local config file subfigure.cfg used *
****************************************
(/usr/share/texmf-texlive/tex/latex/subfigure/subfigure.cfg)
\subfig@top=\skip48
\subfig@bottom=\skip49
)
(/usr/share/texmf-texlive/tex/latex/tools/array.sty
Package: array 2008/09/09 v2.4c Tabular extension package (FMi)
\col@sep=\dimen110
\extrarowheight=\dimen111
\NC@list=\toks17
\extratabsurround=\skip50
\backup@length=\skip51
)
(/usr/share/texmf-texlive/tex/latex/amsmath/amsmath.sty
Package: amsmath 2000/07/18 v2.13 AMS math features
\@mathmargin=\skip52

For additional information on amsmath, use the `?' option.
(/usr/share/texmf-texlive/tex/latex/amsmath/amstext.sty
Package: amstext 2000/06/29 v2.01

(/usr/share/texmf-texlive/tex/latex/amsmath/amsgen.sty
File: amsgen.sty 1999/11/30 v2.0
\@emptytoks=\toks18
\ex@=\dimen112
))
(/usr/share/texmf-texlive/tex/latex/amsmath/amsbsy.sty
Package: amsbsy 1999/11/29 v1.2d
\pmbraise@=\dimen113
)
(/usr/share/texmf-texlive/tex/latex/amsmath/amsopn.sty
Package: amsopn 1999/12/14 v2.01 operator names
)
\inf@bad=\count93
LaTeX Info: Redefining \frac on input line 211.
\uproot@=\count94
\leftroot@=\count95
LaTeX Info: Redefining \overline on input line 307.
\classnum@=\count96
\DOTSCASE@=\count97
LaTeX Info: Redefining \ldots on input line 379.
LaTeX Info: Redefining \dots on input line 382.
LaTeX Info: Redefining \cdots on input line 467.
\Mathstrutbox@=\box26
\strutbox@=\box27
\big@size=\dimen114
LaTeX Font Info:    Redeclaring font encoding OML on input line 567.
LaTeX Font Info:    Redeclaring font encoding OMS on input line 568.
\macc@depth=\count98
\c@MaxMatrixCols=\count99
\dotsspace@=\muskip10
\c@parentequation=\count100
\dspbrk@lvl=\count101
\tag@help=\toks19
\row@=\count102
\column@=\count103
\maxfields@=\count104
\andhelp@=\toks20
\eqnshift@=\dimen115
\alignsep@=\dimen116
\tagshift@=\dimen117
\tagwidth@=\dimen118
\totwidth@=\dimen119
\lineht@=\dimen120
\@envbody=\toks21
\multlinegap=\skip53
\multlinetaggap=\skip54
\mathdisplay@stack=\toks22
LaTeX Info: Redefining \[ on input line 2666.
LaTeX Info: Redefining \] on input line 2667.
)
(/usr/share/texmf-texlive/tex/latex/amsfonts/amssymb.sty
Package: amssymb 2009/06/22 v3.00

(/usr/share/texmf-texlive/tex/latex/amsfonts/amsfonts.sty
Package: amsfonts 2009/06/22 v3.00 Basic AMSFonts support
\symAMSa=\mathgroup5
\symAMSb=\mathgroup6
LaTeX Font Info:    Overwriting math alphabet `\mathfrak' in version `bold'
(Font)                  U/euf/m/n --> U/euf/b/n on input line 96.
))
(/usr/share/texmf-texlive/tex/latex/amscls/amsthm.sty
Package: amsthm 2004/08/06 v2.20
\thm@style=\toks23
\thm@bodyfont=\toks24
\thm@headfont=\toks25
\thm@notefont=\toks26
\thm@headpunct=\toks27
\thm@preskip=\skip55
\thm@postskip=\skip56
\thm@headsep=\skip57
\dth@everypar=\toks28
)

! LaTeX Error: File `mathtools.sty' not found.

Type X to quit or <RETURN> to proceed,
or enter new name. (Default extension: sty)

Enter file name: 
(/usr/share/texmf-texlive/tex/latex/ltxmisc/url.sty
\Urlmuskip=\muskip11
Package: url 2006/04/12  ver 3.3  Verb mode for urls, etc.
)
\c@lemma=\count105
\@indexfile=\write3
\openout3 = `thesis.idx'.


Writing index file thesis.idx
(./thesis.aux)
\openout1 = `thesis.aux'.

LaTeX Font Info:    Checking defaults for OML/cmm/m/it on input line 88.
LaTeX Font Info:    ... okay on input line 88.
LaTeX Font Info:    Checking defaults for T1/cmr/m/n on input line 88.
LaTeX Font Info:    ... okay on input line 88.
LaTeX Font Info:    Checking defaults for OT1/cmr/m/n on input line 88.
LaTeX Font Info:    ... okay on input line 88.
LaTeX Font Info:    Checking defaults for OMS/cmsy/m/n on input line 88.
LaTeX Font Info:    ... okay on input line 88.
LaTeX Font Info:    Checking defaults for OMX/cmex/m/n on input line 88.
LaTeX Font Info:    ... okay on input line 88.
LaTeX Font Info:    Checking defaults for U/cmr/m/n on input line 88.
LaTeX Font Info:    ... okay on input line 88.
 (/usr/share/texmf-texlive/tex/context/base/supp-pdf.mkii
[Loading MPS to PDF converter (version 2006.09.02).]
\scratchcounter=\count106
\scratchdimen=\dimen121
\scratchbox=\box28
\nofMPsegments=\count107
\nofMParguments=\count108
\everyMPshowfont=\toks29
\MPscratchCnt=\count109
\MPscratchDim=\dimen122
\MPnumerator=\count110
\everyMPtoPDFconversion=\toks30
) (./titlepage.tex [1


{/var/lib/texmf/fonts/map/pdftex/updmap/pdftex.map}])
(./frontmatter.tex
LaTeX Font Info:    Try loading font information for OMS+cmr on input line 8.
 (/usr/share/texmf-texlive/tex/latex/base/omscmr.fd
File: omscmr.fd 1999/05/25 v2.5h Standard LaTeX font definitions
)
LaTeX Font Info:    Font shape `OMS/cmr/m/n' in size <10.95> not available
(Font)              Font shape `OMS/cmsy/m/n' tried instead on input line 8.
LaTeX Font Info:    Try loading font information for U+lasy on input line 13.

(/usr/share/texmf-texlive/tex/latex/base/ulasy.fd
File: ulasy.fd 1998/08/17 v2.2e LaTeX symbol font definitions
)
LaTeX Font Info:    Try loading font information for U+msa on input line 13.

(/usr/share/texmf-texlive/tex/latex/amsfonts/umsa.fd
File: umsa.fd 2009/06/22 v3.00 AMS symbols A
)
LaTeX Font Info:    Try loading font information for U+msb on input line 13.

(/usr/share/texmf-texlive/tex/latex/amsfonts/umsb.fd
File: umsb.fd 2009/06/22 v3.00 AMS symbols B
) [2]) [3] [4

]
(./dedication.tex) [5] [6

] (./ack.tex) [7

] [8

] (./abstract.tex) [9

] [10

]
(./thesis.toc
! Undefined control sequence.
<recently read> \@mathit 
                         
l.32 ...on ($\@mathit {Obj}_\@mathit {pmcf}$)}{22}
                                                  
? 
! Undefined control sequence.
<argument> ...orization ($\@mathit {Obj}_\@mathit 
                                                  {pmcf}$)
l.32 ...on ($\@mathit {Obj}_\@mathit {pmcf}$)}{22}
                                                  
? 
! Undefined control sequence.
<recently read> \@mathit 
                         
l.33 ...tion ($\@mathit {Obj}_\@mathit {ru}$)}{22}
                                                  
? 
! Undefined control sequence.
<argument> ...arization ($\@mathit {Obj}_\@mathit 
                                                  {ru}$)
l.33 ...tion ($\@mathit {Obj}_\@mathit {ru}$)}{22}
                                                  
? 
! Undefined control sequence.
<recently read> \@mathit 
                         
l.34 ...tion ($\@mathit {Obj}_\@mathit {rv}$)}{22}
                                                  
? 
! Undefined control sequence.
<argument> ...arization ($\@mathit {Obj}_\@mathit 
                                                  {rv}$)
l.34 ...tion ($\@mathit {Obj}_\@mathit {rv}$)}{22}
                                                  
? 
[11

]
! Undefined control sequence.
<recently read> \@mathit 
                         
l.35 ...tion ($\@mathit {Obj}_\@mathit {rs}$)}{22}
                                                  
? 
! Undefined control sequence.
<argument> ...arization ($\@mathit {Obj}_\@mathit 
                                                  {rs}$)
l.35 ...tion ($\@mathit {Obj}_\@mathit {rs}$)}{22}
                                                  
? 
! Undefined control sequence.
<recently read> \@mathit 
                         
l.44 ...ve ($\@mathit {Obj}_\@mathit {phy}$ )}{33}
                                                  
? 
! Undefined control sequence.
<argument> ...Objective ($\@mathit {Obj}_\@mathit 
                                                  {phy}$ )
l.44 ...ve ($\@mathit {Obj}_\@mathit {phy}$ )}{33}
                                                  
? 
! Undefined control sequence.
<recently read> \@mathbf 
                         
l.45 ...ion ($ \@mathit {Obj}_\@mathit {rw}$)}{34}
                                                  
? 
! Undefined control sequence.
<argument> ...hbf {w}$ Regularization ($ \@mathit 
                                                  {Obj}_\@mathit {rw}$)
l.45 ...ion ($ \@mathit {Obj}_\@mathit {rw}$)}{34}
                                                  
? 
! Undefined control sequence.
<argument> ...rization ($ \@mathit {Obj}_\@mathit 
                                                  {rw}$)
l.45 ...ion ($ \@mathit {Obj}_\@mathit {rw}$)}{34}
                                                  
? 
! Undefined control sequence.
<recently read> \@mathit 
                         
l.46 ...ion ($\@mathit {Obj}_\@mathit {rss}$)}{34}
                                                  
? 
! Undefined control sequence.
<argument> ...arization ($\@mathit {Obj}_\@mathit 
                                                  {rss}$)
l.46 ...ion ($\@mathit {Obj}_\@mathit {rss}$)}{34}
                                                  
? 
! Undefined control sequence.
<recently read> \@mathit 
                         
l.47 ...ion ($\@mathit {Obj}_\@mathit {rsc}$)}{35}
                                                  
? 
! Undefined control sequence.
<argument> ...arization ($\@mathit {Obj}_\@mathit 
                                                  {rsc}$)
l.47 ...ion ($\@mathit {Obj}_\@mathit {rsc}$)}{35}
                                                  
? 
! Undefined control sequence.
<recently read> \@mathit 
                         
l.48 ...on ($\@mathit {Obj}_\@mathit {rscs}$)}{35}
                                                  
? 
! Undefined control sequence.
<argument> ...arization ($\@mathit {Obj}_\@mathit 
                                                  {rscs}$)
l.48 ...on ($\@mathit {Obj}_\@mathit {rscs}$)}{35}
                                                  
? 
)
\tf@toc=\write4
\openout4 = `thesis.toc'.

 [12] (./intro.tex
Chapter 1.

! LaTeX Error: Unknown graphics extension: .eps.

See the LaTeX manual or LaTeX Companion for explanation.
Type  H <return>  for immediate help.
 ...                                              
                                                  
l.46 ...graphics[scale=0.85]{img/posted-link.eps}}
                                                  
? 

Underfull \vbox (badness 10000) has occurred while \output is active []

 [1


]
[2] [3] [4]) (./chap2.tex [5] [6

]
Chapter 2.
[7]
Overfull \hbox (2.02138pt too wide) in paragraph at lines 86--90
[]\OT1/cmr/m/n/10.95 A (non-exhaustive) data set $\OML/cmm/m/it/10.95 D$ \OT1/c
mr/m/n/10.95 of sin-gle user pref-er-ences of the form $\OML/cmm/m/it/10.95 D \
OT1/cmr/m/n/10.95 = \OMS/cmsy/m/n/10.95 f\OT1/cmr/m/n/10.95 (\OT1/cmr/bx/n/10.9
5 x\OML/cmm/m/it/10.95 ; \OT1/cmr/bx/n/10.95 y\OT1/cmr/m/n/10.95 ) \OMS/cmsy/m/
n/10.95 !
 []

[8] [9] [10]
Underfull \vbox (badness 10000) has occurred while \output is active []

 [11]
[12]) (./chap3.tex [13] [14

]
Chapter 3.
[15]

! LaTeX Error: Unknown graphics extension: .eps.

See the LaTeX manual or LaTeX Companion for explanation.
Type  H <return>  for immediate help.
 ...                                              
                                                  
l.61 ...ncludegraphics[scale=0.55]{img/linkr.eps}}
                                                  
? 
[16] [17] [18]

! LaTeX Error: Unknown graphics extension: .eps.

See the LaTeX manual or LaTeX Companion for explanation.
Type  H <return>  for immediate help.
 ...                                              
                                                  
l.257 ...graphics[scale=0.7]{img/linkr_rating.eps}
                                                  
? 
) [19] (./chap4.tex [20]
Chapter 4.

Underfull \vbox (badness 10000) has occurred while \output is active []

 [21

]
Underfull \hbox (badness 10000) in paragraph at lines 89--91

 []


Underfull \vbox (badness 1478) has occurred while \output is active []

 [22]
Underfull \vbox (badness 2237) has occurred while \output is active []

 [23]
[24]

! LaTeX Error: Unknown graphics extension: .eps.

See the LaTeX manual or LaTeX Companion for explanation.
Type  H <return>  for immediate help.
 ...                                              
                                                  
l.224 ...graphics[scale=0.5]{img/live-likes1.eps}}
                                                  
? 
[25]

! LaTeX Error: Unknown graphics extension: .eps.

See the LaTeX manual or LaTeX Companion for explanation.
Type  H <return>  for immediate help.
 ...                                              
                                                  
l.234 ...s[scale=0.5]{img/live-friend-likes1.eps}}
                                                  
? 

! LaTeX Error: Unknown graphics extension: .eps.

See the LaTeX manual or LaTeX Companion for explanation.
Type  H <return>  for immediate help.
 ...                                              
                                                  
l.235 ...cale=0.5]{img/live-nonfriend-likes1.eps}}
                                                  
? 

! LaTeX Error: Unknown graphics extension: .eps.

See the LaTeX manual or LaTeX Companion for explanation.
Type  H <return>  for immediate help.
 ...                                              
                                                  
l.259 ...degraphics[scale=0.35]{img/not-seen.eps}}
                                                  
? 

! LaTeX Error: Unknown graphics extension: .eps.

See the LaTeX manual or LaTeX Companion for explanation.
Type  H <return>  for immediate help.
 ...                                              
                                                  
l.260 ...degraphics[scale=0.35]{img/relevant.eps}}
                                                  
? 

! LaTeX Error: Unknown graphics extension: .eps.

See the LaTeX manual or LaTeX Companion for explanation.
Type  H <return>  for immediate help.
 ...                                              
                                                  
l.261 ...udegraphics[scale=0.35]{img/adapted.eps}}
                                                  
? 

! LaTeX Error: Unknown graphics extension: .eps.

See the LaTeX manual or LaTeX Companion for explanation.
Type  H <return>  for immediate help.
 ...                                              
                                                  
l.262 ...egraphics[scale=0.35]{img/satisfied.eps}}
                                                  
? 
[26]

! LaTeX Error: Unknown graphics extension: .eps.

See the LaTeX manual or LaTeX Companion for explanation.
Type  H <return>  for immediate help.
 ...                                              
                                                  
l.285 ...0.35]{img/Passive_App-User-Passive1.eps}}
                                                  
? 

! LaTeX Error: Unknown graphics extension: .eps.

See the LaTeX manual or LaTeX Companion for explanation.
Type  H <return>  for immediate help.
 ...                                              
                                                  
l.286 ...=0.35]{img/Passive_FB-User-Passive1.eps}}
                                                  
? 

LaTeX Warning: File `img/Passive_App-User-active-all1.eps' not found on input l
ine 287.


! LaTeX Error: Unknown graphics extension: .eps.

See the LaTeX manual or LaTeX Companion for explanation.
Type  H <return>  for immediate help.
 ...                                              
                                                  
l.287 ...5]{img/Passive_App-User-active-all1.eps}}
                                                  
? 

! LaTeX Error: Unknown graphics extension: .eps.

See the LaTeX manual or LaTeX Companion for explanation.
Type  H <return>  for immediate help.
 ...                                              
                                                  
l.288 ...mg/Passive_App-User-Active-Friends1.eps}}
                                                  
? 

! LaTeX Error: Unknown graphics extension: .eps.

See the LaTeX manual or LaTeX Companion for explanation.
Type  H <return>  for immediate help.
 ...                                              
                                                  
l.289 ...Passive_App-User-Active-NonFriends1.eps}}
                                                  
? 

! LaTeX Error: Unknown graphics extension: .eps.

See the LaTeX manual or LaTeX Companion for explanation.
Type  H <return>  for immediate help.
 ...                                              
                                                  
l.296 ...=0.35]{img/Active_App-User-Passive1.eps}}
                                                  
? 

! LaTeX Error: Unknown graphics extension: .eps.

See the LaTeX manual or LaTeX Companion for explanation.
Type  H <return>  for immediate help.
 ...                                              
                                                  
l.297 ...e=0.35]{img/Active_FB-User-Passive1.eps}}
                                                  
? 

! LaTeX Error: Unknown graphics extension: .eps.

See the LaTeX manual or LaTeX Companion for explanation.
Type  H <return>  for immediate help.
 ...                                              
                                                  
l.298 ...35]{img/Active_App-User-Active-All1.eps}}
                                                  
? 

! LaTeX Error: Unknown graphics extension: .eps.

See the LaTeX manual or LaTeX Companion for explanation.
Type  H <return>  for immediate help.
 ...                                              
                                                  
l.299 ...img/Active_App-User-Active-Friends1.eps}}
                                                  
? 

LaTeX Warning: File `img/Active_App-User-Active-Nonfriends1.eps' not found on i
nput line 300.


! LaTeX Error: Unknown graphics extension: .eps.

See the LaTeX manual or LaTeX Companion for explanation.
Type  H <return>  for immediate help.
 ...                                              
                                                  
l.300 .../Active_App-User-Active-Nonfriends1.eps}}
                                                  
? 

! LaTeX Error: Unknown graphics extension: .eps.

See the LaTeX manual or LaTeX Companion for explanation.
Type  H <return>  for immediate help.
 ...                                              
                                                  
l.307 ...e=0.35]{img/Union_App-User-Passive1.eps}}
                                                  
? 

! LaTeX Error: Unknown graphics extension: .eps.

See the LaTeX manual or LaTeX Companion for explanation.
Type  H <return>  for immediate help.
 ...                                              
                                                  
l.308 ...le=0.35]{img/Union_FB-User-Passive1.eps}}
                                                  
? 

! LaTeX Error: Unknown graphics extension: .eps.

See the LaTeX manual or LaTeX Companion for explanation.
Type  H <return>  for immediate help.
 ...                                              
                                                  
l.309 ....35]{img/Union_App-User-Active-All1.eps}}
                                                  
? 

! LaTeX Error: Unknown graphics extension: .eps.

See the LaTeX manual or LaTeX Companion for explanation.
Type  H <return>  for immediate help.
 ...                                              
                                                  
l.310 ...{img/Union_App-User-Active-Friends1.eps}}
                                                  
? 

! LaTeX Error: Unknown graphics extension: .eps.

See the LaTeX manual or LaTeX Companion for explanation.
Type  H <return>  for immediate help.
 ...                                              
                                                  
l.311 ...g/Union_App-User-Active-NonFriends1.eps}}
                                                  
? 
[27]) (./chap5.tex [28]
Chapter 5.
[29

]
Underfull \vbox (badness 5460) has occurred while \output is active []

 [30]
[31]
Underfull \vbox (badness 10000) has occurred while \output is active []

 [32]
Underfull \vbox (badness 10000) has occurred while \output is active []

 [33]
Underfull \vbox (badness 10000) has occurred while \output is active []

 [34]
[35]

! LaTeX Error: Unknown graphics extension: .eps.

See the LaTeX manual or LaTeX Companion for explanation.
Type  H <return>  for immediate help.
 ...                                              
                                                  
l.252 ...graphics[scale=0.5]{img/live-likes2.eps}}
                                                  
? 

! LaTeX Error: Unknown graphics extension: .eps.

See the LaTeX manual or LaTeX Companion for explanation.
Type  H <return>  for immediate help.
 ...                                              
                                                  
l.267 ...s[scale=0.5]{img/live-friend-likes2.eps}}
                                                  
? 

! LaTeX Error: Unknown graphics extension: .eps.

See the LaTeX manual or LaTeX Companion for explanation.
Type  H <return>  for immediate help.
 ...                                              
                                                  
l.268 ...cale=0.5]{img/live-nonfriend-likes2.eps}}
                                                  
? 
[36]
Overfull \hbox (10.81657pt too wide) in paragraph at lines 292--293
[]\OT1/cmr/m/n/10.95 In Fig-ure 5.5[], when train-ing UNION and test-ing on APP
-USER-ACTIVE-FRIEND,
 []

[37]

! LaTeX Error: Unknown graphics extension: .eps.

See the LaTeX manual or LaTeX Companion for explanation.
Type  H <return>  for immediate help.
 ...                                              
                                                  
l.305 ...0.35]{img/Passive_App-User-Passive2.eps}}
                                                  
? 

! LaTeX Error: Unknown graphics extension: .eps.

See the LaTeX manual or LaTeX Companion for explanation.
Type  H <return>  for immediate help.
 ...                                              
                                                  
l.306 ...=0.35]{img/Passive_FB-User-Passive2.eps}}
                                                  
? 

LaTeX Warning: File `img/Passive_App-User-active-all2.eps' not found on input l
ine 307.


! LaTeX Error: Unknown graphics extension: .eps.

See the LaTeX manual or LaTeX Companion for explanation.
Type  H <return>  for immediate help.
 ...                                              
                                                  
l.307 ...5]{img/Passive_App-User-active-all2.eps}}
                                                  
? 

! LaTeX Error: Unknown graphics extension: .eps.

See the LaTeX manual or LaTeX Companion for explanation.
Type  H <return>  for immediate help.
 ...                                              
                                                  
l.308 ...mg/Passive_App-User-Active-Friends2.eps}}
                                                  
? 

! LaTeX Error: Unknown graphics extension: .eps.

See the LaTeX manual or LaTeX Companion for explanation.
Type  H <return>  for immediate help.
 ...                                              
                                                  
l.309 ...Passive_App-User-Active-NonFriends2.eps}}
                                                  
? 

! LaTeX Error: Unknown graphics extension: .eps.

See the LaTeX manual or LaTeX Companion for explanation.
Type  H <return>  for immediate help.
 ...                                              
                                                  
l.316 ...=0.35]{img/Active_App-User-Passive2.eps}}
                                                  
? 

! LaTeX Error: Unknown graphics extension: .eps.

See the LaTeX manual or LaTeX Companion for explanation.
Type  H <return>  for immediate help.
 ...                                              
                                                  
l.317 ...e=0.35]{img/Active_FB-User-Passive2.eps}}
                                                  
? 

! LaTeX Error: Unknown graphics extension: .eps.

See the LaTeX manual or LaTeX Companion for explanation.
Type  H <return>  for immediate help.
 ...                                              
                                                  
l.318 ...35]{img/Active_App-User-Active-All2.eps}}
                                                  
? 

! LaTeX Error: Unknown graphics extension: .eps.

See the LaTeX manual or LaTeX Companion for explanation.
Type  H <return>  for immediate help.
 ...                                              
                                                  
l.319 ...img/Active_App-User-Active-Friends2.eps}}
                                                  
? 

LaTeX Warning: File `img/Active_App-User-Active-Nonfriends2.eps' not found on i
nput line 320.


! LaTeX Error: Unknown graphics extension: .eps.

See the LaTeX manual or LaTeX Companion for explanation.
Type  H <return>  for immediate help.
 ...                                              
                                                  
l.320 .../Active_App-User-Active-Nonfriends2.eps}}
                                                  
? 

! LaTeX Error: Unknown graphics extension: .eps.

See the LaTeX manual or LaTeX Companion for explanation.
Type  H <return>  for immediate help.
 ...                                              
                                                  
l.327 ...e=0.35]{img/Union_App-User-Passive2.eps}}
                                                  
? 

! LaTeX Error: Unknown graphics extension: .eps.

See the LaTeX manual or LaTeX Companion for explanation.
Type  H <return>  for immediate help.
 ...                                              
                                                  
l.328 ...le=0.35]{img/Union_FB-User-Passive2.eps}}
                                                  
? 

! LaTeX Error: Unknown graphics extension: .eps.

See the LaTeX manual or LaTeX Companion for explanation.
Type  H <return>  for immediate help.
 ...                                              
                                                  
l.329 ....35]{img/Union_App-User-Active-All2.eps}}
                                                  
? 

! LaTeX Error: Unknown graphics extension: .eps.

See the LaTeX manual or LaTeX Companion for explanation.
Type  H <return>  for immediate help.
 ...                                              
                                                  
l.330 ...{img/Union_App-User-Active-Friends2.eps}}
                                                  
? 

! LaTeX Error: Unknown graphics extension: .eps.

See the LaTeX manual or LaTeX Companion for explanation.
Type  H <return>  for immediate help.
 ...                                              
                                                  
l.331 ...g/Union_App-User-Active-NonFriends2.eps}}
                                                  
? 
) (./conclusion.tex [38]
Chapter 6.
[39

] [40]) [41] [42

] (./thesis.bbl
Bib-XRef Warning: No page list for reference `birlutiu-et-al-neuro-10'.
Bib-XRef Warning: No page list for reference `bonilla-et-al-nips-08'.
Bib-XRef Warning: No page list for reference `boutilier02239'.
Bib-XRef Warning: No page list for reference `bradley52324'.
Bib-XRef Warning: No page list for reference `bisim'.
Bib-XRef Warning: No page list for reference `Chajewska00utilitiesas'.
Bib-XRef Warning: No page list for reference `chajewska-et-al-aaai-00'.
Bib-XRef Warning: No page list for reference `chu-Ghahramani-jmlr-05'.
Bib-XRef Warning: No page list for reference `chu-Ghahramani-icml-05'.
Bib-XRef Warning: No page list for reference `conitzer-jair-09'.
Bib-XRef Warning: No page list for reference `conitzer09161'.
[43

]
Bib-XRef Warning: No page list for reference `brochu-et-al-nips-08'.
Bib-XRef Warning: No page list for reference `guo-sanner-aistats-10'.
Bib-XRef Warning: No page list for reference `howard-ieee-66'.
Bib-XRef Warning: No page list for reference `huang-guestrin-nips-09'.
Bib-XRef Warning: No page list for reference `jones-jgo-01'.
Bib-XRef Warning: No page list for reference `kamishima-kdd-03'.
Bib-XRef Warning: No page list for reference `glfm'.
Bib-XRef Warning: No page list for reference `candela-rasmussen-jmlr-05'.
[44]
Bib-XRef Warning: No page list for reference `viappiani09Regret-basedOptimalRec
ommendationSetsConversational'.
Bib-XRef Warning: No page list for reference `yu-et-al-icml-05'.
)
No file thesis.ind.
[45] (./thesis.aux)

LaTeX Warning: Label(s) may have changed. Rerun to get cross-references right.

 ) 
Here is how much of TeX's memory you used:
 2853 strings out of 495061
 34221 string characters out of 1182621
 95083 words of memory out of 3000000
 5885 multiletter control sequences out of 15000+50000
 19678 words of font info for 75 fonts, out of 3000000 for 9000
 28 hyphenation exceptions out of 8191
 27i,24n,24p,810b,271s stack positions out of 5000i,500n,10000p,200000b,50000s
</usr/share/texmf-texlive/fonts/type1/public/amsfonts/cm/cmbx10.pfb></usr/sha
re/texmf-texlive/fonts/type1/public/amsfonts/cm/cmbx12.pfb></usr/share/texmf-te
xlive/fonts/type1/public/amsfonts/cm/cmbx6.pfb></usr/share/texmf-texlive/fonts/
type1/public/amsfonts/cm/cmbx8.pfb></usr/share/texmf-texlive/fonts/type1/public
/amsfonts/cm/cmcsc10.pfb></usr/share/texmf-texlive/fonts/type1/public/amsfonts/
cm/cmex10.pfb></usr/share/texmf-texlive/fonts/type1/public/amsfonts/cm/cmmi10.p
fb></usr/share/texmf-texlive/fonts/type1/public/amsfonts/cm/cmmi12.pfb></usr/sh
are/texmf-texlive/fonts/type1/public/amsfonts/cm/cmmi6.pfb></usr/share/texmf-te
xlive/fonts/type1/public/amsfonts/cm/cmmi8.pfb></usr/share/texmf-texlive/fonts/
type1/public/amsfonts/cm/cmmi9.pfb></usr/share/texmf-texlive/fonts/type1/public
/amsfonts/cm/cmr10.pfb></usr/share/texmf-texlive/fonts/type1/public/amsfonts/cm
/cmr12.pfb></usr/share/texmf-texlive/fonts/type1/public/amsfonts/cm/cmr17.pfb><
/usr/share/texmf-texlive/fonts/type1/public/amsfonts/cm/cmr6.pfb></usr/share/te
xmf-texlive/fonts/type1/public/amsfonts/cm/cmr8.pfb></usr/share/texmf-texlive/f
onts/type1/public/amsfonts/cm/cmr9.pfb></usr/share/texmf-texlive/fonts/type1/pu
blic/amsfonts/cm/cmsl10.pfb></usr/share/texmf-texlive/fonts/type1/public/amsfon
ts/cm/cmsy10.pfb></usr/share/texmf-texlive/fonts/type1/public/amsfonts/cm/cmsy6
.pfb></usr/share/texmf-texlive/fonts/type1/public/amsfonts/cm/cmsy8.pfb></usr/s
hare/texmf-texlive/fonts/type1/public/amsfonts/cm/cmti10.pfb></usr/share/texmf-
texlive/fonts/type1/public/amsfonts/cm/cmti12.pfb></usr/share/texmf-texlive/fon
ts/type1/public/amsfonts/cm/cmti8.pfb></usr/share/texmf-texlive/fonts/type1/pub
lic/amsfonts/symbols/msbm10.pfb>
Output written on thesis.pdf (57 pages, 450071 bytes).
PDF statistics:
 286 PDF objects out of 1000 (max. 8388607)
 0 named destinations out of 1000 (max. 500000)
 1 words of extra memory for PDF output out of 10000 (max. 10000000)

