\BOOKMARK [0][-]{chapter*.1}{Acknowledgements}{}% 1
\BOOKMARK [0][-]{chapter*.2}{Abstract}{}% 2
\BOOKMARK [0][-]{chapter.1}{Introduction}{}% 3
\BOOKMARK [1][-]{section.1.1}{Description}{chapter.1}% 4
\BOOKMARK [2][-]{subsection.1.1.1}{Individual Recommendation}{section.1.1}% 5
\BOOKMARK [2][-]{subsection.1.1.2}{Collaborative Recommendation}{section.1.1}% 6
\BOOKMARK [2][-]{subsection.1.1.3}{Social Recommendation}{section.1.1}% 7
\BOOKMARK [1][-]{section.1.2}{Questions Studied}{chapter.1}% 8
\BOOKMARK [1][-]{section.1.3}{Resources}{chapter.1}% 9
\BOOKMARK [1][-]{section.1.4}{Chapter Outline}{chapter.1}% 10
\BOOKMARK [0][-]{chapter.2}{Background}{}% 11
\BOOKMARK [1][-]{section.2.1}{Notation}{chapter.2}% 12
\BOOKMARK [1][-]{section.2.2}{Recommendation}{chapter.2}% 13
\BOOKMARK [1][-]{section.2.3}{Algorithms}{chapter.2}% 14
\BOOKMARK [2][-]{subsection.2.3.1}{K-Nearest Neighbor}{section.2.3}% 15
\BOOKMARK [2][-]{subsection.2.3.2}{Probabilistic Matrix Factorization}{section.2.3}% 16
\BOOKMARK [2][-]{subsection.2.3.3}{Probabilistic Matrix Factorization with Features}{section.2.3}% 17
\BOOKMARK [0][-]{chapter.3}{Collaborative Recommendation}{}% 18
\BOOKMARK [1][-]{section.3.1}{Evaluation Metrics}{chapter.3}% 19
\BOOKMARK [1][-]{section.3.2}{Results}{chapter.3}% 20
\BOOKMARK [0][-]{chapter.4}{foo}{}% 21
\BOOKMARK [1][-]{subsection.4.0.1}{Objective components}{chapter.4}% 22
\BOOKMARK [2][-]{subsection.4.0.2}{Derivatives}{subsection.4.0.1}% 23
\BOOKMARK [0][-]{chapter.5}{Conclusion}{}% 24
\BOOKMARK [1][-]{section.5.1}{Why this is a Very Clever Thesis}{chapter.5}% 25
\BOOKMARK [0][-]{appendix.A}{Some Other Stuff}{}% 26
\BOOKMARK [1][-]{section.A.1}{Why I Did It}{appendix.A}% 27
\BOOKMARK [0][-]{appendix.B}{More Stuff}{}% 28
