This is pdfTeX, Version 3.1415926-1.40.11 (TeX Live 2010) (format=pdflatex 2011.4.2)  19 OCT 2011 04:01
entering extended mode
 \write18 enabled.
 file:line:error style messages enabled.
 %&-line parsing enabled.
**thesis.tex
(./thesis.tex
LaTeX2e <2009/09/24>
Babel <v3.8l> and hyphenation patterns for english, dumylang, nohyphenation, ge
rman-x-2009-06-19, ngerman-x-2009-06-19, ancientgreek, ibycus, arabic, armenian
, basque, bulgarian, catalan, pinyin, coptic, croatian, czech, danish, dutch, u
kenglish, usenglishmax, esperanto, estonian, farsi, finnish, french, galician, 
german, ngerman, swissgerman, monogreek, greek, hungarian, icelandic, assamese,
 bengali, gujarati, hindi, kannada, malayalam, marathi, oriya, panjabi, tamil, 
telugu, indonesian, interlingua, irish, italian, kurmanji, lao, latin, latvian,
 lithuanian, mongolian, mongolianlmc, bokmal, nynorsk, polish, portuguese, roma
nian, russian, sanskrit, serbian, slovak, slovenian, spanish, swedish, turkish,
 turkmen, ukrainian, uppersorbian, welsh, loaded.
(/usr/local/texlive/2010/texmf-dist/tex/latex/base/book.cls
Document Class: book 2007/10/19 v1.4h Standard LaTeX document class
(/usr/local/texlive/2010/texmf-dist/tex/latex/base/bk11.clo
File: bk11.clo 2007/10/19 v1.4h Standard LaTeX file (size option)
)
\c@part=\count79
\c@chapter=\count80
\c@section=\count81
\c@subsection=\count82
\c@subsubsection=\count83
\c@paragraph=\count84
\c@subparagraph=\count85
\c@figure=\count86
\c@table=\count87
\abovecaptionskip=\skip41
\belowcaptionskip=\skip42
\bibindent=\dimen102
)
(/usr/local/texlive/2010/../texmf-local/tex/anuthesis/anuthesis.sty
Package: anuthesis 2005/04/04 v0.2 ANU Thesis Style (SB/RW)

(/usr/local/texlive/2010/texmf-dist/tex/latex/base/ifthen.sty
Package: ifthen 2001/05/26 v1.1c Standard LaTeX ifthen package (DPC)
)
(/usr/local/texlive/2010/texmf-dist/tex/latex/base/latexsym.sty
Package: latexsym 1998/08/17 v2.2e Standard LaTeX package (lasy symbols)
\symlasy=\mathgroup4
LaTeX Font Info:    Overwriting symbol font `lasy' in version `bold'
(Font)                  U/lasy/m/n --> U/lasy/b/n on input line 47.
)
\tqfootlen=\skip43

(/usr/local/texlive/2010/texmf-dist/tex/latex/setspace/setspace.sty
Package: setspace 2000/12/01 6.7 Contributed and Supported LaTeX2e package

Package: `setspace' 6.7 <2000/12/01>
)) (/usr/local/texlive/2010/texmf-dist/tex/latex/graphics/graphicx.sty
Package: graphicx 1999/02/16 v1.0f Enhanced LaTeX Graphics (DPC,SPQR)

(/usr/local/texlive/2010/texmf-dist/tex/latex/graphics/keyval.sty
Package: keyval 1999/03/16 v1.13 key=value parser (DPC)
\KV@toks@=\toks14
)
(/usr/local/texlive/2010/texmf-dist/tex/latex/graphics/graphics.sty
Package: graphics 2009/02/05 v1.0o Standard LaTeX Graphics (DPC,SPQR)

(/usr/local/texlive/2010/texmf-dist/tex/latex/graphics/trig.sty
Package: trig 1999/03/16 v1.09 sin cos tan (DPC)
)
(/usr/local/texlive/2010/texmf-dist/tex/latex/latexconfig/graphics.cfg
File: graphics.cfg 2010/04/23 v1.9 graphics configuration of TeX Live
)
Package graphics Info: Driver file: pdftex.def on input line 91.

(/usr/local/texlive/2010/texmf-dist/tex/latex/pdftex-def/pdftex.def
File: pdftex.def 2010/02/14 v0.04n Graphics/color for pdfTeX
\Gread@gobject=\count88
))
\Gin@req@height=\dimen103
\Gin@req@width=\dimen104
)
(./thesis.sty (/usr/local/texlive/2010/texmf-dist/tex/latex/tools/xspace.sty
Package: xspace 2006/05/08 v1.12 Space after command names (DPC,MH)
))
(/usr/local/texlive/2010/texmf-dist/tex/latex/base/makeidx.sty
Package: makeidx 2000/03/29 v1.0m Standard LaTeX package
)
(/usr/local/texlive/2010/../texmf-local/tex/misc/acmnew-xref.sty
Using author/year ACM bibliography style
\bibindent=\dimen105
) (/usr/local/texlive/2010/texmf-dist/tex/latex/tools/verbatim.sty
Package: verbatim 2003/08/22 v1.5q LaTeX2e package for verbatim enhancements
\every@verbatim=\toks15
\verbatim@line=\toks16
\verbatim@in@stream=\read1
)
(/usr/local/texlive/2010/texmf-dist/tex/latex/graphics/epsfig.sty
Package: epsfig 1999/02/16 v1.7a (e)psfig emulation (SPQR)
\epsfxsize=\dimen106
\epsfysize=\dimen107
)
(/usr/local/texlive/2010/texmf-dist/tex/latex/subfigure/subfigure.sty
Package: subfigure 2002/03/15 v2.1.5 subfigure package
\subfigtopskip=\skip44
\subfigcapskip=\skip45
\subfigcaptopadj=\dimen108
\subfigbottomskip=\skip46
\subfigcapmargin=\dimen109
\subfiglabelskip=\skip47
\c@subfigure=\count89
\c@lofdepth=\count90
\c@subtable=\count91
\c@lotdepth=\count92

****************************************
* Local config file subfigure.cfg used *
****************************************
(/usr/local/texlive/2010/texmf-dist/tex/latex/subfigure/subfigure.cfg)
\subfig@top=\skip48
\subfig@bottom=\skip49
)
(/usr/local/texlive/2010/texmf-dist/tex/latex/tools/array.sty
Package: array 2008/09/09 v2.4c Tabular extension package (FMi)
\col@sep=\dimen110
\extrarowheight=\dimen111
\NC@list=\toks17
\extratabsurround=\skip50
\backup@length=\skip51
)
(/usr/local/texlive/2010/texmf-dist/tex/latex/amsmath/amsmath.sty
Package: amsmath 2000/07/18 v2.13 AMS math features
\@mathmargin=\skip52

For additional information on amsmath, use the `?' option.
(/usr/local/texlive/2010/texmf-dist/tex/latex/amsmath/amstext.sty
Package: amstext 2000/06/29 v2.01

(/usr/local/texlive/2010/texmf-dist/tex/latex/amsmath/amsgen.sty
File: amsgen.sty 1999/11/30 v2.0
\@emptytoks=\toks18
\ex@=\dimen112
))
(/usr/local/texlive/2010/texmf-dist/tex/latex/amsmath/amsbsy.sty
Package: amsbsy 1999/11/29 v1.2d
\pmbraise@=\dimen113
)
(/usr/local/texlive/2010/texmf-dist/tex/latex/amsmath/amsopn.sty
Package: amsopn 1999/12/14 v2.01 operator names
)
\inf@bad=\count93
LaTeX Info: Redefining \frac on input line 211.
\uproot@=\count94
\leftroot@=\count95
LaTeX Info: Redefining \overline on input line 307.
\classnum@=\count96
\DOTSCASE@=\count97
LaTeX Info: Redefining \ldots on input line 379.
LaTeX Info: Redefining \dots on input line 382.
LaTeX Info: Redefining \cdots on input line 467.
\Mathstrutbox@=\box26
\strutbox@=\box27
\big@size=\dimen114
LaTeX Font Info:    Redeclaring font encoding OML on input line 567.
LaTeX Font Info:    Redeclaring font encoding OMS on input line 568.
\macc@depth=\count98
\c@MaxMatrixCols=\count99
\dotsspace@=\muskip10
\c@parentequation=\count100
\dspbrk@lvl=\count101
\tag@help=\toks19
\row@=\count102
\column@=\count103
\maxfields@=\count104
\andhelp@=\toks20
\eqnshift@=\dimen115
\alignsep@=\dimen116
\tagshift@=\dimen117
\tagwidth@=\dimen118
\totwidth@=\dimen119
\lineht@=\dimen120
\@envbody=\toks21
\multlinegap=\skip53
\multlinetaggap=\skip54
\mathdisplay@stack=\toks22
LaTeX Info: Redefining \[ on input line 2666.
LaTeX Info: Redefining \] on input line 2667.
)
(/usr/local/texlive/2010/texmf-dist/tex/latex/amsfonts/amssymb.sty
Package: amssymb 2009/06/22 v3.00

(/usr/local/texlive/2010/texmf-dist/tex/latex/amsfonts/amsfonts.sty
Package: amsfonts 2009/06/22 v3.00 Basic AMSFonts support
\symAMSa=\mathgroup5
\symAMSb=\mathgroup6
LaTeX Font Info:    Overwriting math alphabet `\mathfrak' in version `bold'
(Font)                  U/euf/m/n --> U/euf/b/n on input line 96.
))
(/usr/local/texlive/2010/texmf-dist/tex/latex/amscls/amsthm.sty
Package: amsthm 2004/08/06 v2.20
\thm@style=\toks23
\thm@bodyfont=\toks24
\thm@headfont=\toks25
\thm@notefont=\toks26
\thm@headpunct=\toks27
\thm@preskip=\skip55
\thm@postskip=\skip56
\thm@headsep=\skip57
\dth@everypar=\toks28
)
(/usr/local/texlive/2010/texmf-dist/tex/latex/mh/mathtools.sty
Package: mathtools 2010/07/11 v1.08 mathematical typesetting tools (MH)

(/usr/local/texlive/2010/texmf-dist/tex/latex/tools/calc.sty
Package: calc 2007/08/22 v4.3 Infix arithmetic (KKT,FJ)
\calc@Acount=\count105
\calc@Bcount=\count106
\calc@Adimen=\dimen121
\calc@Bdimen=\dimen122
\calc@Askip=\skip58
\calc@Bskip=\skip59
LaTeX Info: Redefining \setlength on input line 76.
LaTeX Info: Redefining \addtolength on input line 77.
\calc@Ccount=\count107
\calc@Cskip=\skip60
)
(/usr/local/texlive/2010/texmf-dist/tex/latex/mh/mhsetup.sty
Package: mhsetup 2010/01/21 v1.2a programming setup (MH)
)
\g_MT_multlinerow_int=\count108
\l_MT_multwidth_dim=\dimen123
)
(/usr/local/texlive/2010/texmf-dist/tex/latex/url/url.sty
\Urlmuskip=\muskip11
Package: url 2006/04/12  ver 3.3  Verb mode for urls, etc.
)
\c@lemma=\count109
\@indexfile=\write3
\openout3 = `thesis.idx'.


Writing index file thesis.idx
(./thesis.aux)
\openout1 = `thesis.aux'.

LaTeX Font Info:    Checking defaults for OML/cmm/m/it on input line 87.
LaTeX Font Info:    ... okay on input line 87.
LaTeX Font Info:    Checking defaults for T1/cmr/m/n on input line 87.
LaTeX Font Info:    ... okay on input line 87.
LaTeX Font Info:    Checking defaults for OT1/cmr/m/n on input line 87.
LaTeX Font Info:    ... okay on input line 87.
LaTeX Font Info:    Checking defaults for OMS/cmsy/m/n on input line 87.
LaTeX Font Info:    ... okay on input line 87.
LaTeX Font Info:    Checking defaults for OMX/cmex/m/n on input line 87.
LaTeX Font Info:    ... okay on input line 87.
LaTeX Font Info:    Checking defaults for U/cmr/m/n on input line 87.
LaTeX Font Info:    ... okay on input line 87.

(/usr/local/texlive/2010/texmf-dist/tex/context/base/supp-pdf.mkii
[Loading MPS to PDF converter (version 2006.09.02).]
\scratchcounter=\count110
\scratchdimen=\dimen124
\scratchbox=\box28
\nofMPsegments=\count111
\nofMParguments=\count112
\everyMPshowfont=\toks29
\MPscratchCnt=\count113
\MPscratchDim=\dimen125
\MPnumerator=\count114
\everyMPtoPDFconversion=\toks30
) (/usr/local/texlive/2010/texmf-dist/tex/generic/oberdiek/pdftexcmds.sty
Package: pdftexcmds 2010/04/01 v0.9 Utility functions of pdfTeX for LuaTeX (HO)


(/usr/local/texlive/2010/texmf-dist/tex/generic/oberdiek/infwarerr.sty
Package: infwarerr 2010/04/08 v1.3 Providing info/warning/message (HO)
)
(/usr/local/texlive/2010/texmf-dist/tex/generic/oberdiek/ifluatex.sty
Package: ifluatex 2010/03/01 v1.3 Provides the ifluatex switch (HO)
Package ifluatex Info: LuaTeX not detected.
)
(/usr/local/texlive/2010/texmf-dist/tex/generic/oberdiek/ltxcmds.sty
Package: ltxcmds 2010/04/26 v1.7 LaTeX kernel commands for general use (HO)
)
Package pdftexcmds Info: LuaTeX not detected.
Package pdftexcmds Info: \pdf@primitive is available.
Package pdftexcmds Info: \pdf@ifprimitive is available.
)
(/usr/local/texlive/2010/texmf-dist/tex/latex/oberdiek/epstopdf-base.sty
Package: epstopdf-base 2010/02/09 v2.5 Base part for package epstopdf

(/usr/local/texlive/2010/texmf-dist/tex/latex/oberdiek/grfext.sty
Package: grfext 2007/09/30 v1.0 Managing graphics extensions (HO)
)
(/usr/local/texlive/2010/texmf-dist/tex/latex/oberdiek/kvoptions.sty
Package: kvoptions 2010/02/22 v3.7 Keyval support for LaTeX options (HO)

(/usr/local/texlive/2010/texmf-dist/tex/generic/oberdiek/kvsetkeys.sty
Package: kvsetkeys 2010/03/01 v1.9 Key value parser (HO)

(/usr/local/texlive/2010/texmf-dist/tex/generic/oberdiek/etexcmds.sty
Package: etexcmds 2010/01/28 v1.3 Prefix for e-TeX command names (HO)
Package etexcmds Info: Could not find \expanded.
(etexcmds)             That can mean that you are not using pdfTeX 1.50 or
(etexcmds)             that some package has redefined \expanded.
(etexcmds)             In the latter case, load this package earlier.
)))
Package grfext Info: Graphics extension search list:
(grfext)             [.png,.pdf,.jpg,.mps,.jpeg,.jbig2,.jb2,.PNG,.PDF,.JPG,.JPE
G,.JBIG2,.JB2,.eps]
(grfext)             \AppendGraphicsExtensions on input line 436.

(/usr/local/texlive/2010/texmf-dist/tex/latex/latexconfig/epstopdf-sys.cfg
File: epstopdf-sys.cfg 2010/07/13 v1.3 Configuration of (r)epstopdf for TeX Liv
e
))
(./titlepage.tex [1


{/usr/local/texlive/2010/texmf-var/fonts/map/pdftex/updmap/pdftex.map}]) (./fro
ntmatter.tex
LaTeX Font Info:    Try loading font information for OMS+cmr on input line 8.

(/usr/local/texlive/2010/texmf-dist/tex/latex/base/omscmr.fd
File: omscmr.fd 1999/05/25 v2.5h Standard LaTeX font definitions
)
LaTeX Font Info:    Font shape `OMS/cmr/m/n' in size <10.95> not available
(Font)              Font shape `OMS/cmsy/m/n' tried instead on input line 8.
LaTeX Font Info:    Try loading font information for U+lasy on input line 13.

(/usr/local/texlive/2010/texmf-dist/tex/latex/base/ulasy.fd
File: ulasy.fd 1998/08/17 v2.2e LaTeX symbol font definitions
)
LaTeX Font Info:    Try loading font information for U+msa on input line 13.

(/usr/local/texlive/2010/texmf-dist/tex/latex/amsfonts/umsa.fd
File: umsa.fd 2009/06/22 v3.00 AMS symbols A
)
LaTeX Font Info:    Try loading font information for U+msb on input line 13.

(/usr/local/texlive/2010/texmf-dist/tex/latex/amsfonts/umsb.fd
File: umsb.fd 2009/06/22 v3.00 AMS symbols B
) [2]) [3]
[4

] (./dedication.tex) [5] [6

] (./ack.tex) [7

] [8

] (./abstract.tex) [9

]
[10

] (./thesis.toc [11

])
\tf@toc=\write4
\openout4 = `thesis.toc'.

 [12] (./intro.tex
Chapter 1.

Underfull \vbox (badness 1168) has occurred while \output is active []

 [1


]
Overfull \hbox (0.29065pt too wide) in paragraph at lines 30--31
[]\OT1/cmr/m/n/10.95 For so-cial rec-om-men-da-tion we con-duct a per-for-mance
 com-par-i-son be-tween k-nearest
 []

[2]) (./chap2.tex [3] [4

]
Chapter 2.
[5] [6]
Underfull \vbox (badness 2073) has occurred while \output is active []

 [7]
[8] [9]) (./chap3.tex [10]
Chapter 3.
[11

] [12] <linkr_rating.png, id=100, 560.0925pt x 272.01625pt>
File: linkr_rating.png Graphic file (type png)

<use linkr_rating.png> [13]) (./chap4.tex [14 <./linkr_rating.png (PNG copy)>]
Chapter 4.
<Passive-First.png, id=108, 578.16pt x 433.62pt>
File: Passive-First.png Graphic file (type png)
 <use Passive-First.png>
[15

 <./Passive-First.png>]
<first-trial-live-likes.png, id=114, 578.16pt x 433.62pt>
File: first-trial-live-likes.png Graphic file (type png)

<use first-trial-live-likes.png>
<first-trial-live-dislikes.png, id=115, 578.16pt x 433.62pt>
File: first-trial-live-dislikes.png Graphic file (type png)

<use first-trial-live-dislikes.png>

LaTeX Warning: `!h' float specifier changed to `!ht'.

) (./chap5.tex [16 <./first-trial-live-likes.png>] [17 <./first-trial-live-disl
ikes.png>] [18

]
Chapter 5.
[19] [20] [21]
Underfull \vbox (badness 10000) has occurred while \output is active []

 [22]
Underfull \vbox (badness 10000) has occurred while \output is active []

 [23])
(./conclusion.tex [24]
Chapter 6.
) [25

] [26

] (./thesis.bbl
Bib-XRef Warning: No page list for reference `birlutiu-et-al-neuro-10'.
Bib-XRef Warning: No page list for reference `bonilla-et-al-nips-08'.
Bib-XRef Warning: No page list for reference `boutilier02239'.
Bib-XRef Warning: No page list for reference `bradley52324'.
Bib-XRef Warning: No page list for reference `bisim'.
Bib-XRef Warning: No page list for reference `Chajewska00utilitiesas'.
Bib-XRef Warning: No page list for reference `chajewska-et-al-aaai-00'.
Bib-XRef Warning: No page list for reference `chu-Ghahramani-jmlr-05'.
Bib-XRef Warning: No page list for reference `chu-Ghahramani-icml-05'.
Bib-XRef Warning: No page list for reference `conitzer-jair-09'.
Bib-XRef Warning: No page list for reference `conitzer09161'.
Bib-XRef Warning: No page list for reference `socinf'.
Bib-XRef Warning: No page list for reference `brochu-et-al-nips-08'.
[27

]
Bib-XRef Warning: No page list for reference `guo-sanner-aistats-10'.
Bib-XRef Warning: No page list for reference `howard-ieee-66'.
Bib-XRef Warning: No page list for reference `huang-guestrin-nips-09'.
Bib-XRef Warning: No page list for reference `jones-jgo-01'.
Bib-XRef Warning: No page list for reference `kamishima-kdd-03'.
Bib-XRef Warning: No page list for reference `glfm'.
Bib-XRef Warning: No page list for reference `rrmf'.
Bib-XRef Warning: No page list for reference `ste'.
Bib-XRef Warning: No page list for reference `sorec'.
Bib-XRef Warning: No page list for reference `sr'.
Bib-XRef Warning: No page list for reference `candela-rasmussen-jmlr-05'.
Bib-XRef Warning: No page list for reference `tf'.
Bib-XRef Warning: No page list for reference `matchbox'.
Bib-XRef Warning: No page list for reference `viappiani09Regret-basedOptimalRec
ommendationSetsConversational'.
Bib-XRef Warning: No page list for reference `lla'.
[28]
Bib-XRef Warning: No page list for reference `yu-et-al-icml-05'.
)
No file thesis.ind.
[29] (./thesis.aux) ) 
Here is how much of TeX's memory you used:
 3592 strings out of 493747
 48173 string characters out of 3143547
 115204 words of memory out of 3000000
 6738 multiletter control sequences out of 15000+200000
 17978 words of font info for 68 fonts, out of 3000000 for 9000
 714 hyphenation exceptions out of 8191
 38i,24n,24p,1013b,272s stack positions out of 5000i,500n,10000p,200000b,50000s
</usr/local/texlive/2010/texmf-dist/fonts/type1/public/ams
fonts/cm/cmbx10.pfb></usr/local/texlive/2010/texmf-dist/fonts/type1/public/amsf
onts/cm/cmbx12.pfb></usr/local/texlive/2010/texmf-dist/fonts/type1/public/amsfo
nts/cm/cmbx6.pfb></usr/local/texlive/2010/texmf-dist/fonts/type1/public/amsfont
s/cm/cmbx8.pfb></usr/local/texlive/2010/texmf-dist/fonts/type1/public/amsfonts/
cm/cmcsc10.pfb></usr/local/texlive/2010/texmf-dist/fonts/type1/public/amsfonts/
cm/cmex10.pfb></usr/local/texlive/2010/texmf-dist/fonts/type1/public/amsfonts/c
m/cmmi10.pfb></usr/local/texlive/2010/texmf-dist/fonts/type1/public/amsfonts/cm
/cmmi6.pfb></usr/local/texlive/2010/texmf-dist/fonts/type1/public/amsfonts/cm/c
mmi8.pfb></usr/local/texlive/2010/texmf-dist/fonts/type1/public/amsfonts/cm/cmm
i9.pfb></usr/local/texlive/2010/texmf-dist/fonts/type1/public/amsfonts/cm/cmr10
.pfb></usr/local/texlive/2010/texmf-dist/fonts/type1/public/amsfonts/cm/cmr12.p
fb></usr/local/texlive/2010/texmf-dist/fonts/type1/public/amsfonts/cm/cmr17.pfb
></usr/local/texlive/2010/texmf-dist/fonts/type1/public/amsfonts/cm/cmr6.pfb></
usr/local/texlive/2010/texmf-dist/fonts/type1/public/amsfonts/cm/cmr8.pfb></usr
/local/texlive/2010/texmf-dist/fonts/type1/public/amsfonts/cm/cmr9.pfb></usr/lo
cal/texlive/2010/texmf-dist/fonts/type1/public/amsfonts/cm/cmsl10.pfb></usr/loc
al/texlive/2010/texmf-dist/fonts/type1/public/amsfonts/cm/cmsy10.pfb></usr/loca
l/texlive/2010/texmf-dist/fonts/type1/public/amsfonts/cm/cmsy6.pfb></usr/local/
texlive/2010/texmf-dist/fonts/type1/public/amsfonts/cm/cmsy8.pfb></usr/local/te
xlive/2010/texmf-dist/fonts/type1/public/amsfonts/cm/cmti10.pfb></usr/local/tex
live/2010/texmf-dist/fonts/type1/public/amsfonts/cm/cmti8.pfb></usr/local/texli
ve/2010/texmf-dist/fonts/type1/public/amsfonts/symbols/msbm10.pfb>
Output written on thesis.pdf (41 pages, 457191 bytes).
PDF statistics:
 238 PDF objects out of 1000 (max. 8388607)
 163 compressed objects within 2 object streams
 0 named destinations out of 1000 (max. 500000)
 21 words of extra memory for PDF output out of 10000 (max. 10000000)

