This is pdfTeX, Version 3.1415926-2.4-1.40.13 (TeX Live 2012) (format=pdflatex 2012.6.30)  29 JAN 2013 14:14
entering extended mode
 restricted \write18 enabled.
 Source specials enabled.
 %&-line parsing enabled.
**document.tex
(./document.tex
LaTeX2e <2011/06/27>
Babel <v3.8m> and hyphenation patterns for english, dumylang, nohyphenation, ge
rman-x-2012-05-30, ngerman-x-2012-05-30, afrikaans, ancientgreek, ibycus, arabi
c, armenian, basque, bulgarian, catalan, pinyin, coptic, croatian, czech, danis
h, dutch, ukenglish, usenglishmax, esperanto, estonian, ethiopic, farsi, finnis
h, french, friulan, galician, german, ngerman, swissgerman, monogreek, greek, h
ungarian, icelandic, assamese, bengali, gujarati, hindi, kannada, malayalam, ma
rathi, oriya, panjabi, tamil, telugu, indonesian, interlingua, irish, italian, 
kurmanji, latin, latvian, lithuanian, mongolian, mongolianlmc, bokmal, nynorsk,
 polish, portuguese, romanian, romansh, russian, sanskrit, serbian, serbianc, s
lovak, slovenian, spanish, swedish, turkish, turkmen, ukrainian, uppersorbian, 
welsh, loaded.
(/usr/local/texlive/2012/texmf-dist/tex/latex/base/article.cls
Document Class: article 2007/10/19 v1.4h Standard LaTeX document class
(/usr/local/texlive/2012/texmf-dist/tex/latex/base/size10.clo
File: size10.clo 2007/10/19 v1.4h Standard LaTeX file (size option)
)
\c@part=\count79
\c@section=\count80
\c@subsection=\count81
\c@subsubsection=\count82
\c@paragraph=\count83
\c@subparagraph=\count84
\c@figure=\count85
\c@table=\count86
\abovecaptionskip=\skip41
\belowcaptionskip=\skip42
\bibindent=\dimen102
) (./aaai.sty
Conference Style for AAAI for LaTeX 2e -- version of 7 January 2011
\titlebox=\skip43
) (/usr/local/texlive/2012/texmf-dist/tex/latex/psnfss/times.sty
Package: times 2005/04/12 PSNFSS-v9.2a (SPQR) 
)
(/usr/local/texlive/2012/texmf-dist/tex/latex/psnfss/helvet.sty
Package: helvet 2005/04/12 PSNFSS-v9.2a (WaS) 

(/usr/local/texlive/2012/texmf-dist/tex/latex/graphics/keyval.sty
Package: keyval 1999/03/16 v1.13 key=value parser (DPC)
\KV@toks@=\toks14
))
(/usr/local/texlive/2012/texmf-dist/tex/latex/psnfss/courier.sty
Package: courier 2005/04/12 PSNFSS-v9.2a (WaS) 
)
(/usr/local/texlive/2012/texmf-dist/tex/latex/amsmath/amsmath.sty
Package: amsmath 2000/07/18 v2.13 AMS math features
\@mathmargin=\skip44

For additional information on amsmath, use the `?' option.
(/usr/local/texlive/2012/texmf-dist/tex/latex/amsmath/amstext.sty
Package: amstext 2000/06/29 v2.01

(/usr/local/texlive/2012/texmf-dist/tex/latex/amsmath/amsgen.sty
File: amsgen.sty 1999/11/30 v2.0
\@emptytoks=\toks15
\ex@=\dimen103
))
(/usr/local/texlive/2012/texmf-dist/tex/latex/amsmath/amsbsy.sty
Package: amsbsy 1999/11/29 v1.2d
\pmbraise@=\dimen104
)
(/usr/local/texlive/2012/texmf-dist/tex/latex/amsmath/amsopn.sty
Package: amsopn 1999/12/14 v2.01 operator names
)
\inf@bad=\count87
LaTeX Info: Redefining \frac on input line 211.
\uproot@=\count88
\leftroot@=\count89
LaTeX Info: Redefining \overline on input line 307.
\classnum@=\count90
\DOTSCASE@=\count91
LaTeX Info: Redefining \ldots on input line 379.
LaTeX Info: Redefining \dots on input line 382.
LaTeX Info: Redefining \cdots on input line 467.
\Mathstrutbox@=\box26
\strutbox@=\box27
\big@size=\dimen105
LaTeX Font Info:    Redeclaring font encoding OML on input line 567.
LaTeX Font Info:    Redeclaring font encoding OMS on input line 568.
\macc@depth=\count92
\c@MaxMatrixCols=\count93
\dotsspace@=\muskip10
\c@parentequation=\count94
\dspbrk@lvl=\count95
\tag@help=\toks16
\row@=\count96
\column@=\count97
\maxfields@=\count98
\andhelp@=\toks17
\eqnshift@=\dimen106
\alignsep@=\dimen107
\tagshift@=\dimen108
\tagwidth@=\dimen109
\totwidth@=\dimen110
\lineht@=\dimen111
\@envbody=\toks18
\multlinegap=\skip45
\multlinetaggap=\skip46
\mathdisplay@stack=\toks19
LaTeX Info: Redefining \[ on input line 2666.
LaTeX Info: Redefining \] on input line 2667.
)
(/usr/local/texlive/2012/texmf-dist/tex/latex/amsfonts/amsfonts.sty
Package: amsfonts 2009/06/22 v3.00 Basic AMSFonts support
\symAMSa=\mathgroup4
\symAMSb=\mathgroup5
LaTeX Font Info:    Overwriting math alphabet `\mathfrak' in version `bold'
(Font)                  U/euf/m/n --> U/euf/b/n on input line 96.
)
(/usr/local/texlive/2012/texmf-dist/tex/latex/amsfonts/amssymb.sty
Package: amssymb 2009/06/22 v3.00
)
(/usr/local/texlive/2012/texmf-dist/tex/latex/amscls/amsthm.sty
Package: amsthm 2009/07/02 v2.20.1
\thm@style=\toks20
\thm@bodyfont=\toks21
\thm@headfont=\toks22
\thm@notefont=\toks23
\thm@headpunct=\toks24
\thm@preskip=\skip47
\thm@postskip=\skip48
\thm@headsep=\skip49
\dth@everypar=\toks25
)
(/usr/local/texlive/2012/texmf-dist/tex/latex/tools/array.sty
Package: array 2008/09/09 v2.4c Tabular extension package (FMi)
\col@sep=\dimen112
\extrarowheight=\dimen113
\NC@list=\toks26
\extratabsurround=\skip50
\backup@length=\skip51
)
(/usr/local/texlive/2012/texmf-dist/tex/latex/graphics/graphicx.sty
Package: graphicx 1999/02/16 v1.0f Enhanced LaTeX Graphics (DPC,SPQR)

(/usr/local/texlive/2012/texmf-dist/tex/latex/graphics/graphics.sty
Package: graphics 2009/02/05 v1.0o Standard LaTeX Graphics (DPC,SPQR)

(/usr/local/texlive/2012/texmf-dist/tex/latex/graphics/trig.sty
Package: trig 1999/03/16 v1.09 sin cos tan (DPC)
)
(/usr/local/texlive/2012/texmf-dist/tex/latex/latexconfig/graphics.cfg
File: graphics.cfg 2010/04/23 v1.9 graphics configuration of TeX Live
)
Package graphics Info: Driver file: pdftex.def on input line 91.

(/usr/local/texlive/2012/texmf-dist/tex/latex/pdftex-def/pdftex.def
File: pdftex.def 2011/05/27 v0.06d Graphics/color for pdfTeX

(/usr/local/texlive/2012/texmf-dist/tex/generic/oberdiek/infwarerr.sty
Package: infwarerr 2010/04/08 v1.3 Providing info/warning/error messages (HO)
)
(/usr/local/texlive/2012/texmf-dist/tex/generic/oberdiek/ltxcmds.sty
Package: ltxcmds 2011/11/09 v1.22 LaTeX kernel commands for general use (HO)
)
\Gread@gobject=\count99
))
\Gin@req@height=\dimen114
\Gin@req@width=\dimen115
)
(/usr/local/texlive/2012/texmf-dist/tex/latex/oberdiek/epstopdf.sty
Package: epstopdf 2010/02/09 v2.5 Conversion with epstopdf on the fly (HO)

(/usr/local/texlive/2012/texmf-dist/tex/latex/oberdiek/epstopdf-base.sty
Package: epstopdf-base 2010/02/09 v2.5 Base part for package epstopdf

(/usr/local/texlive/2012/texmf-dist/tex/latex/oberdiek/grfext.sty
Package: grfext 2010/08/19 v1.1 Manage graphics extensions (HO)

(/usr/local/texlive/2012/texmf-dist/tex/generic/oberdiek/kvdefinekeys.sty
Package: kvdefinekeys 2011/04/07 v1.3 Define keys (HO)
))
(/usr/local/texlive/2012/texmf-dist/tex/latex/oberdiek/kvoptions.sty
Package: kvoptions 2011/06/30 v3.11 Key value format for package options (HO)

(/usr/local/texlive/2012/texmf-dist/tex/generic/oberdiek/kvsetkeys.sty
Package: kvsetkeys 2012/04/25 v1.16 Key value parser (HO)

(/usr/local/texlive/2012/texmf-dist/tex/generic/oberdiek/etexcmds.sty
Package: etexcmds 2011/02/16 v1.5 Avoid name clashes with e-TeX commands (HO)

(/usr/local/texlive/2012/texmf-dist/tex/generic/oberdiek/ifluatex.sty
Package: ifluatex 2010/03/01 v1.3 Provides the ifluatex switch (HO)
Package ifluatex Info: LuaTeX not detected.
)
Package etexcmds Info: Could not find \expanded.
(etexcmds)             That can mean that you are not using pdfTeX 1.50 or
(etexcmds)             that some package has redefined \expanded.
(etexcmds)             In the latter case, load this package earlier.
)))
(/usr/local/texlive/2012/texmf-dist/tex/generic/oberdiek/pdftexcmds.sty
Package: pdftexcmds 2011/11/29 v0.20 Utility functions of pdfTeX for LuaTeX (HO
)

(/usr/local/texlive/2012/texmf-dist/tex/generic/oberdiek/ifpdf.sty
Package: ifpdf 2011/01/30 v2.3 Provides the ifpdf switch (HO)
Package ifpdf Info: pdfTeX in PDF mode is detected.
)
Package pdftexcmds Info: LuaTeX not detected.
Package pdftexcmds Info: \pdf@primitive is available.
Package pdftexcmds Info: \pdf@ifprimitive is available.
Package pdftexcmds Info: \pdfdraftmode found.
)
Package grfext Info: Graphics extension search list:
(grfext)             [.png,.pdf,.jpg,.mps,.jpeg,.jbig2,.jb2,.PNG,.PDF,.JPG,.JPE
G,.JBIG2,.JB2,.eps]
(grfext)             \AppendGraphicsExtensions on input line 452.

(/usr/local/texlive/2012/texmf-dist/tex/latex/latexconfig/epstopdf-sys.cfg
File: epstopdf-sys.cfg 2010/07/13 v1.3 Configuration of (r)epstopdf for TeX Liv
e
)))
(/usr/local/texlive/2012/texmf-dist/tex/latex/numprint/numprint.sty
Package: numprint 2008/02/17 v1.38 Print numbers (HH)
\c@nprt@mantissa@digitsbefore=\count100
\c@nprt@mantissa@digitsafter=\count101
\c@nprt@exponent@digitsbefore=\count102
\c@nprt@exponent@digitsafter=\count103
\nprt@digitwidth=\skip52
\nprt@sepwidth=\skip53
\nprt@decimalwidth=\skip54
\nprt@blockwidth=\skip55
\nprt@digittoks=\toks27
\nprt@pretoks=\toks28
\nprt@posttoks=\toks29
\nprt@thisdigit=\count104
\nprt@curpos=\count105
\nprt@rndpos=\count106
\c@nprt@digitsfirstblock=\count107
\c@nprt@blockcnt=\count108
\c@nprt@cntprint=\count109

No configuration file `numprint.cfg' found.) (./document.aux)
\openout1 = `document.aux'.

LaTeX Font Info:    Checking defaults for OML/cmm/m/it on input line 44.
LaTeX Font Info:    ... okay on input line 44.
LaTeX Font Info:    Checking defaults for T1/cmr/m/n on input line 44.
LaTeX Font Info:    ... okay on input line 44.
LaTeX Font Info:    Checking defaults for OT1/cmr/m/n on input line 44.
LaTeX Font Info:    ... okay on input line 44.
LaTeX Font Info:    Checking defaults for OMS/cmsy/m/n on input line 44.
LaTeX Font Info:    ... okay on input line 44.
LaTeX Font Info:    Checking defaults for OMX/cmex/m/n on input line 44.
LaTeX Font Info:    ... okay on input line 44.
LaTeX Font Info:    Checking defaults for U/cmr/m/n on input line 44.
LaTeX Font Info:    ... okay on input line 44.
LaTeX Font Info:    Try loading font information for OT1+ptm on input line 44.

(/usr/local/texlive/2012/texmf-dist/tex/latex/psnfss/ot1ptm.fd
File: ot1ptm.fd 2001/06/04 font definitions for OT1/ptm.
)
(/usr/local/texlive/2012/texmf-dist/tex/context/base/supp-pdf.mkii
[Loading MPS to PDF converter (version 2006.09.02).]
\scratchcounter=\count110
\scratchdimen=\dimen116
\scratchbox=\box28
\nofMPsegments=\count111
\nofMParguments=\count112
\everyMPshowfont=\toks30
\MPscratchCnt=\count113
\MPscratchDim=\dimen117
\MPnumerator=\count114
\makeMPintoPDFobject=\count115
\everyMPtoPDFconversion=\toks31
)
LaTeX Font Info:    Font shape `OT1/ptm/bx/n' in size <10> not available
(Font)              Font shape `OT1/ptm/b/n' tried instead on input line 51.
LaTeX Font Info:    Font shape `OT1/ptm/bx/n' in size <12> not available
(Font)              Font shape `OT1/ptm/b/n' tried instead on input line 54.
 (./data-description.tex
LaTeX Font Info:    Try loading font information for U+msa on input line 2.

(/usr/local/texlive/2012/texmf-dist/tex/latex/amsfonts/umsa.fd
File: umsa.fd 2009/06/22 v3.00 AMS symbols A
)
LaTeX Font Info:    Try loading font information for U+msb on input line 2.

(/usr/local/texlive/2012/texmf-dist/tex/latex/amsfonts/umsb.fd
File: umsb.fd 2009/06/22 v3.00 AMS symbols B
)
LaTeX Font Info:    Font shape `OT1/ptm/bx/n' in size <9> not available
(Font)              Font shape `OT1/ptm/b/n' tried instead on input line 75.

Overfull \hbox (18.75471pt too wide) in paragraph at lines 73--98
 [][][] 
 []

) (./methodology.tex
! Missing $ inserted.
<inserted text> 
                $
l.3 X_
      {uij} = \begin{Bmatrix}
I've inserted a begin-math/end-math symbol since I think
you left one out. Proceed, with fingers crossed.

! Missing $ inserted.
<inserted text> 
                $
l.4 True& \ u\ $\epsilon
                        $ \ Member(group_{j})\ \& \\
I've inserted a begin-math/end-math symbol since I think
you left one out. Proceed, with fingers crossed.

! Missing $ inserted.
<inserted text> 
                $
l.4 True& \ u\ $\epsilon$ \ Member(group_
                                         {j})\ \& \\
I've inserted a begin-math/end-math symbol since I think
you left one out. Proceed, with fingers crossed.

! Missing $ inserted.
<inserted text> 
                $
l.5 & \exists v \ $\epsilon
                           $ \ Member(group_{j}) \ likes(v,i) \\
I've inserted a begin-math/end-math symbol since I think
you left one out. Proceed, with fingers crossed.

! Missing $ inserted.
<inserted text> 
                $
l.5 & \exists v \ $\epsilon$ \ Member(group_
                                            {j}) \ likes(v,i) \\
I've inserted a begin-math/end-math symbol since I think
you left one out. Proceed, with fingers crossed.

)
! Missing $ inserted.
<inserted text> 
                $
l.65 
     
I've inserted a begin-math/end-math symbol since I think
you left one out. Proceed, with fingers crossed.


Underfull \hbox (badness 10000) in paragraph at lines 2--65

 []

(./evaluation.tex
LaTeX Font Info:    Try loading font information for OMS+ptm on input line 2.

(/usr/local/texlive/2012/texmf-dist/tex/latex/psnfss/omsptm.fd
File: omsptm.fd 
)
LaTeX Font Info:    Font shape `OMS/ptm/m/n' in size <10> not available
(Font)              Font shape `OMS/cmsy/m/n' tried instead on input line 2.
 [1


{/usr/local/texlive/2012/texmf-var/fonts/map/pdftex/updmap/pdftex.map}]
Underfull \hbox (badness 1406) in paragraph at lines 6--7
[][]\OT1/ptm/m/n/10 For Large so-cial net-works en-cod-ing user's mem-ber-
 []

Package epstopdf Info: Source file: <data/accuracy.eps>
(epstopdf)                    date: 2013-01-27 17:40:10
(epstopdf)                    size: 6365635 bytes
(epstopdf)             Output file: <data/accuracy-eps-converted-to.pdf>
(epstopdf)                    date: 2013-01-28 00:45:52
(epstopdf)                    size: 161340 bytes
(epstopdf)             Command: <repstopdf --outfile=data/accuracy-eps-converte
d-to.pdf data/accuracy.eps>
(epstopdf)             \includegraphics on input line 12.
Package epstopdf Info: Output file is already uptodate.
<data/accuracy-eps-converted-to.pdf, id=13, 1247.66125pt x 437.635pt>
File: data/accuracy-eps-converted-to.pdf Graphic file (type pdf)

<use data/accuracy-eps-converted-to.pdf>
Package pdftex.def Info: data/accuracy-eps-converted-to.pdf used on input line 
12.
(pdftex.def)             Requested size: 284.51921pt x 142.26308pt.

Overfull \hbox (45.12483pt too wide) in paragraph at lines 12--13
 [][][] 
 []

Package epstopdf Info: Source file: <data/CEvsSize.eps>
(epstopdf)                    date: 2013-01-27 23:39:08
(epstopdf)                    size: 5825184 bytes
(epstopdf)             Output file: <data/CEvsSize-eps-converted-to.pdf>
(epstopdf)                    date: 2013-01-28 00:58:45
(epstopdf)                    size: 205988 bytes
(epstopdf)             Command: <repstopdf --outfile=data/CEvsSize-eps-converte
d-to.pdf data/CEvsSize.eps>
(epstopdf)             \includegraphics on input line 19.
Package epstopdf Info: Output file is already uptodate.
<data/CEvsSize-eps-converted-to.pdf, id=14, 1233.60875pt x 405.515pt>
File: data/CEvsSize-eps-converted-to.pdf Graphic file (type pdf)

<use data/CEvsSize-eps-converted-to.pdf>
Package pdftex.def Info: data/CEvsSize-eps-converted-to.pdf used on input line 
19.
(pdftex.def)             Requested size: 284.51462pt x 85.35866pt.

Overfull \hbox (45.12024pt too wide) in paragraph at lines 19--20
 [][][] 
 []

Package epstopdf Info: Source file: <data/cEvsSizeLog.eps>
(epstopdf)                    date: 2013-01-27 23:45:10
(epstopdf)                    size: 6028597 bytes
(epstopdf)             Output file: <data/cEvsSizeLog-eps-converted-to.pdf>
(epstopdf)                    date: 2013-01-28 00:58:46
(epstopdf)                    size: 466523 bytes
(epstopdf)             Command: <repstopdf --outfile=data/cEvsSizeLog-eps-conve
rted-to.pdf data/cEvsSizeLog.eps>
(epstopdf)             \includegraphics on input line 26.
Package epstopdf Info: Output file is already uptodate.
<data/cEvsSizeLog-eps-converted-to.pdf, id=15, 1301.86375pt x 397.485pt>
File: data/cEvsSizeLog-eps-converted-to.pdf Graphic file (type pdf)

<use data/cEvsSizeLog-eps-converted-to.pdf>
Package pdftex.def Info: data/cEvsSizeLog-eps-converted-to.pdf used on input li
ne 26.
(pdftex.def)             Requested size: 284.52376pt x 85.35449pt.

Overfull \hbox (45.12938pt too wide) in paragraph at lines 26--27
 [][][] 
 []


Underfull \vbox (badness 10000) has occurred while \output is active []

Package epstopdf Info: Source file: <data/MIvsSize.eps>
(epstopdf)                    date: 2013-01-27 20:07:55
(epstopdf)                    size: 7533656 bytes
(epstopdf)             Output file: <data/MIvsSize-eps-converted-to.pdf>
(epstopdf)                    date: 2013-01-28 01:01:44
(epstopdf)                    size: 199321 bytes
(epstopdf)             Command: <repstopdf --outfile=data/MIvsSize-eps-converte
d-to.pdf data/MIvsSize.eps>
(epstopdf)             \includegraphics on input line 36.
Package epstopdf Info: Output file is already uptodate.

<data/MIvsSize-eps-converted-to.pdf, id=16, 1610.015pt x 401.5pt>
File: data/MIvsSize-eps-converted-to.pdf Graphic file (type pdf)

<use data/MIvsSize-eps-converted-to.pdf>
Package pdftex.def Info: data/MIvsSize-eps-converted-to.pdf used on input line 
36.
(pdftex.def)             Requested size: 284.50833pt x 85.35896pt.

Overfull \hbox (45.11395pt too wide) in paragraph at lines 36--37
 [][][] 
 []

Package epstopdf Info: Source file: <data/MIvsSizeLog.eps>
(epstopdf)                    date: 2013-01-27 19:55:21
(epstopdf)                    size: 6449992 bytes
(epstopdf)             Output file: <data/MIvsSizeLog-eps-converted-to.pdf>
(epstopdf)                    date: 2013-01-28 01:01:46
(epstopdf)                    size: 186339 bytes
(epstopdf)             Command: <repstopdf --outfile=data/MIvsSizeLog-eps-conve
rted-to.pdf data/MIvsSizeLog.eps>
(epstopdf)             \includegraphics on input line 43.
Package epstopdf Info: Output file is already uptodate.
<data/MIvsSizeLog-eps-converted-to.pdf, id=17, 1554.80875pt x 356.33125pt>
File: data/MIvsSizeLog-eps-converted-to.pdf Graphic file (type pdf)

<use data/MIvsSizeLog-eps-converted-to.pdf>
Package pdftex.def Info: data/MIvsSizeLog-eps-converted-to.pdf used on input li
ne 43.
(pdftex.def)             Requested size: 284.5272pt x 85.35812pt.

Overfull \hbox (45.13283pt too wide) in paragraph at lines 43--44
 [][][] 
 []


Overfull \hbox (8.38257pt too wide) in paragraph at lines 126--178
 [][][] 
 []


Overfull \hbox (6.30353pt too wide) in paragraph at lines 182--234
 [][][] 
 []

) [2 <./data/accuracy-eps-converted-to.pdf> <./data/CEvsSize-eps-converted-to.p
df> <./data/cEvsSizeLog-eps-converted-to.pdf> <./data/MIvsSize-eps-converted-to
.pdf> <./data/MIvsSizeLog-eps-converted-to.pdf>] [3] (./document.aux) ) 
Here is how much of TeX's memory you used:
 2963 strings out of 493488
 41023 string characters out of 3141326
 112535 words of memory out of 3000000
 6194 multiletter control sequences out of 15000+200000
 20166 words of font info for 49 fonts, out of 3000000 for 9000
 957 hyphenation exceptions out of 8191
 42i,8n,23p,434b,229s stack positions out of 5000i,500n,10000p,200000b,50000s
{/usr/lo
cal/texlive/2012/texmf-dist/fonts/enc/dvips/base/8r.enc}</usr/local/texlive/201
2/texmf-dist/fonts/type1/public/amsfonts/cm/cmex10.pfb></usr/local/texlive/2012
/texmf-dist/fonts/type1/public/amsfonts/cm/cmmi10.pfb></usr/local/texlive/2012/
texmf-dist/fonts/type1/public/amsfonts/cm/cmmi7.pfb></usr/local/texlive/2012/te
xmf-dist/fonts/type1/public/amsfonts/cm/cmr10.pfb></usr/local/texlive/2012/texm
f-dist/fonts/type1/public/amsfonts/cm/cmsy10.pfb></usr/local/texlive/2012/texmf
-dist/fonts/type1/urw/times/utmb8a.pfb></usr/local/texlive/2012/texmf-dist/font
s/type1/urw/times/utmr8a.pfb>
Output written on document.pdf (3 pages, 1292973 bytes).
PDF statistics:
 63 PDF objects out of 1000 (max. 8388607)
 40 compressed objects within 1 object stream
 0 named destinations out of 1000 (max. 500000)
 26 words of extra memory for PDF output out of 10000 (max. 10000000)

